<?xml version="1.0" encoding="UTF-8"?>
<testsuite name="org.apache.jmeter.functions.TestEscapeOroRegexpChars" tests="6" skipped="0" failures="0" errors="0" timestamp="2021-02-28T11:36:20" hostname="FI-SWF-MAC-0005" time="0.009">
  <properties/>
  <testcase name="testEscapeWithVars()" classname="org.apache.jmeter.functions.TestEscapeOroRegexpChars" time="0.002"/>
  <testcase name="testEscape2()" classname="org.apache.jmeter.functions.TestEscapeOroRegexpChars" time="0.001"/>
  <testcase name="testNOEscape()" classname="org.apache.jmeter.functions.TestEscapeOroRegexpChars" time="0.0"/>
  <testcase name="testEscapeSpace()" classname="org.apache.jmeter.functions.TestEscapeOroRegexpChars" time="0.001"/>
  <testcase name="testParameterCount()" classname="org.apache.jmeter.functions.TestEscapeOroRegexpChars" time="0.001"/>
  <testcase name="testEscape()" classname="org.apache.jmeter.functions.TestEscapeOroRegexpChars" time="0.001"/>
  <system-out><![CDATA[]]></system-out>
  <system-err><![CDATA[]]></system-err>
</testsuite>
