<?xml version="1.0" encoding="UTF-8"?>
<testsuite name="org.apache.jmeter.functions.TestJavascriptFunctionWithRhino" tests="5" skipped="0" failures="0" errors="0" timestamp="2021-02-28T11:36:22" hostname="FI-SWF-MAC-0005" time="0.425">
  <properties/>
  <testcase name="testSum()" classname="org.apache.jmeter.functions.TestJavascriptFunctionWithRhino" time="0.396"/>
  <testcase name="testParameterCount()" classname="org.apache.jmeter.functions.TestJavascriptFunctionWithRhino" time="0.0"/>
  <testcase name="testReplace1()" classname="org.apache.jmeter.functions.TestJavascriptFunctionWithRhino" time="0.016"/>
  <testcase name="testReplace2()" classname="org.apache.jmeter.functions.TestJavascriptFunctionWithRhino" time="0.007"/>
  <testcase name="testSumVar()" classname="org.apache.jmeter.functions.TestJavascriptFunctionWithRhino" time="0.003"/>
  <system-out><![CDATA[]]></system-out>
  <system-err><![CDATA[]]></system-err>
</testsuite>
