<?xml version="1.0" encoding="UTF-8"?>
<testsuite name="org.apache.jmeter.functions.TestJexl2Function" tests="6" skipped="0" failures="0" errors="0" timestamp="2021-02-28T11:36:23" hostname="FI-SWF-MAC-0005" time="0.207">
  <properties/>
  <testcase name="testSum()" classname="org.apache.jmeter.functions.TestJexl2Function" time="0.192"/>
  <testcase name="testParameterCount()" classname="org.apache.jmeter.functions.TestJexl2Function" time="0.0"/>
  <testcase name="testReplace1()" classname="org.apache.jmeter.functions.TestJexl2Function" time="0.009"/>
  <testcase name="testReplace2()" classname="org.apache.jmeter.functions.TestJexl2Function" time="0.001"/>
  <testcase name="testSumWithVar()" classname="org.apache.jmeter.functions.TestJexl2Function" time="0.002"/>
  <testcase name="testSumVar()" classname="org.apache.jmeter.functions.TestJexl2Function" time="0.0"/>
  <system-out><![CDATA[]]></system-out>
  <system-err><![CDATA[]]></system-err>
</testsuite>
