<?xml version="1.0" encoding="UTF-8"?>
<testsuite name="org.apache.jmeter.functions.TestJavascriptFunction" tests="5" skipped="0" failures="0" errors="0" timestamp="2021-02-28T11:36:19" hostname="FI-SWF-MAC-0005" time="0.771">
  <properties/>
  <testcase name="testSum()" classname="org.apache.jmeter.functions.TestJavascriptFunction" time="0.378"/>
  <testcase name="testParameterCount()" classname="org.apache.jmeter.functions.TestJavascriptFunction" time="0.032"/>
  <testcase name="testReplace1()" classname="org.apache.jmeter.functions.TestJavascriptFunction" time="0.229"/>
  <testcase name="testReplace2()" classname="org.apache.jmeter.functions.TestJavascriptFunction" time="0.047"/>
  <testcase name="testSumVar()" classname="org.apache.jmeter.functions.TestJavascriptFunction" time="0.079"/>
  <system-out><![CDATA[]]></system-out>
  <system-err><![CDATA[Warning: Nashorn engine is planned to be removed from a future JDK release
Warning: Nashorn engine is planned to be removed from a future JDK release
Warning: Nashorn engine is planned to be removed from a future JDK release
Warning: Nashorn engine is planned to be removed from a future JDK release
Warning: Nashorn engine is planned to be removed from a future JDK release
Warning: Nashorn engine is planned to be removed from a future JDK release
Warning: Nashorn engine is planned to be removed from a future JDK release
Warning: Nashorn engine is planned to be removed from a future JDK release
Warning: Nashorn engine is planned to be removed from a future JDK release
]]></system-err>
</testsuite>
