<?xml version="1.0" encoding="UTF-8"?>
<testsuite name="org.apache.jmeter.functions.CSVReadFunctionTest" tests="6" skipped="0" failures="0" errors="0" timestamp="2021-02-28T11:36:22" hostname="FI-SWF-MAC-0005" time="0.058">
  <properties/>
  <testcase name="testCSVParamsFail()" classname="org.apache.jmeter.functions.CSVReadFunctionTest" time="0.001"/>
  <testcase name="testCSValias()" classname="org.apache.jmeter.functions.CSVReadFunctionTest" time="0.004"/>
  <testcase name="CSVBlankLine(Path)" classname="org.apache.jmeter.functions.CSVReadFunctionTest" time="0.007"/>
  <testcase name="CSVRun()" classname="org.apache.jmeter.functions.CSVReadFunctionTest" time="0.003"/>
  <testcase name="concurrentRequestsToSameCsv()" classname="org.apache.jmeter.functions.CSVReadFunctionTest" time="0.003"/>
  <testcase name="testCSVNoFile()" classname="org.apache.jmeter.functions.CSVReadFunctionTest" time="0.002"/>
  <system-out><![CDATA[]]></system-out>
  <system-err><![CDATA[]]></system-err>
</testsuite>
