<?xml version="1.0" encoding="UTF-8"?>
<testsuite name="org.apache.jmeter.functions.TestDigestFunction" tests="9" skipped="0" failures="0" errors="0" timestamp="2021-02-28T11:36:14" hostname="FI-SWF-MAC-0005" time="1.114">
  <properties/>
  <testcase name="testSha1()" classname="org.apache.jmeter.functions.TestDigestFunction" time="1.095"/>
  <testcase name="testSha1Variable()" classname="org.apache.jmeter.functions.TestDigestFunction" time="0.002"/>
  <testcase name="testSha512WithSaltAndSpace()" classname="org.apache.jmeter.functions.TestDigestFunction" time="0.002"/>
  <testcase name="testSha512Error()" classname="org.apache.jmeter.functions.TestDigestFunction" time="0.005"/>
  <testcase name="testParameterCount512()" classname="org.apache.jmeter.functions.TestDigestFunction" time="0.001"/>
  <testcase name="testSha512Variable()" classname="org.apache.jmeter.functions.TestDigestFunction" time="0.001"/>
  <testcase name="testSha512WithSalt()" classname="org.apache.jmeter.functions.TestDigestFunction" time="0.001"/>
  <testcase name="testSha1Error()" classname="org.apache.jmeter.functions.TestDigestFunction" time="0.001"/>
  <testcase name="testSha512WithSaltAndSpaceInBoth()" classname="org.apache.jmeter.functions.TestDigestFunction" time="0.001"/>
  <system-out><![CDATA[]]></system-out>
  <system-err><![CDATA[Warning: Nashorn engine is planned to be removed from a future JDK release
]]></system-err>
</testsuite>
