<?xml version="1.0" encoding="UTF-8"?>
<testsuite name="org.apache.jmeter.functions.TestTimeRandomDateFunction" tests="14" skipped="0" failures="0" errors="0" timestamp="2021-02-28T11:36:20" hostname="FI-SWF-MAC-0005" time="0.363">
  <properties/>
  <testcase name="testInvalidStartDateFormat()" classname="org.apache.jmeter.functions.TestTimeRandomDateFunction" time="0.159"/>
  <testcase name="testInvalidEndDateFormat()" classname="org.apache.jmeter.functions.TestTimeRandomDateFunction" time="0.004"/>
  <testcase name="testEndDateBeforeStartDateNullVariable()" classname="org.apache.jmeter.functions.TestTimeRandomDateFunction" time="0.065"/>
  <testcase name="testFormatDate()" classname="org.apache.jmeter.functions.TestTimeRandomDateFunction" time="0.001"/>
  <testcase name="testEndDateBeforeStartDate()" classname="org.apache.jmeter.functions.TestTimeRandomDateFunction" time="0.002"/>
  <testcase name="testParameterCount()" classname="org.apache.jmeter.functions.TestTimeRandomDateFunction" time="0.0"/>
  <testcase name="testInvalidFormat()" classname="org.apache.jmeter.functions.TestTimeRandomDateFunction" time="0.003"/>
  <testcase name="testFormatDate2()" classname="org.apache.jmeter.functions.TestTimeRandomDateFunction" time="0.001"/>
  <testcase name="testFormatDate3()" classname="org.apache.jmeter.functions.TestTimeRandomDateFunction" time="0.022"/>
  <testcase name="testFrenchFormatDate()" classname="org.apache.jmeter.functions.TestTimeRandomDateFunction" time="0.012"/>
  <testcase name="testDefault()" classname="org.apache.jmeter.functions.TestTimeRandomDateFunction" time="0.001"/>
  <testcase name="testDefault2()" classname="org.apache.jmeter.functions.TestTimeRandomDateFunction" time="0.001"/>
  <testcase name="testEndDateBeforeStartDateWithVariable()" classname="org.apache.jmeter.functions.TestTimeRandomDateFunction" time="0.073"/>
  <testcase name="testEmptyFormatDate()" classname="org.apache.jmeter.functions.TestTimeRandomDateFunction" time="0.005"/>
  <system-out><![CDATA[]]></system-out>
  <system-err><![CDATA[]]></system-err>
</testsuite>
