<?xml version="1.0" encoding="UTF-8"?>
<testsuite name="org.apache.jmeter.functions.TestIsPropDefined" tests="5" skipped="0" failures="0" errors="0" timestamp="2021-02-28T11:36:22" hostname="FI-SWF-MAC-0005" time="0.005">
  <properties/>
  <testcase name="testIsPropDefined()" classname="org.apache.jmeter.functions.TestIsPropDefined" time="0.001"/>
  <testcase name="testIsPropNotDefinedOnlyVarDefined()" classname="org.apache.jmeter.functions.TestIsPropDefined" time="0.0"/>
  <testcase name="testIsPropDefinedError()" classname="org.apache.jmeter.functions.TestIsPropDefined" time="0.001"/>
  <testcase name="testIsPropNotDefined()" classname="org.apache.jmeter.functions.TestIsPropDefined" time="0.001"/>
  <testcase name="testParameterCountIsPropDefined()" classname="org.apache.jmeter.functions.TestIsPropDefined" time="0.001"/>
  <system-out><![CDATA[]]></system-out>
  <system-err><![CDATA[]]></system-err>
</testsuite>
