<?xml version="1.0" encoding="UTF-8"?>
<testsuite name="org.apache.jmeter.functions.TestFileRowColContainer" tests="7" skipped="0" failures="0" errors="0" timestamp="2021-02-28T11:36:15" hostname="FI-SWF-MAC-0005" time="0.047">
  <properties/>
  <testcase name="testrowNum()" classname="org.apache.jmeter.functions.TestFileRowColContainer" time="0.021"/>
  <testcase name="testNull()" classname="org.apache.jmeter.functions.TestFileRowColContainer" time="0.005"/>
  <testcase name="testEmptyCols()" classname="org.apache.jmeter.functions.TestFileRowColContainer" time="0.003"/>
  <testcase name="testColumns()" classname="org.apache.jmeter.functions.TestFileRowColContainer" time="0.002"/>
  <testcase name="testRowNumRelative()" classname="org.apache.jmeter.functions.TestFileRowColContainer" time="0.003"/>
  <testcase name="testColumnsComma()" classname="org.apache.jmeter.functions.TestFileRowColContainer" time="0.002"/>
  <testcase name="testColumnsTab()" classname="org.apache.jmeter.functions.TestFileRowColContainer" time="0.002"/>
  <system-out><![CDATA[]]></system-out>
  <system-err><![CDATA[]]></system-err>
</testsuite>
