<?xml version="1.0" encoding="UTF-8"?>
<testsuite name="org.apache.jmeter.functions.TestRandomFromMultipleVars" tests="4" skipped="0" failures="0" errors="0" timestamp="2021-02-28T11:36:23" hostname="FI-SWF-MAC-0005" time="0.004">
  <properties/>
  <testcase name="test1ExtractionWithOutputVar()" classname="org.apache.jmeter.functions.TestRandomFromMultipleVars" time="0.0"/>
  <testcase name="test1Extraction()" classname="org.apache.jmeter.functions.TestRandomFromMultipleVars" time="0.0"/>
  <testcase name="testExtractionFromMultipleVars()" classname="org.apache.jmeter.functions.TestRandomFromMultipleVars" time="0.001"/>
  <testcase name="testParameterCount()" classname="org.apache.jmeter.functions.TestRandomFromMultipleVars" time="0.0"/>
  <system-out><![CDATA[]]></system-out>
  <system-err><![CDATA[]]></system-err>
</testsuite>
