<?xml version="1.0" encoding="UTF-8"?>
<testsuite name="org.apache.jmeter.functions.TestTimeShiftFunction" tests="12" skipped="0" failures="0" errors="0" timestamp="2021-02-28T11:36:23" hostname="FI-SWF-MAC-0005" time="0.281">
  <properties/>
  <testcase name="testDatePlusOneDayInVariable()" classname="org.apache.jmeter.functions.TestTimeShiftFunction" time="0.007"/>
  <testcase name="testNowWithComplexPeriod()" classname="org.apache.jmeter.functions.TestTimeShiftFunction" time="0.065"/>
  <testcase name="testRandomPeriod()" classname="org.apache.jmeter.functions.TestTimeShiftFunction" time="0.034"/>
  <testcase name="testNowPlusOneDay()" classname="org.apache.jmeter.functions.TestTimeShiftFunction" time="0.002"/>
  <testcase name="testNowPlusOneDayWithLocale()" classname="org.apache.jmeter.functions.TestTimeShiftFunction" time="0.059"/>
  <testcase name="testDatePlusOneDay()" classname="org.apache.jmeter.functions.TestTimeShiftFunction" time="0.003"/>
  <testcase name="testWrongAmountToAdd()" classname="org.apache.jmeter.functions.TestTimeShiftFunction" time="0.005"/>
  <testcase name="testDefault()" classname="org.apache.jmeter.functions.TestTimeShiftFunction" time="0.001"/>
  <testcase name="testDatePlusComplexPeriod()" classname="org.apache.jmeter.functions.TestTimeShiftFunction" time="0.002"/>
  <testcase name="testPotentialBugWithComplexPeriod()" classname="org.apache.jmeter.functions.TestTimeShiftFunction" time="0.002"/>
  <testcase name="testShiftWithTimeZone()" classname="org.apache.jmeter.functions.TestTimeShiftFunction" time="0.057"/>
  <testcase name="testWrongFormatDate()" classname="org.apache.jmeter.functions.TestTimeShiftFunction" time="0.013"/>
  <system-out><![CDATA[]]></system-out>
  <system-err><![CDATA[]]></system-err>
</testsuite>
