<?xml version="1.0" encoding="UTF-8"?>
<testsuite name="org.apache.jmeter.functions.TestIsVarDefined" tests="6" skipped="0" failures="0" errors="0" timestamp="2021-02-28T11:36:23" hostname="FI-SWF-MAC-0005" time="0.059">
  <properties/>
  <testcase name="testIsVarDefined()" classname="org.apache.jmeter.functions.TestIsVarDefined" time="0.0"/>
  <testcase name="testIsVarNotDefinedOnlyPropDefined()" classname="org.apache.jmeter.functions.TestIsVarDefined" time="0.002"/>
  <testcase name="testIsVarDefinedError()" classname="org.apache.jmeter.functions.TestIsVarDefined" time="0.002"/>
  <testcase name="testNoVariablesDefined()" classname="org.apache.jmeter.functions.TestIsVarDefined" time="0.001"/>
  <testcase name="testIsVarNotDefined()" classname="org.apache.jmeter.functions.TestIsVarDefined" time="0.0"/>
  <testcase name="testParameterCountIsPropDefined()" classname="org.apache.jmeter.functions.TestIsVarDefined" time="0.006"/>
  <system-out><![CDATA[]]></system-out>
  <system-err><![CDATA[]]></system-err>
</testsuite>
