<?xml version="1.0" encoding="UTF-8"?>
<testsuite name="org.apache.jmeter.functions.EvalFunctionTest" tests="2" skipped="0" failures="0" errors="0" timestamp="2021-02-28T11:36:22" hostname="FI-SWF-MAC-0005" time="0.002">
  <properties/>
  <testcase name="evalTest1()" classname="org.apache.jmeter.functions.EvalFunctionTest" time="0.002"/>
  <testcase name="evalTest2()" classname="org.apache.jmeter.functions.EvalFunctionTest" time="0.0"/>
  <system-out><![CDATA[]]></system-out>
  <system-err><![CDATA[]]></system-err>
</testsuite>
