<?xml version="1.0" encoding="UTF-8"?>
<testsuite name="org.apache.jmeter.functions.TestJexl3Function" tests="6" skipped="0" failures="0" errors="0" timestamp="2021-02-28T11:36:16" hostname="FI-SWF-MAC-0005" time="0.369">
  <properties/>
  <testcase name="testSum()" classname="org.apache.jmeter.functions.TestJexl3Function" time="0.271"/>
  <testcase name="testParameterCount()" classname="org.apache.jmeter.functions.TestJexl3Function" time="0.0"/>
  <testcase name="testReplace1()" classname="org.apache.jmeter.functions.TestJexl3Function" time="0.017"/>
  <testcase name="testReplace2()" classname="org.apache.jmeter.functions.TestJexl3Function" time="0.072"/>
  <testcase name="testSumWithVar()" classname="org.apache.jmeter.functions.TestJexl3Function" time="0.004"/>
  <testcase name="testSumVar()" classname="org.apache.jmeter.functions.TestJexl3Function" time="0.0"/>
  <system-out><![CDATA[]]></system-out>
  <system-err><![CDATA[]]></system-err>
</testsuite>
