<?xml version="1.0" encoding="UTF-8"?>
<testsuite name="org.apache.jmeter.functions.TestDateTimeConvertFunction" tests="8" skipped="0" failures="0" errors="0" timestamp="2021-02-28T11:36:23" hostname="FI-SWF-MAC-0005" time="0.118">
  <properties/>
  <testcase name="testDateTimeConvert()" classname="org.apache.jmeter.functions.TestDateTimeConvertFunction" time="0.002"/>
  <testcase name="testDateConvertError()" classname="org.apache.jmeter.functions.TestDateTimeConvertFunction" time="0.001"/>
  <testcase name="testDateConvertErrorFormat()" classname="org.apache.jmeter.functions.TestDateTimeConvertFunction" time="0.002"/>
  <testcase name="testDateConvertWithVariable()" classname="org.apache.jmeter.functions.TestDateTimeConvertFunction" time="0.102"/>
  <testcase name="testParameterCount512()" classname="org.apache.jmeter.functions.TestDateTimeConvertFunction" time="0.0"/>
  <testcase name="testDateConvert()" classname="org.apache.jmeter.functions.TestDateTimeConvertFunction" time="0.005"/>
  <testcase name="testDateTimeConvertEpochTime()" classname="org.apache.jmeter.functions.TestDateTimeConvertFunction" time="0.001"/>
  <testcase name="testDateConvertDateError()" classname="org.apache.jmeter.functions.TestDateTimeConvertFunction" time="0.002"/>
  <system-out><![CDATA[]]></system-out>
  <system-err><![CDATA[]]></system-err>
</testsuite>
