<?xml version="1.0" encoding="UTF-8"?>
<testsuite name="org.apache.jmeter.functions.TestChangeCase" tests="8" skipped="0" failures="0" errors="0" timestamp="2021-02-28T11:36:23" hostname="FI-SWF-MAC-0005" time="0.011">
  <properties/>
  <testcase name="testChangeCaseWrongModeIgnore()" classname="org.apache.jmeter.functions.TestChangeCase" time="0.002"/>
  <testcase name="testChangeCaseWrongMode()" classname="org.apache.jmeter.functions.TestChangeCase" time="0.001"/>
  <testcase name="testEmptyMode()" classname="org.apache.jmeter.functions.TestChangeCase" time="0.001"/>
  <testcase name="testChangeCaseCapitalize()" classname="org.apache.jmeter.functions.TestChangeCase" time="0.0"/>
  <testcase name="testChangeCaseError()" classname="org.apache.jmeter.functions.TestChangeCase" time="0.001"/>
  <testcase name="testChangeCaseLower()" classname="org.apache.jmeter.functions.TestChangeCase" time="0.001"/>
  <testcase name="testChangeCase()" classname="org.apache.jmeter.functions.TestChangeCase" time="0.001"/>
  <testcase name="testParameterCountIsPropDefined()" classname="org.apache.jmeter.functions.TestChangeCase" time="0.0"/>
  <system-out><![CDATA[]]></system-out>
  <system-err><![CDATA[]]></system-err>
</testsuite>
