<?xml version="1.0" encoding="UTF-8"?>
<testsuite name="org.apache.jmeter.functions.TestStringtoFile" tests="15" skipped="0" failures="0" errors="0" timestamp="2021-02-28T11:36:23" hostname="FI-SWF-MAC-0005" time="0.169">
  <properties/>
  <testcase name="testWriteToFileWhenDirectoryDoesntExist()" classname="org.apache.jmeter.functions.TestStringtoFile" time="0.003"/>
  <testcase name="testWriteToFileRequiredFilePathIsNull()" classname="org.apache.jmeter.functions.TestStringtoFile" time="0.0"/>
  <testcase name="testWriteToFileIOException(Path)" classname="org.apache.jmeter.functions.TestStringtoFile" time="0.005"/>
  <testcase name="testWriteToFileEncodingNotLegal(Path)" classname="org.apache.jmeter.functions.TestStringtoFile" time="0.076"/>
  <testcase name="testLineBreak(Path)" classname="org.apache.jmeter.functions.TestStringtoFile" time="0.017"/>
  <testcase name="testWriteToFileRequiredStringIsNull(Path)" classname="org.apache.jmeter.functions.TestStringtoFile" time="0.009"/>
  <testcase name="testWriteToFileEncodingNotSupported(Path)" classname="org.apache.jmeter.functions.TestStringtoFile" time="0.025"/>
  <testcase name="testParameterCount()" classname="org.apache.jmeter.functions.TestStringtoFile" time="0.0"/>
  <testcase name="testOverwrite(Path)" classname="org.apache.jmeter.functions.TestStringtoFile" time="0.005"/>
  <testcase name="testWriteToFileWhenDirectoryExist(Path)" classname="org.apache.jmeter.functions.TestStringtoFile" time="0.002"/>
  <testcase name="testWriteToFileOptParamWayToWriteIsNull(Path)" classname="org.apache.jmeter.functions.TestStringtoFile" time="0.003"/>
  <testcase name="testWriteToFile(Path)" classname="org.apache.jmeter.functions.TestStringtoFile" time="0.001"/>
  <testcase name="testAppend(Path)" classname="org.apache.jmeter.functions.TestStringtoFile" time="0.002"/>
  <testcase name="testWriteToFileOptParamEncodingIsNull(Path)" classname="org.apache.jmeter.functions.TestStringtoFile" time="0.002"/>
  <testcase name="testDescription()" classname="org.apache.jmeter.functions.TestStringtoFile" time="0.0"/>
  <system-out><![CDATA[]]></system-out>
  <system-err><![CDATA[]]></system-err>
</testsuite>
