<?xml version="1.0" encoding="UTF-8"?>
<testsuite name="org.apache.jmeter.functions.PackageTest" tests="10" skipped="0" failures="0" errors="0" timestamp="2021-02-28T11:36:24" hostname="FI-SWF-MAC-0005" time="0.375">
  <properties/>
  <testcase name="BSH1" classname="org.apache.jmeter.functions.PackageTest" time="0.246"/>
  <testcase name="XPathtestColumns" classname="org.apache.jmeter.functions.PackageTest" time="0.012"/>
  <testcase name="XPathtestDefault" classname="org.apache.jmeter.functions.PackageTest" time="0.007"/>
  <testcase name="XPathtestNull" classname="org.apache.jmeter.functions.PackageTest" time="0.001"/>
  <testcase name="XPathtestrowNum" classname="org.apache.jmeter.functions.PackageTest" time="0.062"/>
  <testcase name="XPathEmpty" classname="org.apache.jmeter.functions.PackageTest" time="0.004"/>
  <testcase name="XPathFile" classname="org.apache.jmeter.functions.PackageTest" time="0.025"/>
  <testcase name="XPathFile1" classname="org.apache.jmeter.functions.PackageTest" time="0.004"/>
  <testcase name="XPathFile2" classname="org.apache.jmeter.functions.PackageTest" time="0.008"/>
  <testcase name="XPathNoFile" classname="org.apache.jmeter.functions.PackageTest" time="0.001"/>
  <system-out><![CDATA[]]></system-out>
  <system-err><![CDATA[]]></system-err>
</testsuite>
