<?xml version="1.0" encoding="UTF-8"?>
<testsuite name="org.apache.jmeter.functions.TestGroovyFunction" tests="7" skipped="0" failures="0" errors="0" timestamp="2021-02-28T11:36:16" hostname="FI-SWF-MAC-0005" time="2.833">
  <properties/>
  <testcase name="testSum()" classname="org.apache.jmeter.functions.TestGroovyFunction" time="2.08"/>
  <testcase name="testInvalidFileLoading()" classname="org.apache.jmeter.functions.TestGroovyFunction" time="0.002"/>
  <testcase name="testParameterCount()" classname="org.apache.jmeter.functions.TestGroovyFunction" time="0.001"/>
  <testcase name="testReplace1()" classname="org.apache.jmeter.functions.TestGroovyFunction" time="0.234"/>
  <testcase name="testReplace2()" classname="org.apache.jmeter.functions.TestGroovyFunction" time="0.085"/>
  <testcase name="testFileLoading()" classname="org.apache.jmeter.functions.TestGroovyFunction" time="0.387"/>
  <testcase name="testSumVar()" classname="org.apache.jmeter.functions.TestGroovyFunction" time="0.041"/>
  <system-out><![CDATA[]]></system-out>
  <system-err><![CDATA[]]></system-err>
</testsuite>
