<?xml version="1.0" encoding="UTF-8"?>
<testsuite name="org.apache.jmeter.functions.TestSetProperty" tests="3" skipped="0" failures="0" errors="0" timestamp="2021-02-28T11:36:22" hostname="FI-SWF-MAC-0005" time="0.001">
  <properties/>
  <testcase name="testSetPropertyWithReturn()" classname="org.apache.jmeter.functions.TestSetProperty" time="0.0"/>
  <testcase name="testParameterCount()" classname="org.apache.jmeter.functions.TestSetProperty" time="0.001"/>
  <testcase name="testSetPropertyNoReturn()" classname="org.apache.jmeter.functions.TestSetProperty" time="0.0"/>
  <system-out><![CDATA[]]></system-out>
  <system-err><![CDATA[]]></system-err>
</testsuite>
