<?xml version="1.0" encoding="UTF-8"?>
<testsuite name="org.apache.jmeter.util.JSR223TestElementTest" tests="2" skipped="0" failures="0" errors="0" timestamp="2021-02-28T11:35:48" hostname="FI-SWF-MAC-0005" time="0.781">
  <properties/>
  <testcase name="testGetScriptEngineDefault()" classname="org.apache.jmeter.util.JSR223TestElementTest" time="0.014"/>
  <testcase name="testGetScriptEngineJS()" classname="org.apache.jmeter.util.JSR223TestElementTest" time="0.767"/>
  <system-out><![CDATA[]]></system-out>
  <system-err><![CDATA[Warning: Nashorn engine is planned to be removed from a future JDK release
]]></system-err>
</testsuite>
