<?xml version="1.0" encoding="UTF-8"?>
<testsuite name="org.apache.jmeter.testelement.TestNumberProperty" tests="5" skipped="0" failures="0" errors="0" timestamp="2021-02-28T11:35:58" hostname="FI-SWF-MAC-0005" time="0.005">
  <properties/>
  <testcase name="testCompareToPositive()" classname="org.apache.jmeter.testelement.TestNumberProperty" time="0.001"/>
  <testcase name="testCompareToNegative()" classname="org.apache.jmeter.testelement.TestNumberProperty" time="0.0"/>
  <testcase name="testCompareToMinMax()" classname="org.apache.jmeter.testelement.TestNumberProperty" time="0.0"/>
  <testcase name="testDZeroCompareToDZero()" classname="org.apache.jmeter.testelement.TestNumberProperty" time="0.0"/>
  <testcase name="testIZeroCompareToDZero()" classname="org.apache.jmeter.testelement.TestNumberProperty" time="0.0"/>
  <system-out><![CDATA[]]></system-out>
  <system-err><![CDATA[]]></system-err>
</testsuite>
