<?xml version="1.0" encoding="UTF-8"?>
<testsuite name="org.apache.jmeter.report.processor.ApdexSummaryConsumerSpec" tests="1" skipped="0" failures="0" errors="0" timestamp="2021-02-28T11:36:03" hostname="FI-SWF-MAC-0005" time="0.138">
  <properties/>
  <testcase name="createDataResult contains apdex, satisfied, tolerated, key" classname="org.apache.jmeter.report.processor.ApdexSummaryConsumerSpec" time="0.138"/>
  <system-out><![CDATA[]]></system-out>
  <system-err><![CDATA[]]></system-err>
</testsuite>
