<?xml version="1.0" encoding="UTF-8"?>
<testsuite name="org.apache.jmeter.gui.logging.TestGuiLogEventAppender" tests="1" skipped="0" failures="0" errors="0" timestamp="2021-02-28T11:35:57" hostname="FI-SWF-MAC-0005" time="0.003">
  <properties/>
  <testcase name="testSimpleLogging()" classname="org.apache.jmeter.gui.logging.TestGuiLogEventAppender" time="0.003"/>
  <system-out><![CDATA[]]></system-out>
  <system-err><![CDATA[]]></system-err>
</testsuite>
