<?xml version="1.0" encoding="UTF-8"?>
<testsuite name="org.apache.jmeter.engine.DistributedRunnerTest" tests="4" skipped="0" failures="0" errors="0" timestamp="2021-02-28T11:35:59" hostname="FI-SWF-MAC-0005" time="0.039">
  <properties/>
  <testcase name="testFailure1()" classname="org.apache.jmeter.engine.DistributedRunnerTest" time="0.025"/>
  <testcase name="testFailure2()" classname="org.apache.jmeter.engine.DistributedRunnerTest" time="0.004"/>
  <testcase name="testFailure3()" classname="org.apache.jmeter.engine.DistributedRunnerTest" time="0.006"/>
  <testcase name="testSuccess()" classname="org.apache.jmeter.engine.DistributedRunnerTest" time="0.002"/>
  <system-out><![CDATA[]]></system-out>
  <system-err><![CDATA[]]></system-err>
</testsuite>
