<?xml version="1.0" encoding="UTF-8"?>
<testsuite name="org.apache.jmeter.save.TestCSVSaveService" tests="11" skipped="0" failures="0" errors="0" timestamp="2021-02-28T11:35:58" hostname="FI-SWF-MAC-0005" time="0.052">
  <properties/>
  <testcase name="testBlankLine()" classname="org.apache.jmeter.save.TestCSVSaveService" time="0.0"/>
  <testcase name="testSplitBadQuote()" classname="org.apache.jmeter.save.TestCSVSaveService" time="0.001"/>
  <testcase name="testShortFile()" classname="org.apache.jmeter.save.TestCSVSaveService" time="0.0"/>
  <testcase name="testSplitMultiLine()" classname="org.apache.jmeter.save.TestCSVSaveService" time="0.0"/>
  <testcase name="testSplitEmpty()" classname="org.apache.jmeter.save.TestCSVSaveService" time="0.001"/>
  <testcase name="testEmptyFile()" classname="org.apache.jmeter.save.TestCSVSaveService" time="0.0"/>
  <testcase name="testBlankLineQuoted()" classname="org.apache.jmeter.save.TestCSVSaveService" time="0.0"/>
  <testcase name="testSplitUnquoted()" classname="org.apache.jmeter.save.TestCSVSaveService" time="0.0"/>
  <testcase name="testSplitQuoted()" classname="org.apache.jmeter.save.TestCSVSaveService" time="0.001"/>
  <testcase name="testHeader()" classname="org.apache.jmeter.save.TestCSVSaveService" time="0.007"/>
  <testcase name="testSample()" classname="org.apache.jmeter.save.TestCSVSaveService" time="0.039"/>
  <system-out><![CDATA[]]></system-out>
  <system-err><![CDATA[]]></system-err>
</testsuite>
