<?xml version="1.0" encoding="UTF-8"?>
<testsuite name="org.apache.jmeter.report.processor.ErrorsSummaryConsumerTest" tests="2" skipped="0" failures="0" errors="0" timestamp="2021-02-28T11:35:58" hostname="FI-SWF-MAC-0005" time="0.02">
  <properties/>
  <testcase name="testGetErrorKey()" classname="org.apache.jmeter.report.processor.ErrorsSummaryConsumerTest" time="0.017"/>
  <testcase name="testErrorSampleCounter()" classname="org.apache.jmeter.report.processor.ErrorsSummaryConsumerTest" time="0.002"/>
  <system-out><![CDATA[]]></system-out>
  <system-err><![CDATA[]]></system-err>
</testsuite>
