<?xml version="1.0" encoding="UTF-8"?>
<testsuite name="org.apache.jmeter.testelement.property.PackageTest" tests="11" skipped="0" failures="0" errors="0" timestamp="2021-02-28T11:35:58" hostname="FI-SWF-MAC-0005" time="0.028">
  <properties/>
  <testcase name="testStringEquality()" classname="org.apache.jmeter.testelement.property.PackageTest" time="0.0"/>
  <testcase name="testDoubleEquality()" classname="org.apache.jmeter.testelement.property.PackageTest" time="0.001"/>
  <testcase name="testElementProperty()" classname="org.apache.jmeter.testelement.property.PackageTest" time="0.004"/>
  <testcase name="testLongEquality()" classname="org.apache.jmeter.testelement.property.PackageTest" time="0.0"/>
  <testcase name="testMapEquality()" classname="org.apache.jmeter.testelement.property.PackageTest" time="0.0"/>
  <testcase name="testAddingProperties()" classname="org.apache.jmeter.testelement.property.PackageTest" time="0.005"/>
  <testcase name="testBooleanEquality()" classname="org.apache.jmeter.testelement.property.PackageTest" time="0.0"/>
  <testcase name="testStringProperty()" classname="org.apache.jmeter.testelement.property.PackageTest" time="0.001"/>
  <testcase name="testFloatEquality()" classname="org.apache.jmeter.testelement.property.PackageTest" time="0.008"/>
  <testcase name="testNullEquality()" classname="org.apache.jmeter.testelement.property.PackageTest" time="0.001"/>
  <testcase name="testIntegerEquality()" classname="org.apache.jmeter.testelement.property.PackageTest" time="0.0"/>
  <system-out><![CDATA[]]></system-out>
  <system-err><![CDATA[]]></system-err>
</testsuite>
