<?xml version="1.0" encoding="UTF-8"?>
<testsuite name="org.apache.jmeter.testelement.PackageTest" tests="2" skipped="0" failures="0" errors="0" timestamp="2021-02-28T11:35:58" hostname="FI-SWF-MAC-0005" time="0.012">
  <properties/>
  <testcase name="testArguments()" classname="org.apache.jmeter.testelement.PackageTest" time="0.01"/>
  <testcase name="testRecovery()" classname="org.apache.jmeter.testelement.PackageTest" time="0.001"/>
  <system-out><![CDATA[]]></system-out>
  <system-err><![CDATA[]]></system-err>
</testsuite>
