<?xml version="1.0" encoding="UTF-8"?>
<testsuite name="org.apache.jmeter.threads.TestJMeterContextService" tests="1" skipped="0" failures="0" errors="0" timestamp="2021-02-28T11:35:53" hostname="FI-SWF-MAC-0005" time="0.002">
  <properties/>
  <testcase name="testCounts()" classname="org.apache.jmeter.threads.TestJMeterContextService" time="0.002"/>
  <system-out><![CDATA[]]></system-out>
  <system-err><![CDATA[]]></system-err>
</testsuite>
