<?xml version="1.0" encoding="UTF-8"?>
<testsuite name="org.apache.jmeter.util.SecurityProviderLoaderTest" tests="14" skipped="0" failures="0" errors="0" timestamp="2021-02-28T11:35:48" hostname="FI-SWF-MAC-0005" time="10.658">
  <properties/>
  <testcase name="[1] :0:TestConfig, 0" classname="org.apache.jmeter.util.SecurityProviderLoaderTest" time="0.146"/>
  <testcase name="[2] :2:TEST, 2" classname="org.apache.jmeter.util.SecurityProviderLoaderTest" time="0.001"/>
  <testcase name="[3] :3:TEST, 3" classname="org.apache.jmeter.util.SecurityProviderLoaderTest" time="0.001"/>
  <testcase name="[1] " classname="org.apache.jmeter.util.SecurityProviderLoaderTest" time="0.0"/>
  <testcase name="[2] java.lang.Object" classname="org.apache.jmeter.util.SecurityProviderLoaderTest" time="0.01"/>
  <testcase name="[3] org.apache.jmeter.util.SecurityProviderLoaderTest.UnknownProvider" classname="org.apache.jmeter.util.SecurityProviderLoaderTest" time="0.005"/>
  <testcase name="[1] 0" classname="org.apache.jmeter.util.SecurityProviderLoaderTest" time="0.001"/>
  <testcase name="[2] 1" classname="org.apache.jmeter.util.SecurityProviderLoaderTest" time="0.001"/>
  <testcase name="[3] 2" classname="org.apache.jmeter.util.SecurityProviderLoaderTest" time="0.002"/>
  <testcase name="[4] 3" classname="org.apache.jmeter.util.SecurityProviderLoaderTest" time="0.001"/>
  <testcase name="utilityClassTest" classname="org.apache.jmeter.util.SecurityProviderLoaderTest" time="0.003"/>
  <testcase name="addSecurityProvidersViaProperties" classname="org.apache.jmeter.util.SecurityProviderLoaderTest" time="0.002"/>
  <testcase name="addSecurityProviderTestWithConfigForUnconfigurableProvider" classname="org.apache.jmeter.util.SecurityProviderLoaderTest" time="0.001"/>
  <testcase name="addSecurityProviderTest" classname="org.apache.jmeter.util.SecurityProviderLoaderTest" time="0.0"/>
  <system-out><![CDATA[]]></system-out>
  <system-err><![CDATA[Security Provider 'java.lang.Object' could not be installed. - see the log for more information.
Security Provider 'org.apache.jmeter.util.SecurityProviderLoaderTest.UnknownProvider' could not be installed. - see the log for more information.
]]></system-err>
</testsuite>
