<?xml version="1.0" encoding="UTF-8"?>
<testsuite name="org.apache.jmeter.engine.LocalHostTest" tests="2" skipped="0" failures="0" errors="0" timestamp="2021-02-28T11:35:59" hostname="FI-SWF-MAC-0005" time="0.015">
  <properties/>
  <testcase name="testLocalHost()" classname="org.apache.jmeter.engine.LocalHostTest" time="0.003"/>
  <testcase name="testInterfaces()" classname="org.apache.jmeter.engine.LocalHostTest" time="0.012"/>
  <system-out><![CDATA[]]></system-out>
  <system-err><![CDATA[java.rmi.server.hostname=null
FI-SWF-MAC-0005/192.168.1.103
isSiteLocalAddress:true
isAnyLocalAddress:false
isLinkLocalAddress:false
isLoopbackAddress:false
isMulticastAddress:false
localhost/127.0.0.1
isSiteLocalAddress:false
isAnyLocalAddress:false
isLinkLocalAddress:false
isLoopbackAddress:true
isMulticastAddress:false
====================
FI-SWF-MAC-0005/192.168.1.103
isSiteLocalAddress:true
isAnyLocalAddress:false
isLinkLocalAddress:false
isLoopbackAddress:false
isMulticastAddress:false
Interfaces: {name:utun1 (utun1) => [/fe80:0:0:0:f80e:5195:c169:d163%utun1/64 [null]], name:utun0 (utun0) => [/fe80:0:0:0:10b4:1aa2:d715:ffe%utun0/64 [null]], name:llw0 (llw0) => [/fe80:0:0:0:58e7:59ff:fe0f:cc6b%llw0/64 [null]], name:awdl0 (awdl0) => [/fe80:0:0:0:58e7:59ff:fe0f:cc6b%awdl0/64 [null]], name:en0 (en0) => [/fe80:0:0:0:ce7:64b0:97ff:2e27%en0/64 [null], /192.168.1.103/24 [/192.168.1.255]], name:lo0 (lo0) => [/fe80:0:0:0:0:0:0:1%lo0/64 [null], /0:0:0:0:0:0:0:1%lo0/128 [null], /127.0.0.1/8 [null]]}
Choose 192.168.1.103 to talk to external services
java.rmi.server.hostname=null
]]></system-err>
</testsuite>
