<?xml version="1.0" encoding="UTF-8"?>
<testsuite name="org.apache.jmeter.engine.util.FunctionParserSpec" tests="4" skipped="0" failures="0" errors="0" timestamp="2021-02-28T11:36:03" hostname="FI-SWF-MAC-0005" time="0.038">
  <properties/>
  <testcase name="function '${__func()}' gets compiled" classname="org.apache.jmeter.engine.util.FunctionParserSpec" time="0.032"/>
  <testcase name="function '${ __func()}' gets compiled" classname="org.apache.jmeter.engine.util.FunctionParserSpec" time="0.0"/>
  <testcase name="function '${__func() }' gets compiled" classname="org.apache.jmeter.engine.util.FunctionParserSpec" time="0.0"/>
  <testcase name="function '${ __func() }' gets compiled" classname="org.apache.jmeter.engine.util.FunctionParserSpec" time="0.002"/>
  <system-out><![CDATA[]]></system-out>
  <system-err><![CDATA[]]></system-err>
</testsuite>
