<?xml version="1.0" encoding="UTF-8"?>
<testsuite name="org.apache.jmeter.util.TestJMeterUtils" tests="3" skipped="0" failures="0" errors="0" timestamp="2021-02-28T11:35:49" hostname="FI-SWF-MAC-0005" time="0.005">
  <properties/>
  <testcase name="testGesResStringDefaultWithNonExistantKey()" classname="org.apache.jmeter.util.TestJMeterUtils" time="0.001"/>
  <testcase name="testGetResourceFileAsText()" classname="org.apache.jmeter.util.TestJMeterUtils" time="0.003"/>
  <testcase name="testGetResourceFileAsTextWithMisingResource()" classname="org.apache.jmeter.util.TestJMeterUtils" time="0.001"/>
  <system-out><![CDATA[]]></system-out>
  <system-err><![CDATA[]]></system-err>
</testsuite>
