<?xml version="1.0" encoding="UTF-8"?>
<testsuite name="org.apache.jmeter.report.core.SampleMetadataTest" tests="1" skipped="0" failures="0" errors="0" timestamp="2021-02-28T11:35:58" hostname="FI-SWF-MAC-0005" time="0.001">
  <properties/>
  <testcase name="testToString()" classname="org.apache.jmeter.report.core.SampleMetadataTest" time="0.001"/>
  <system-out><![CDATA[]]></system-out>
  <system-err><![CDATA[]]></system-err>
</testsuite>
