<?xml version="1.0" encoding="UTF-8"?>
<testsuite name="org.apache.jmeter.testelement.property.AbstractPropertyTest" tests="6" skipped="0" failures="0" errors="0" timestamp="2021-02-28T11:35:58" hostname="FI-SWF-MAC-0005" time="0.036">
  <properties/>
  <testcase name="testNormalizeListWithEmptyList()" classname="org.apache.jmeter.testelement.property.AbstractPropertyTest" time="0.01"/>
  <testcase name="testNormalizeMapWithFilledHashMap()" classname="org.apache.jmeter.testelement.property.AbstractPropertyTest" time="0.013"/>
  <testcase name="testNormalizeListWithFilledArrayList()" classname="org.apache.jmeter.testelement.property.AbstractPropertyTest" time="0.0"/>
  <testcase name="testNormalizeListWithEmptyMap()" classname="org.apache.jmeter.testelement.property.AbstractPropertyTest" time="0.008"/>
  <testcase name="testNormalizeMapWithEmptyHashMap()" classname="org.apache.jmeter.testelement.property.AbstractPropertyTest" time="0.0"/>
  <testcase name="testNormalizeListWithEmptyArrayList()" classname="org.apache.jmeter.testelement.property.AbstractPropertyTest" time="0.0"/>
  <system-out><![CDATA[]]></system-out>
  <system-err><![CDATA[]]></system-err>
</testsuite>
