<?xml version="1.0" encoding="UTF-8"?>
<testsuite name="org.apache.jorphan.TestXMLBuffer" tests="4" skipped="0" failures="0" errors="0" timestamp="2021-02-28T11:35:59" hostname="FI-SWF-MAC-0005" time="0.005">
  <properties/>
  <testcase name="test1()" classname="org.apache.jorphan.TestXMLBuffer" time="0.001"/>
  <testcase name="test2()" classname="org.apache.jorphan.TestXMLBuffer" time="0.0"/>
  <testcase name="test3()" classname="org.apache.jorphan.TestXMLBuffer" time="0.0"/>
  <testcase name="test4()" classname="org.apache.jorphan.TestXMLBuffer" time="0.001"/>
  <system-out><![CDATA[]]></system-out>
  <system-err><![CDATA[]]></system-err>
</testsuite>
