<?xml version="1.0" encoding="UTF-8"?>
<testsuite name="org.apache.jmeter.threads.TestJMeterThread" tests="3" skipped="0" failures="0" errors="0" timestamp="2021-02-28T11:35:53" hostname="FI-SWF-MAC-0005" time="0.037">
  <properties/>
  <testcase name="testBug61661OnException()" classname="org.apache.jmeter.threads.TestJMeterThread" time="0.01"/>
  <testcase name="testBug63490EndTestWhenDelayIsTooLongForScheduler()" classname="org.apache.jmeter.threads.TestJMeterThread" time="0.025"/>
  <testcase name="testBug61661OnError()" classname="org.apache.jmeter.threads.TestJMeterThread" time="0.001"/>
  <system-out><![CDATA[]]></system-out>
  <system-err><![CDATA[]]></system-err>
</testsuite>
