<?xml version="1.0" encoding="UTF-8"?>
<testsuite name="org.apache.jmeter.report.processor.graph.impl.CustomGraphConsumerTest" tests="6" skipped="0" failures="0" errors="0" timestamp="2021-02-28T11:35:58" hostname="FI-SWF-MAC-0005" time="0.106">
  <properties/>
  <testcase name="testSelectMetric()" classname="org.apache.jmeter.report.processor.graph.impl.CustomGraphConsumerTest" time="0.032"/>
  <testcase name="testGetters()" classname="org.apache.jmeter.report.processor.graph.impl.CustomGraphConsumerTest" time="0.001"/>
  <testcase name="testCreateTimeStampKeysSelector()" classname="org.apache.jmeter.report.processor.graph.impl.CustomGraphConsumerTest" time="0.039"/>
  <testcase name="testCreateGroupInfosExceptions()" classname="org.apache.jmeter.report.processor.graph.impl.CustomGraphConsumerTest" time="0.023"/>
  <testcase name="testInitializeExtraResults()" classname="org.apache.jmeter.report.processor.graph.impl.CustomGraphConsumerTest" time="0.007"/>
  <testcase name="testCreateGroupInfos()" classname="org.apache.jmeter.report.processor.graph.impl.CustomGraphConsumerTest" time="0.001"/>
  <system-out><![CDATA[]]></system-out>
  <system-err><![CDATA[]]></system-err>
</testsuite>
