<?xml version="1.0" encoding="UTF-8"?>
<testsuite name="org.apache.jmeter.testbeans.gui.TestComboStringEditor" tests="2" skipped="0" failures="0" errors="0" timestamp="2021-02-28T11:35:48" hostname="FI-SWF-MAC-0005" time="0.111">
  <properties/>
  <testcase name="testSetGetAsText()" classname="org.apache.jmeter.testbeans.gui.TestComboStringEditor" time="0.011"/>
  <testcase name="testSetGet()" classname="org.apache.jmeter.testbeans.gui.TestComboStringEditor" time="0.098"/>
  <system-out><![CDATA[]]></system-out>
  <system-err><![CDATA[]]></system-err>
</testsuite>
