<?xml version="1.0" encoding="UTF-8"?>
<testsuite name="org.apache.jmeter.report.dashboard.ApdexPerTransactionTest" tests="7" skipped="0" failures="0" errors="0" timestamp="2021-02-28T11:35:58" hostname="FI-SWF-MAC-0005" time="0.04">
  <properties/>
  <testcase name="testSampleNameMatching()" classname="org.apache.jmeter.report.dashboard.ApdexPerTransactionTest" time="0.016"/>
  <testcase name="testGetApdexPerTransactionNoValue()" classname="org.apache.jmeter.report.dashboard.ApdexPerTransactionTest" time="0.001"/>
  <testcase name="testgetApdexPerTransactionProperty()" classname="org.apache.jmeter.report.dashboard.ApdexPerTransactionTest" time="0.015"/>
  <testcase name="testgetApdexPerTransactionPropertySimple()" classname="org.apache.jmeter.report.dashboard.ApdexPerTransactionTest" time="0.003"/>
  <testcase name="testGetApdexPerTransactionParts()" classname="org.apache.jmeter.report.dashboard.ApdexPerTransactionTest" time="0.002"/>
  <testcase name="testGetApdexPerTransactionPartsOneCustomization()" classname="org.apache.jmeter.report.dashboard.ApdexPerTransactionTest" time="0.001"/>
  <testcase name="testGetApdexPerTransactionWrongFormat()" classname="org.apache.jmeter.report.dashboard.ApdexPerTransactionTest" time="0.001"/>
  <system-out><![CDATA[]]></system-out>
  <system-err><![CDATA[]]></system-err>
</testsuite>
