<?xml version="1.0" encoding="UTF-8"?>
<testsuite name="org.apache.jmeter.report.core.TestCsvSampleWriter" tests="5" skipped="0" failures="0" errors="0" timestamp="2021-02-28T11:35:58" hostname="FI-SWF-MAC-0005" time="0.02">
  <properties/>
  <testcase name="testWriteWithoutWriter()" classname="org.apache.jmeter.report.core.TestCsvSampleWriter" time="0.005"/>
  <testcase name="testCsvSampleWriterConstructorWithWriter()" classname="org.apache.jmeter.report.core.TestCsvSampleWriter" time="0.003"/>
  <testcase name="testWrite()" classname="org.apache.jmeter.report.core.TestCsvSampleWriter" time="0.002"/>
  <testcase name="testCsvSampleWriterConstructorWithNull()" classname="org.apache.jmeter.report.core.TestCsvSampleWriter" time="0.005"/>
  <testcase name="testWriteWithoutSample()" classname="org.apache.jmeter.report.core.TestCsvSampleWriter" time="0.003"/>
  <system-out><![CDATA[]]></system-out>
  <system-err><![CDATA[]]></system-err>
</testsuite>
