<?xml version="1.0" encoding="UTF-8"?>
<testsuite name="org.apache.jorphan.reflect.TestFunctor" tests="6" skipped="0" failures="0" errors="0" timestamp="2021-02-28T11:35:59" hostname="FI-SWF-MAC-0005" time="0.051">
  <properties/>
  <testcase name="testClass()" classname="org.apache.jorphan.reflect.TestFunctor" time="0.003"/>
  <testcase name="testName()" classname="org.apache.jorphan.reflect.TestFunctor" time="0.0"/>
  <testcase name="testObjectName()" classname="org.apache.jorphan.reflect.TestFunctor" time="0.035"/>
  <testcase name="testIllegalState()" classname="org.apache.jorphan.reflect.TestFunctor" time="0.004"/>
  <testcase name="testBadParameters()" classname="org.apache.jorphan.reflect.TestFunctor" time="0.002"/>
  <testcase name="testNameTypes()" classname="org.apache.jorphan.reflect.TestFunctor" time="0.0"/>
  <system-out><![CDATA[]]></system-out>
  <system-err><![CDATA[]]></system-err>
</testsuite>
