<?xml version="1.0" encoding="UTF-8"?>
<testsuite name="org.apache.jmeter.threads.TestUnmodifiableJMeterVariables" tests="17" skipped="0" failures="0" errors="0" timestamp="2021-02-28T11:35:53" hostname="FI-SWF-MAC-0005" time="0.026">
  <properties/>
  <testcase name="testGetIteratorIsUnmodifable()" classname="org.apache.jmeter.threads.TestUnmodifiableJMeterVariables" time="0.007"/>
  <testcase name="testGetIterator()" classname="org.apache.jmeter.threads.TestUnmodifiableJMeterVariables" time="0.001"/>
  <testcase name="testGet()" classname="org.apache.jmeter.threads.TestUnmodifiableJMeterVariables" time="0.001"/>
  <testcase name="testPut()" classname="org.apache.jmeter.threads.TestUnmodifiableJMeterVariables" time="0.001"/>
  <testcase name="testEntrySet()" classname="org.apache.jmeter.threads.TestUnmodifiableJMeterVariables" time="0.001"/>
  <testcase name="testEqualsObjectSymmetry()" classname="org.apache.jmeter.threads.TestUnmodifiableJMeterVariables" time="0.001"/>
  <testcase name="testGetIteration()" classname="org.apache.jmeter.threads.TestUnmodifiableJMeterVariables" time="0.0"/>
  <testcase name="testIncIteration()" classname="org.apache.jmeter.threads.TestUnmodifiableJMeterVariables" time="0.002"/>
  <testcase name="testPutObject()" classname="org.apache.jmeter.threads.TestUnmodifiableJMeterVariables" time="0.001"/>
  <testcase name="testGetThreadName()" classname="org.apache.jmeter.threads.TestUnmodifiableJMeterVariables" time="0.001"/>
  <testcase name="testEqualsObjectWithJMeterVariables()" classname="org.apache.jmeter.threads.TestUnmodifiableJMeterVariables" time="0.001"/>
  <testcase name="testPutAllMapOfStringQ()" classname="org.apache.jmeter.threads.TestUnmodifiableJMeterVariables" time="0.001"/>
  <testcase name="testPutAllJMeterVariables()" classname="org.apache.jmeter.threads.TestUnmodifiableJMeterVariables" time="0.001"/>
  <testcase name="testEqualsObjectReflexivity()" classname="org.apache.jmeter.threads.TestUnmodifiableJMeterVariables" time="0.0"/>
  <testcase name="testHashCode()" classname="org.apache.jmeter.threads.TestUnmodifiableJMeterVariables" time="0.0"/>
  <testcase name="testGetObject()" classname="org.apache.jmeter.threads.TestUnmodifiableJMeterVariables" time="0.001"/>
  <testcase name="testRemove()" classname="org.apache.jmeter.threads.TestUnmodifiableJMeterVariables" time="0.001"/>
  <system-out><![CDATA[]]></system-out>
  <system-err><![CDATA[]]></system-err>
</testsuite>
