<?xml version="1.0" encoding="UTF-8"?>
<testsuite name="org.apache.jmeter.listeners.TestResultAction" tests="5" skipped="0" failures="0" errors="0" timestamp="2021-02-28T11:35:59" hostname="FI-SWF-MAC-0005" time="0.008">
  <properties/>
  <testcase name="testOnFailureStopThread()" classname="org.apache.jmeter.listeners.TestResultAction" time="0.004"/>
  <testcase name="testOnFailureStartNextThreadLoop()" classname="org.apache.jmeter.listeners.TestResultAction" time="0.0"/>
  <testcase name="testOnFailureStopTest()" classname="org.apache.jmeter.listeners.TestResultAction" time="0.0"/>
  <testcase name="testOnFailureStopTestNow()" classname="org.apache.jmeter.listeners.TestResultAction" time="0.0"/>
  <testcase name="testSuccess()" classname="org.apache.jmeter.listeners.TestResultAction" time="0.0"/>
  <system-out><![CDATA[]]></system-out>
  <system-err><![CDATA[]]></system-err>
</testsuite>
