<?xml version="1.0" encoding="UTF-8"?>
<testsuite name="org.apache.jmeter.report.processor.Top5ErrorsSummaryDataSpec" tests="5" skipped="0" failures="0" errors="0" timestamp="2021-02-28T11:36:03" hostname="FI-SWF-MAC-0005" time="0.015">
  <properties/>
  <testcase name="error and total count start at 0" classname="org.apache.jmeter.report.processor.Top5ErrorsSummaryDataSpec" time="0.001"/>
  <testcase name="error and total count increment by one each time" classname="org.apache.jmeter.report.processor.Top5ErrorsSummaryDataSpec" time="0.002"/>
  <testcase name="when no errors are registered an array with null values is returned" classname="org.apache.jmeter.report.processor.Top5ErrorsSummaryDataSpec" time="0.004"/>
  <testcase name="error messages with the same frequency are preserved up until the size limit" classname="org.apache.jmeter.report.processor.Top5ErrorsSummaryDataSpec" time="0.003"/>
  <testcase name="error messages are sorted by size, descending" classname="org.apache.jmeter.report.processor.Top5ErrorsSummaryDataSpec" time="0.003"/>
  <system-out><![CDATA[]]></system-out>
  <system-err><![CDATA[]]></system-err>
</testsuite>
