<?xml version="1.0" encoding="UTF-8"?>
<testsuite name="org.apache.jmeter.util.StringUtilitiesTest" tests="5" skipped="0" failures="0" errors="0" timestamp="2021-02-28T11:35:49" hostname="FI-SWF-MAC-0005" time="0.02">
  <properties/>
  <testcase name="testSub1()" classname="org.apache.jmeter.util.StringUtilitiesTest" time="0.011"/>
  <testcase name="testSub2()" classname="org.apache.jmeter.util.StringUtilitiesTest" time="0.003"/>
  <testcase name="testSub3()" classname="org.apache.jmeter.util.StringUtilitiesTest" time="0.001"/>
  <testcase name="testSub4()" classname="org.apache.jmeter.util.StringUtilitiesTest" time="0.002"/>
  <testcase name="testServer()" classname="org.apache.jmeter.util.StringUtilitiesTest" time="0.0"/>
  <system-out><![CDATA[]]></system-out>
  <system-err><![CDATA[]]></system-err>
</testsuite>
