<?xml version="1.0" encoding="UTF-8"?>
<testsuite name="org.apache.jorphan.exec.TestKeyToolUtils" tests="3" skipped="0" failures="0" errors="0" timestamp="2021-02-28T11:36:34" hostname="FI-SWF-MAC-0005" time="26.999">
  <properties/>
  <testcase name="testDNSNameBasedCert()" classname="org.apache.jorphan.exec.TestKeyToolUtils" time="14.776"/>
  <testcase name="testCheckKeytool()" classname="org.apache.jorphan.exec.TestKeyToolUtils" time="0.017"/>
  <testcase name="testIPBasedCert()" classname="org.apache.jorphan.exec.TestKeyToolUtils" time="12.206"/>
  <system-out><![CDATA[]]></system-out>
  <system-err><![CDATA[]]></system-err>
</testsuite>
