<?xml version="1.0" encoding="UTF-8"?>
<testsuite name="org.apache.jorphan.reflect.TestClassTools" tests="4" skipped="0" failures="0" errors="0" timestamp="2021-02-28T11:36:14" hostname="FI-SWF-MAC-0005" time="0.007">
  <properties/>
  <testcase name="testConstructStringString()" classname="org.apache.jorphan.reflect.TestClassTools" time="0.002"/>
  <testcase name="testConstructInt()" classname="org.apache.jorphan.reflect.TestClassTools" time="0.003"/>
  <testcase name="testConstructString()" classname="org.apache.jorphan.reflect.TestClassTools" time="0.001"/>
  <testcase name="testInvoke()" classname="org.apache.jorphan.reflect.TestClassTools" time="0.001"/>
  <system-out><![CDATA[]]></system-out>
  <system-err><![CDATA[]]></system-err>
</testsuite>
