<?xml version="1.0" encoding="UTF-8"?>
<testsuite name="org.apache.jorphan.util.ConverterSpec" tests="58" skipped="0" failures="0" errors="0" timestamp="2021-02-28T11:37:04" hostname="FI-SWF-MAC-0005" time="0.995">
  <properties/>
  <testcase name="convert null to null should give &quot;&quot; when value or type is null" classname="org.apache.jorphan.util.ConverterSpec" time="0.362"/>
  <testcase name="convert anything to null should give &quot;&quot; when value or type is null" classname="org.apache.jorphan.util.ConverterSpec" time="0.001"/>
  <testcase name="convert 23 to null should give &quot;&quot; when value or type is null" classname="org.apache.jorphan.util.ConverterSpec" time="0.0"/>
  <testcase name="convert null to class java.lang.String should give &quot;&quot; when value or type is null" classname="org.apache.jorphan.util.ConverterSpec" time="0.0"/>
  <testcase name="convert null to class java.lang.Number should give &quot;&quot; when value or type is null" classname="org.apache.jorphan.util.ConverterSpec" time="0.001"/>
  <testcase name="convert anything to class java.lang.Object should downcast gracefully and give [anything]" classname="org.apache.jorphan.util.ConverterSpec" time="0.001"/>
  <testcase name="convert 23 to class java.lang.Number should downcast gracefully and give [23]" classname="org.apache.jorphan.util.ConverterSpec" time="0.0"/>
  <testcase name="convert anything to string should give [anything]" classname="org.apache.jorphan.util.ConverterSpec" time="0.0"/>
  <testcase name="convert 23 to string should give [23]" classname="org.apache.jorphan.util.ConverterSpec" time="0.023"/>
  <testcase name="convert 42 to string should give [42]" classname="org.apache.jorphan.util.ConverterSpec" time="0.0"/>
  <testcase name="convert 64.0 to string should give [64.0]" classname="org.apache.jorphan.util.ConverterSpec" time="0.002"/>
  <testcase name="convert 23.0 to number float should give number [23.0]" classname="org.apache.jorphan.util.ConverterSpec" time="0.002"/>
  <testcase name="convert 42.0 to number class java.lang.Float should give number [42.0]" classname="org.apache.jorphan.util.ConverterSpec" time="0.0"/>
  <testcase name="convert 42 to number class java.lang.Float should give number [42.0]" classname="org.apache.jorphan.util.ConverterSpec" time="0.0"/>
  <testcase name="convert 23.0 to number double should give number [23.0]" classname="org.apache.jorphan.util.ConverterSpec" time="0.003"/>
  <testcase name="convert 42.0 to number class java.lang.Double should give number [42.0]" classname="org.apache.jorphan.util.ConverterSpec" time="0.001"/>
  <testcase name="convert 42 to number class java.lang.Double should give number [42.0]" classname="org.apache.jorphan.util.ConverterSpec" time="0.0"/>
  <testcase name="convert 23 to number int should give number [23]" classname="org.apache.jorphan.util.ConverterSpec" time="0.0"/>
  <testcase name="convert 42 to number class java.lang.Integer should give number [42]" classname="org.apache.jorphan.util.ConverterSpec" time="0.0"/>
  <testcase name="convert 42 to number class java.lang.Integer should give number [42]" classname="org.apache.jorphan.util.ConverterSpec" time="0.0"/>
  <testcase name="convert 23 to number long should give number [23]" classname="org.apache.jorphan.util.ConverterSpec" time="0.0"/>
  <testcase name="convert 42 to number class java.lang.Long should give number [42]" classname="org.apache.jorphan.util.ConverterSpec" time="0.0"/>
  <testcase name="convert 42 to number class java.lang.Long should give number [42]" classname="org.apache.jorphan.util.ConverterSpec" time="0.0"/>
  <testcase name="convert invalid to number class java.lang.Float should give number [0.0]" classname="org.apache.jorphan.util.ConverterSpec" time="0.001"/>
  <testcase name="convert invalid to number float should give number [0.0]" classname="org.apache.jorphan.util.ConverterSpec" time="0.0"/>
  <testcase name="convert invalid to number double should give number [0.0]" classname="org.apache.jorphan.util.ConverterSpec" time="0.001"/>
  <testcase name="convert invalid to number class java.lang.Double should give number [0.0]" classname="org.apache.jorphan.util.ConverterSpec" time="0.001"/>
  <testcase name="convert invalid to number int should give number [0]" classname="org.apache.jorphan.util.ConverterSpec" time="0.0"/>
  <testcase name="convert invalid to number class java.lang.Integer should give number [0]" classname="org.apache.jorphan.util.ConverterSpec" time="0.0"/>
  <testcase name="Convert java.lang.String to Class gives class java.lang.String" classname="org.apache.jorphan.util.ConverterSpec" time="0.003"/>
  <testcase name="Convert not.a.valid.class to Class gives not.a.valid.class" classname="org.apache.jorphan.util.ConverterSpec" time="0.011"/>
  <testcase name="Convert '' to class java.lang.Boolean" classname="org.apache.jorphan.util.ConverterSpec" time="0.002"/>
  <testcase name="Convert 'true' to class java.lang.Boolean" classname="org.apache.jorphan.util.ConverterSpec" time="0.0"/>
  <testcase name="Convert 'true' to class java.lang.Boolean" classname="org.apache.jorphan.util.ConverterSpec" time="0.001"/>
  <testcase name="Convert 'false' to class java.lang.Boolean" classname="org.apache.jorphan.util.ConverterSpec" time="0.001"/>
  <testcase name="Convert '' to boolean" classname="org.apache.jorphan.util.ConverterSpec" time="0.0"/>
  <testcase name="Convert 'true' to boolean" classname="org.apache.jorphan.util.ConverterSpec" time="0.0"/>
  <testcase name="Convert 'true' to boolean" classname="org.apache.jorphan.util.ConverterSpec" time="0.0"/>
  <testcase name="Convert 'false' to boolean" classname="org.apache.jorphan.util.ConverterSpec" time="0.0"/>
  <testcase name="Convert 'filename' to class java.io.File" classname="org.apache.jorphan.util.ConverterSpec" time="0.001"/>
  <testcase name="Convert 'filename' to class java.io.File" classname="org.apache.jorphan.util.ConverterSpec" time="0.004"/>
  <testcase name="Convert 'c' to class java.lang.Character" classname="org.apache.jorphan.util.ConverterSpec" time="0.001"/>
  <testcase name="Convert 'c' to char" classname="org.apache.jorphan.util.ConverterSpec" time="0.003"/>
  <testcase name="Convert 'char' to char" classname="org.apache.jorphan.util.ConverterSpec" time="0.0"/>
  <testcase name="Convert '65' to char" classname="org.apache.jorphan.util.ConverterSpec" time="0.0"/>
  <testcase name="Convert '' to char" classname="org.apache.jorphan.util.ConverterSpec" time="0.0"/>
  <testcase name="Convert 'A' to char" classname="org.apache.jorphan.util.ConverterSpec" time="0.001"/>
  <testcase name="Convert '65' to char" classname="org.apache.jorphan.util.ConverterSpec" time="0.0"/>
  <testcase name="Convert '#Error:value' to char" classname="org.apache.jorphan.util.ConverterSpec" time="0.001"/>
  <testcase name="Convert to date from ''" classname="org.apache.jorphan.util.ConverterSpec" time="0.018"/>
  <testcase name="Convert to date from 'Thu Jan 01 02:00:30 EET 1970'" classname="org.apache.jorphan.util.ConverterSpec" time="0.0"/>
  <testcase name="Convert to date from '20/08/2019'" classname="org.apache.jorphan.util.ConverterSpec" time="0.0"/>
  <testcase name="Convert to Calendar from ''" classname="org.apache.jorphan.util.ConverterSpec" time="0.08"/>
  <testcase name="Convert to Calendar from 'Thu Jan 01 02:00:30 EET 1970'" classname="org.apache.jorphan.util.ConverterSpec" time="0.001"/>
  <testcase name="Convert to Calendar from '20/08/2019'" classname="org.apache.jorphan.util.ConverterSpec" time="0.0"/>
  <testcase name="line breaks should be replaced in 'null' to ''" classname="org.apache.jorphan.util.ConverterSpec" time="0.0"/>
  <testcase name="line breaks should be replaced in 'bar' to 'bar'" classname="org.apache.jorphan.util.ConverterSpec" time="0.001"/>
  <testcase name="line breaks should be replaced in '&#10;bar' to 'foobar'" classname="org.apache.jorphan.util.ConverterSpec" time="0.0"/>
  <system-out><![CDATA[]]></system-out>
  <system-err><![CDATA[]]></system-err>
</testsuite>
