<?xml version="1.0" encoding="UTF-8"?>
<testsuite name="org.apache.commons.cli.avalon.ClutilTestCase" tests="37" skipped="0" failures="0" errors="0" timestamp="2021-02-28T11:36:13" hostname="FI-SWF-MAC-0005" time="0.187">
  <properties/>
  <testcase name="testOptionalArgsWithArgShortBeforeOtherOpt()" classname="org.apache.commons.cli.avalon.ClutilTestCase" time="0.093"/>
  <testcase name="testCombinations()" classname="org.apache.commons.cli.avalon.ClutilTestCase" time="0.001"/>
  <testcase name="testOptionalArgsWithArgShortEqualsBeforeOtherOpt()" classname="org.apache.commons.cli.avalon.ClutilTestCase" time="0.0"/>
  <testcase name="testNullDescription()" classname="org.apache.commons.cli.avalon.ClutilTestCase" time="0.023"/>
  <testcase name="testOptionalArgsNoArgShortBeforeOtherOpt()" classname="org.apache.commons.cli.avalon.ClutilTestCase" time="0.003"/>
  <testcase name="testIncomplete2ArgsMixed()" classname="org.apache.commons.cli.avalon.ClutilTestCase" time="0.003"/>
  <testcase name="test2PartPartialParse()" classname="org.apache.commons.cli.avalon.ClutilTestCase" time="0.005"/>
  <testcase name="testDuplicatesFail()" classname="org.apache.commons.cli.avalon.ClutilTestCase" time="0.001"/>
  <testcase name="test2ArgsParse2()" classname="org.apache.commons.cli.avalon.ClutilTestCase" time="0.0"/>
  <testcase name="test2ArgsParse3()" classname="org.apache.commons.cli.avalon.ClutilTestCase" time="0.0"/>
  <testcase name="test2ArgsParse4()" classname="org.apache.commons.cli.avalon.ClutilTestCase" time="0.001"/>
  <testcase name="testOptionalArgLong()" classname="org.apache.commons.cli.avalon.ClutilTestCase" time="0.001"/>
  <testcase name="testPartParse()" classname="org.apache.commons.cli.avalon.ClutilTestCase" time="0.002"/>
  <testcase name="testNullLongForm()" classname="org.apache.commons.cli.avalon.ClutilTestCase" time="0.0"/>
  <testcase name="testFullParse()" classname="org.apache.commons.cli.avalon.ClutilTestCase" time="0.001"/>
  <testcase name="testShortOptArgUnenteredBeforeOtherOpt()" classname="org.apache.commons.cli.avalon.ClutilTestCase" time="0.001"/>
  <testcase name="testSingleArg()" classname="org.apache.commons.cli.avalon.ClutilTestCase" time="0.001"/>
  <testcase name="testIncomplete2Args()" classname="org.apache.commons.cli.avalon.ClutilTestCase" time="0.001"/>
  <testcase name="testIncompatableOptions()" classname="org.apache.commons.cli.avalon.ClutilTestCase" time="0.001"/>
  <testcase name="testCombinedArgs1()" classname="org.apache.commons.cli.avalon.ClutilTestCase" time="0.001"/>
  <testcase name="testCombinedArgs2()" classname="org.apache.commons.cli.avalon.ClutilTestCase" time="0.002"/>
  <testcase name="testCombinedArgs3()" classname="org.apache.commons.cli.avalon.ClutilTestCase" time="0.001"/>
  <testcase name="testCombinedArgs4()" classname="org.apache.commons.cli.avalon.ClutilTestCase" time="0.001"/>
  <testcase name="testDuplicateOptions()" classname="org.apache.commons.cli.avalon.ClutilTestCase" time="0.001"/>
  <testcase name="testOptionalArgLongEquals()" classname="org.apache.commons.cli.avalon.ClutilTestCase" time="0.001"/>
  <testcase name="testSingleArg2()" classname="org.apache.commons.cli.avalon.ClutilTestCase" time="0.001"/>
  <testcase name="testSingleArg3()" classname="org.apache.commons.cli.avalon.ClutilTestCase" time="0.001"/>
  <testcase name="testSingleArg4()" classname="org.apache.commons.cli.avalon.ClutilTestCase" time="0.001"/>
  <testcase name="testSingleArg5()" classname="org.apache.commons.cli.avalon.ClutilTestCase" time="0.001"/>
  <testcase name="testSingleArg6()" classname="org.apache.commons.cli.avalon.ClutilTestCase" time="0.001"/>
  <testcase name="testSingleArg7()" classname="org.apache.commons.cli.avalon.ClutilTestCase" time="0.001"/>
  <testcase name="testSingleArg8()" classname="org.apache.commons.cli.avalon.ClutilTestCase" time="0.0"/>
  <testcase name="test2ArgsParse()" classname="org.apache.commons.cli.avalon.ClutilTestCase" time="0.0"/>
  <testcase name="testOptionalArgWithSpace()" classname="org.apache.commons.cli.avalon.ClutilTestCase" time="0.001"/>
  <testcase name="test2PartParse()" classname="org.apache.commons.cli.avalon.ClutilTestCase" time="0.002"/>
  <testcase name="testIncomplete2ArgsMixedNoEq()" classname="org.apache.commons.cli.avalon.ClutilTestCase" time="0.001"/>
  <testcase name="testArgumentLookup()" classname="org.apache.commons.cli.avalon.ClutilTestCase" time="0.001"/>
  <system-out><![CDATA[]]></system-out>
  <system-err><![CDATA[]]></system-err>
</testsuite>
