<?xml version="1.0" encoding="UTF-8"?>
<testsuite name="org.apache.jorphan.collections.PackageTest" tests="5" skipped="0" failures="0" errors="0" timestamp="2021-02-28T11:37:01" hostname="FI-SWF-MAC-0005" time="0.009">
  <properties/>
  <testcase name="testAddObjectAndTree()" classname="org.apache.jorphan.collections.PackageTest" time="0.001"/>
  <testcase name="testAdd1()" classname="org.apache.jorphan.collections.PackageTest" time="0.001"/>
  <testcase name="testEqualsAndHashCode1()" classname="org.apache.jorphan.collections.PackageTest" time="0.001"/>
  <testcase name="testEqualsAndHashCode2()" classname="org.apache.jorphan.collections.PackageTest" time="0.0"/>
  <testcase name="testSearch()" classname="org.apache.jorphan.collections.PackageTest" time="0.005"/>
  <system-out><![CDATA[]]></system-out>
  <system-err><![CDATA[]]></system-err>
</testsuite>
