<?xml version="1.0" encoding="UTF-8"?>
<testsuite name="org.apache.jorphan.io.TextFileSpec" tests="16" skipped="0" failures="0" errors="0" timestamp="2021-02-28T11:37:05" hostname="FI-SWF-MAC-0005" time="0.29">
  <properties/>
  <testcase name="getText of empty file is empty string" classname="org.apache.jorphan.io.TextFileSpec" time="0.007"/>
  <testcase name="getText returns exact content of file[0]" classname="org.apache.jorphan.io.TextFileSpec" time="0.108"/>
  <testcase name="getText returns exact content of file[1]" classname="org.apache.jorphan.io.TextFileSpec" time="0.003"/>
  <testcase name="getText returns exact content of file with specific charset[0]" classname="org.apache.jorphan.io.TextFileSpec" time="0.017"/>
  <testcase name="getText returns exact content of file with specific charset[1]" classname="org.apache.jorphan.io.TextFileSpec" time="0.001"/>
  <testcase name="getText returns exact content of file with specific charset[2]" classname="org.apache.jorphan.io.TextFileSpec" time="0.001"/>
  <testcase name="getText returns exact content of file with specific charset[3]" classname="org.apache.jorphan.io.TextFileSpec" time="0.001"/>
  <testcase name="setText sets exact content of file[0]" classname="org.apache.jorphan.io.TextFileSpec" time="0.003"/>
  <testcase name="setText sets exact content of file[1]" classname="org.apache.jorphan.io.TextFileSpec" time="0.001"/>
  <testcase name="setText sets exact content of file other charset[0]" classname="org.apache.jorphan.io.TextFileSpec" time="0.013"/>
  <testcase name="setText sets exact content of file other charset[1]" classname="org.apache.jorphan.io.TextFileSpec" time="0.002"/>
  <testcase name="setText sets exact content of file other charset[2]" classname="org.apache.jorphan.io.TextFileSpec" time="0.002"/>
  <testcase name="setText sets exact content of file other charset[3]" classname="org.apache.jorphan.io.TextFileSpec" time="0.001"/>
  <testcase name="getText throws exception with invalid encoding[0]" classname="org.apache.jorphan.io.TextFileSpec" time="0.016"/>
  <testcase name="getText throws exception with invalid encoding[1]" classname="org.apache.jorphan.io.TextFileSpec" time="0.019"/>
  <testcase name="getText throws exception with invalid encoding[2]" classname="org.apache.jorphan.io.TextFileSpec" time="0.004"/>
  <system-out><![CDATA[]]></system-out>
  <system-err><![CDATA[]]></system-err>
</testsuite>
