<?xml version="1.0" encoding="UTF-8"?>
<testsuite name="org.apache.jorphan.util.TestConverter" tests="8" skipped="0" failures="0" errors="0" timestamp="2021-02-28T11:36:14" hostname="FI-SWF-MAC-0005" time="0.046">
  <properties/>
  <testcase name="testGetCalendarObjectCalendarWithTimeAndNullDefault()" classname="org.apache.jorphan.util.TestConverter" time="0.028"/>
  <testcase name="testGetDateObjectDateWithNullAndDateAsDefault()" classname="org.apache.jorphan.util.TestConverter" time="0.0"/>
  <testcase name="testGetDateObjectDateWithInvalidStringAndNullDefault()" classname="org.apache.jorphan.util.TestConverter" time="0.004"/>
  <testcase name="testGetCalendarObjectCalendarWithInvalidStringAndNullDefault()" classname="org.apache.jorphan.util.TestConverter" time="0.001"/>
  <testcase name="testGetCalendarObjectCalendarWithNullAndCalendarAsDefault()" classname="org.apache.jorphan.util.TestConverter" time="0.001"/>
  <testcase name="testGetCalendarObjectCalendarWithValidStringAndNullDefault()" classname="org.apache.jorphan.util.TestConverter" time="0.006"/>
  <testcase name="testGetDateObjectDateWithTimeAndNullDefault()" classname="org.apache.jorphan.util.TestConverter" time="0.0"/>
  <testcase name="testGetDateObjectDateWithValidStringAndNullDefault()" classname="org.apache.jorphan.util.TestConverter" time="0.003"/>
  <system-out><![CDATA[]]></system-out>
  <system-err><![CDATA[]]></system-err>
</testsuite>
