<?xml version="1.0" encoding="UTF-8"?>
<testsuite name="org.apache.jorphan.gui.ObjectTableSorterTest" tests="26" skipped="0" failures="0" errors="0" timestamp="2021-02-28T11:36:15" hostname="FI-SWF-MAC-0005" time="0.253">
  <properties/>
  <testcase name="toggleSortOrder_0_0_0()" classname="org.apache.jorphan.gui.ObjectTableSorterTest" time="0.173"/>
  <testcase name="sortValueDescending()" classname="org.apache.jorphan.gui.ObjectTableSorterTest" time="0.004"/>
  <testcase name="setSortKeys_withSortedThenUnsorted()" classname="org.apache.jorphan.gui.ObjectTableSorterTest" time="0.001"/>
  <testcase name="noSorting()" classname="org.apache.jorphan.gui.ObjectTableSorterTest" time="0.0"/>
  <testcase name="setSortKeys_invalidColumn()" classname="org.apache.jorphan.gui.ObjectTableSorterTest" time="0.0"/>
  <testcase name="toggleSortOrder_0_0()" classname="org.apache.jorphan.gui.ObjectTableSorterTest" time="0.0"/>
  <testcase name="toggleSortOrder_0_1()" classname="org.apache.jorphan.gui.ObjectTableSorterTest" time="0.0"/>
  <testcase name="toggleSortOrder_0_2()" classname="org.apache.jorphan.gui.ObjectTableSorterTest" time="0.0"/>
  <testcase name="sortValueAscending()" classname="org.apache.jorphan.gui.ObjectTableSorterTest" time="0.024"/>
  <testcase name="sortKeyAscending()" classname="org.apache.jorphan.gui.ObjectTableSorterTest" time="0.002"/>
  <testcase name="fixLastRowWithAscendingKey()" classname="org.apache.jorphan.gui.ObjectTableSorterTest" time="0.004"/>
  <testcase name="sortKeyDescending()" classname="org.apache.jorphan.gui.ObjectTableSorterTest" time="0.001"/>
  <testcase name="setSortKeys_many()" classname="org.apache.jorphan.gui.ObjectTableSorterTest" time="0.001"/>
  <testcase name="setSortKeys_none()" classname="org.apache.jorphan.gui.ObjectTableSorterTest" time="0.001"/>
  <testcase name="fixLastRowWithDescendingKey()" classname="org.apache.jorphan.gui.ObjectTableSorterTest" time="0.007"/>
  <testcase name="getDefaultComparatorForStringClass()" classname="org.apache.jorphan.gui.ObjectTableSorterTest" time="0.002"/>
  <testcase name="getDefaultComparatorForIntegerClass()" classname="org.apache.jorphan.gui.ObjectTableSorterTest" time="0.001"/>
  <testcase name="fixLastRowWithAscendingValue()" classname="org.apache.jorphan.gui.ObjectTableSorterTest" time="0.001"/>
  <testcase name="getDefaultComparatorForObjectClass()" classname="org.apache.jorphan.gui.ObjectTableSorterTest" time="0.002"/>
  <testcase name="fixLastRowWithDescendingValue()" classname="org.apache.jorphan.gui.ObjectTableSorterTest" time="0.004"/>
  <testcase name="setSortKeys_single()" classname="org.apache.jorphan.gui.ObjectTableSorterTest" time="0.004"/>
  <testcase name="getDefaultComparatorForNullClass()" classname="org.apache.jorphan.gui.ObjectTableSorterTest" time="0.001"/>
  <testcase name="toggleSortOrder_0()" classname="org.apache.jorphan.gui.ObjectTableSorterTest" time="0.0"/>
  <testcase name="toggleSortOrder_2()" classname="org.apache.jorphan.gui.ObjectTableSorterTest" time="0.0"/>
  <testcase name="customKeyOrder()" classname="org.apache.jorphan.gui.ObjectTableSorterTest" time="0.003"/>
  <testcase name="toggleSortOrder_none()" classname="org.apache.jorphan.gui.ObjectTableSorterTest" time="0.0"/>
  <system-out><![CDATA[]]></system-out>
  <system-err><![CDATA[]]></system-err>
</testsuite>
