<?xml version="1.0" encoding="UTF-8"?>
<testsuite name="org.apache.jmeter.save.TestSaveService" tests="5" skipped="0" failures="0" errors="0" timestamp="2021-02-28T11:39:08" hostname="FI-SWF-MAC-0005" time="0.73">
  <properties/>
  <testcase name="testLoadAndSave()" classname="org.apache.jmeter.save.TestSaveService" time="0.633"/>
  <testcase name="testPROPVERSION()" classname="org.apache.jmeter.save.TestSaveService" time="0.001"/>
  <testcase name="testLoad()" classname="org.apache.jmeter.save.TestSaveService" time="0.091"/>
  <testcase name="testFILEVERSION()" classname="org.apache.jmeter.save.TestSaveService" time="0.001"/>
  <testcase name="testClasses()" classname="org.apache.jmeter.save.TestSaveService" time="0.002"/>
  <system-out><![CDATA[]]></system-out>
  <system-err><![CDATA[]]></system-err>
</testsuite>
