<?xml version="1.0" encoding="UTF-8"?>
<testsuite name="org.apache.jmeter.functions.ComponentReferenceFunctionTest" tests="100" skipped="0" failures="0" errors="0" timestamp="2021-02-28T11:39:26" hostname="FI-SWF-MAC-0005" time="0.054">
  <properties/>
  <testcase name="createFunctionSetnull" classname="org.apache.jmeter.functions.ComponentReferenceFunctionTest" time="0.027"/>
  <testcase name="runFunction class org.apache.jmeter.functions.BeanShell" classname="org.apache.jmeter.functions.ComponentReferenceFunctionTest" time="0.0"/>
  <testcase name="runFunction2 class org.apache.jmeter.functions.BeanShell" classname="org.apache.jmeter.functions.ComponentReferenceFunctionTest" time="0.0"/>
  <testcase name="runFunction class org.apache.jmeter.functions.CSVRead" classname="org.apache.jmeter.functions.ComponentReferenceFunctionTest" time="0.0"/>
  <testcase name="runFunction2 class org.apache.jmeter.functions.CSVRead" classname="org.apache.jmeter.functions.ComponentReferenceFunctionTest" time="0.0"/>
  <testcase name="runFunction class org.apache.jmeter.functions.ChangeCase" classname="org.apache.jmeter.functions.ComponentReferenceFunctionTest" time="0.0"/>
  <testcase name="runFunction2 class org.apache.jmeter.functions.ChangeCase" classname="org.apache.jmeter.functions.ComponentReferenceFunctionTest" time="0.0"/>
  <testcase name="runFunction class org.apache.jmeter.functions.CharFunction" classname="org.apache.jmeter.functions.ComponentReferenceFunctionTest" time="0.0"/>
  <testcase name="runFunction2 class org.apache.jmeter.functions.CharFunction" classname="org.apache.jmeter.functions.ComponentReferenceFunctionTest" time="0.0"/>
  <testcase name="runFunction class org.apache.jmeter.functions.DateTimeConvertFunction" classname="org.apache.jmeter.functions.ComponentReferenceFunctionTest" time="0.0"/>
  <testcase name="runFunction2 class org.apache.jmeter.functions.DateTimeConvertFunction" classname="org.apache.jmeter.functions.ComponentReferenceFunctionTest" time="0.0"/>
  <testcase name="runFunction class org.apache.jmeter.functions.DigestEncodeFunction" classname="org.apache.jmeter.functions.ComponentReferenceFunctionTest" time="0.0"/>
  <testcase name="runFunction2 class org.apache.jmeter.functions.DigestEncodeFunction" classname="org.apache.jmeter.functions.ComponentReferenceFunctionTest" time="0.0"/>
  <testcase name="runFunction class org.apache.jmeter.functions.EscapeHtml" classname="org.apache.jmeter.functions.ComponentReferenceFunctionTest" time="0.002"/>
  <testcase name="runFunction2 class org.apache.jmeter.functions.EscapeHtml" classname="org.apache.jmeter.functions.ComponentReferenceFunctionTest" time="0.0"/>
  <testcase name="runFunction class org.apache.jmeter.functions.EscapeOroRegexpChars" classname="org.apache.jmeter.functions.ComponentReferenceFunctionTest" time="0.0"/>
  <testcase name="runFunction2 class org.apache.jmeter.functions.EscapeOroRegexpChars" classname="org.apache.jmeter.functions.ComponentReferenceFunctionTest" time="0.0"/>
  <testcase name="runFunction class org.apache.jmeter.functions.EscapeXml" classname="org.apache.jmeter.functions.ComponentReferenceFunctionTest" time="0.0"/>
  <testcase name="runFunction2 class org.apache.jmeter.functions.EscapeXml" classname="org.apache.jmeter.functions.ComponentReferenceFunctionTest" time="0.0"/>
  <testcase name="runFunction class org.apache.jmeter.functions.EvalFunction" classname="org.apache.jmeter.functions.ComponentReferenceFunctionTest" time="0.0"/>
  <testcase name="runFunction2 class org.apache.jmeter.functions.EvalFunction" classname="org.apache.jmeter.functions.ComponentReferenceFunctionTest" time="0.001"/>
  <testcase name="runFunction class org.apache.jmeter.functions.EvalVarFunction" classname="org.apache.jmeter.functions.ComponentReferenceFunctionTest" time="0.0"/>
  <testcase name="runFunction2 class org.apache.jmeter.functions.EvalVarFunction" classname="org.apache.jmeter.functions.ComponentReferenceFunctionTest" time="0.0"/>
  <testcase name="runFunction class org.apache.jmeter.functions.FileToString" classname="org.apache.jmeter.functions.ComponentReferenceFunctionTest" time="0.001"/>
  <testcase name="runFunction2 class org.apache.jmeter.functions.FileToString" classname="org.apache.jmeter.functions.ComponentReferenceFunctionTest" time="0.0"/>
  <testcase name="runFunction class org.apache.jmeter.functions.Groovy" classname="org.apache.jmeter.functions.ComponentReferenceFunctionTest" time="0.0"/>
  <testcase name="runFunction2 class org.apache.jmeter.functions.Groovy" classname="org.apache.jmeter.functions.ComponentReferenceFunctionTest" time="0.0"/>
  <testcase name="runFunction class org.apache.jmeter.functions.IntSum" classname="org.apache.jmeter.functions.ComponentReferenceFunctionTest" time="0.0"/>
  <testcase name="runFunction2 class org.apache.jmeter.functions.IntSum" classname="org.apache.jmeter.functions.ComponentReferenceFunctionTest" time="0.0"/>
  <testcase name="runFunction class org.apache.jmeter.functions.IsPropDefined" classname="org.apache.jmeter.functions.ComponentReferenceFunctionTest" time="0.0"/>
  <testcase name="runFunction2 class org.apache.jmeter.functions.IsPropDefined" classname="org.apache.jmeter.functions.ComponentReferenceFunctionTest" time="0.0"/>
  <testcase name="runFunction class org.apache.jmeter.functions.IsVarDefined" classname="org.apache.jmeter.functions.ComponentReferenceFunctionTest" time="0.0"/>
  <testcase name="runFunction2 class org.apache.jmeter.functions.IsVarDefined" classname="org.apache.jmeter.functions.ComponentReferenceFunctionTest" time="0.0"/>
  <testcase name="runFunction class org.apache.jmeter.functions.IterationCounter" classname="org.apache.jmeter.functions.ComponentReferenceFunctionTest" time="0.0"/>
  <testcase name="runFunction2 class org.apache.jmeter.functions.IterationCounter" classname="org.apache.jmeter.functions.ComponentReferenceFunctionTest" time="0.0"/>
  <testcase name="runFunction class org.apache.jmeter.functions.JavaScript" classname="org.apache.jmeter.functions.ComponentReferenceFunctionTest" time="0.0"/>
  <testcase name="runFunction2 class org.apache.jmeter.functions.JavaScript" classname="org.apache.jmeter.functions.ComponentReferenceFunctionTest" time="0.0"/>
  <testcase name="runFunction class org.apache.jmeter.functions.Jexl2Function" classname="org.apache.jmeter.functions.ComponentReferenceFunctionTest" time="0.0"/>
  <testcase name="runFunction2 class org.apache.jmeter.functions.Jexl2Function" classname="org.apache.jmeter.functions.ComponentReferenceFunctionTest" time="0.0"/>
  <testcase name="runFunction class org.apache.jmeter.functions.Jexl3Function" classname="org.apache.jmeter.functions.ComponentReferenceFunctionTest" time="0.0"/>
  <testcase name="runFunction2 class org.apache.jmeter.functions.Jexl3Function" classname="org.apache.jmeter.functions.ComponentReferenceFunctionTest" time="0.0"/>
  <testcase name="runFunction class org.apache.jmeter.functions.LogFunction" classname="org.apache.jmeter.functions.ComponentReferenceFunctionTest" time="0.0"/>
  <testcase name="runFunction2 class org.apache.jmeter.functions.LogFunction" classname="org.apache.jmeter.functions.ComponentReferenceFunctionTest" time="0.0"/>
  <testcase name="runFunction class org.apache.jmeter.functions.LogFunction2" classname="org.apache.jmeter.functions.ComponentReferenceFunctionTest" time="0.0"/>
  <testcase name="runFunction2 class org.apache.jmeter.functions.LogFunction2" classname="org.apache.jmeter.functions.ComponentReferenceFunctionTest" time="0.0"/>
  <testcase name="runFunction class org.apache.jmeter.functions.LongSum" classname="org.apache.jmeter.functions.ComponentReferenceFunctionTest" time="0.0"/>
  <testcase name="runFunction2 class org.apache.jmeter.functions.LongSum" classname="org.apache.jmeter.functions.ComponentReferenceFunctionTest" time="0.0"/>
  <testcase name="runFunction class org.apache.jmeter.functions.MachineIP" classname="org.apache.jmeter.functions.ComponentReferenceFunctionTest" time="0.0"/>
  <testcase name="runFunction2 class org.apache.jmeter.functions.MachineIP" classname="org.apache.jmeter.functions.ComponentReferenceFunctionTest" time="0.0"/>
  <testcase name="runFunction class org.apache.jmeter.functions.MachineName" classname="org.apache.jmeter.functions.ComponentReferenceFunctionTest" time="0.0"/>
  <testcase name="runFunction2 class org.apache.jmeter.functions.MachineName" classname="org.apache.jmeter.functions.ComponentReferenceFunctionTest" time="0.0"/>
  <testcase name="runFunction class org.apache.jmeter.functions.Property" classname="org.apache.jmeter.functions.ComponentReferenceFunctionTest" time="0.0"/>
  <testcase name="runFunction2 class org.apache.jmeter.functions.Property" classname="org.apache.jmeter.functions.ComponentReferenceFunctionTest" time="0.0"/>
  <testcase name="runFunction class org.apache.jmeter.functions.Property2" classname="org.apache.jmeter.functions.ComponentReferenceFunctionTest" time="0.0"/>
  <testcase name="runFunction2 class org.apache.jmeter.functions.Property2" classname="org.apache.jmeter.functions.ComponentReferenceFunctionTest" time="0.0"/>
  <testcase name="runFunction class org.apache.jmeter.functions.Random" classname="org.apache.jmeter.functions.ComponentReferenceFunctionTest" time="0.0"/>
  <testcase name="runFunction2 class org.apache.jmeter.functions.Random" classname="org.apache.jmeter.functions.ComponentReferenceFunctionTest" time="0.0"/>
  <testcase name="runFunction class org.apache.jmeter.functions.RandomDate" classname="org.apache.jmeter.functions.ComponentReferenceFunctionTest" time="0.0"/>
  <testcase name="runFunction2 class org.apache.jmeter.functions.RandomDate" classname="org.apache.jmeter.functions.ComponentReferenceFunctionTest" time="0.0"/>
  <testcase name="runFunction class org.apache.jmeter.functions.RandomFromMultipleVars" classname="org.apache.jmeter.functions.ComponentReferenceFunctionTest" time="0.0"/>
  <testcase name="runFunction2 class org.apache.jmeter.functions.RandomFromMultipleVars" classname="org.apache.jmeter.functions.ComponentReferenceFunctionTest" time="0.0"/>
  <testcase name="runFunction class org.apache.jmeter.functions.RandomString" classname="org.apache.jmeter.functions.ComponentReferenceFunctionTest" time="0.0"/>
  <testcase name="runFunction2 class org.apache.jmeter.functions.RandomString" classname="org.apache.jmeter.functions.ComponentReferenceFunctionTest" time="0.0"/>
  <testcase name="runFunction class org.apache.jmeter.functions.RegexFunction" classname="org.apache.jmeter.functions.ComponentReferenceFunctionTest" time="0.0"/>
  <testcase name="runFunction2 class org.apache.jmeter.functions.RegexFunction" classname="org.apache.jmeter.functions.ComponentReferenceFunctionTest" time="0.001"/>
  <testcase name="runFunction class org.apache.jmeter.functions.SamplerName" classname="org.apache.jmeter.functions.ComponentReferenceFunctionTest" time="0.0"/>
  <testcase name="runFunction2 class org.apache.jmeter.functions.SamplerName" classname="org.apache.jmeter.functions.ComponentReferenceFunctionTest" time="0.0"/>
  <testcase name="runFunction class org.apache.jmeter.functions.SetProperty" classname="org.apache.jmeter.functions.ComponentReferenceFunctionTest" time="0.0"/>
  <testcase name="runFunction2 class org.apache.jmeter.functions.SetProperty" classname="org.apache.jmeter.functions.ComponentReferenceFunctionTest" time="0.0"/>
  <testcase name="runFunction class org.apache.jmeter.functions.SplitFunction" classname="org.apache.jmeter.functions.ComponentReferenceFunctionTest" time="0.0"/>
  <testcase name="runFunction2 class org.apache.jmeter.functions.SplitFunction" classname="org.apache.jmeter.functions.ComponentReferenceFunctionTest" time="0.0"/>
  <testcase name="runFunction class org.apache.jmeter.functions.StringFromFile" classname="org.apache.jmeter.functions.ComponentReferenceFunctionTest" time="0.0"/>
  <testcase name="runFunction2 class org.apache.jmeter.functions.StringFromFile" classname="org.apache.jmeter.functions.ComponentReferenceFunctionTest" time="0.0"/>
  <testcase name="runFunction class org.apache.jmeter.functions.StringToFile" classname="org.apache.jmeter.functions.ComponentReferenceFunctionTest" time="0.0"/>
  <testcase name="runFunction2 class org.apache.jmeter.functions.StringToFile" classname="org.apache.jmeter.functions.ComponentReferenceFunctionTest" time="0.0"/>
  <testcase name="runFunction class org.apache.jmeter.functions.TestPlanName" classname="org.apache.jmeter.functions.ComponentReferenceFunctionTest" time="0.0"/>
  <testcase name="runFunction2 class org.apache.jmeter.functions.TestPlanName" classname="org.apache.jmeter.functions.ComponentReferenceFunctionTest" time="0.0"/>
  <testcase name="runFunction class org.apache.jmeter.functions.ThreadGroupName" classname="org.apache.jmeter.functions.ComponentReferenceFunctionTest" time="0.0"/>
  <testcase name="runFunction2 class org.apache.jmeter.functions.ThreadGroupName" classname="org.apache.jmeter.functions.ComponentReferenceFunctionTest" time="0.0"/>
  <testcase name="runFunction class org.apache.jmeter.functions.ThreadNumber" classname="org.apache.jmeter.functions.ComponentReferenceFunctionTest" time="0.0"/>
  <testcase name="runFunction2 class org.apache.jmeter.functions.ThreadNumber" classname="org.apache.jmeter.functions.ComponentReferenceFunctionTest" time="0.0"/>
  <testcase name="runFunction class org.apache.jmeter.functions.TimeFunction" classname="org.apache.jmeter.functions.ComponentReferenceFunctionTest" time="0.0"/>
  <testcase name="runFunction2 class org.apache.jmeter.functions.TimeFunction" classname="org.apache.jmeter.functions.ComponentReferenceFunctionTest" time="0.0"/>
  <testcase name="runFunction class org.apache.jmeter.functions.TimeShift" classname="org.apache.jmeter.functions.ComponentReferenceFunctionTest" time="0.0"/>
  <testcase name="runFunction2 class org.apache.jmeter.functions.TimeShift" classname="org.apache.jmeter.functions.ComponentReferenceFunctionTest" time="0.0"/>
  <testcase name="runFunction class org.apache.jmeter.functions.UnEscape" classname="org.apache.jmeter.functions.ComponentReferenceFunctionTest" time="0.0"/>
  <testcase name="runFunction2 class org.apache.jmeter.functions.UnEscape" classname="org.apache.jmeter.functions.ComponentReferenceFunctionTest" time="0.0"/>
  <testcase name="runFunction class org.apache.jmeter.functions.UnEscapeHtml" classname="org.apache.jmeter.functions.ComponentReferenceFunctionTest" time="0.0"/>
  <testcase name="runFunction2 class org.apache.jmeter.functions.UnEscapeHtml" classname="org.apache.jmeter.functions.ComponentReferenceFunctionTest" time="0.0"/>
  <testcase name="runFunction class org.apache.jmeter.functions.UrlDecode" classname="org.apache.jmeter.functions.ComponentReferenceFunctionTest" time="0.0"/>
  <testcase name="runFunction2 class org.apache.jmeter.functions.UrlDecode" classname="org.apache.jmeter.functions.ComponentReferenceFunctionTest" time="0.0"/>
  <testcase name="runFunction class org.apache.jmeter.functions.UrlEncode" classname="org.apache.jmeter.functions.ComponentReferenceFunctionTest" time="0.0"/>
  <testcase name="runFunction2 class org.apache.jmeter.functions.UrlEncode" classname="org.apache.jmeter.functions.ComponentReferenceFunctionTest" time="0.0"/>
  <testcase name="runFunction class org.apache.jmeter.functions.Uuid" classname="org.apache.jmeter.functions.ComponentReferenceFunctionTest" time="0.0"/>
  <testcase name="runFunction2 class org.apache.jmeter.functions.Uuid" classname="org.apache.jmeter.functions.ComponentReferenceFunctionTest" time="0.0"/>
  <testcase name="runFunction class org.apache.jmeter.functions.Variable" classname="org.apache.jmeter.functions.ComponentReferenceFunctionTest" time="0.0"/>
  <testcase name="runFunction2 class org.apache.jmeter.functions.Variable" classname="org.apache.jmeter.functions.ComponentReferenceFunctionTest" time="0.0"/>
  <testcase name="runFunction class org.apache.jmeter.functions.XPath" classname="org.apache.jmeter.functions.ComponentReferenceFunctionTest" time="0.0"/>
  <testcase name="runFunction2 class org.apache.jmeter.functions.XPath" classname="org.apache.jmeter.functions.ComponentReferenceFunctionTest" time="0.0"/>
  <testcase name="checkFunctionSetnull" classname="org.apache.jmeter.functions.ComponentReferenceFunctionTest" time="0.0"/>
  <system-out><![CDATA[]]></system-out>
  <system-err><![CDATA[]]></system-err>
</testsuite>
