<?xml version="1.0" encoding="UTF-8"?>
<testsuite name="org.apache.jmeter.engine.util.PackageSpec" tests="22" skipped="0" failures="0" errors="0" timestamp="2021-02-28T11:39:32" hostname="FI-SWF-MAC-0005" time="0.27">
  <properties/>
  <testcase name="testFunctionParse1" classname="org.apache.jmeter.engine.util.PackageSpec" time="0.24"/>
  <testcase name="test parsing StringProperty '' == ''" classname="org.apache.jmeter.engine.util.PackageSpec" time="0.0"/>
  <testcase name="test parsing StringProperty 'just some text' == 'just some text'" classname="org.apache.jmeter.engine.util.PackageSpec" time="0.0"/>
  <testcase name="test parsing FunctionProperty '${__regexFunction(&lt;a&gt;(.*)&lt;/a&gt;,$1$)}' == 'hello world'" classname="org.apache.jmeter.engine.util.PackageSpec" time="0.0"/>
  <testcase name="test parsing FunctionProperty 'It should say:\${${__regexFunction(&lt;a&gt;(.+o)(.*)&lt;/a&gt;,$1$$2$)}}' == 'It should say:${hello world}'" classname="org.apache.jmeter.engine.util.PackageSpec" time="0.001"/>
  <testcase name="test parsing FunctionProperty '${non - existing; function}' == '${non - existing; function}'" classname="org.apache.jmeter.engine.util.PackageSpec" time="0.001"/>
  <testcase name="test parsing FunctionProperty '${server}' == 'jakarta.apache.org'" classname="org.apache.jmeter.engine.util.PackageSpec" time="0.001"/>
  <testcase name="test parsing FunctionProperty '${__regexFunction(&lt;([a-z]*)&gt;,$1$)}' == 'a'" classname="org.apache.jmeter.engine.util.PackageSpec" time="0.001"/>
  <testcase name="test parsing FunctionProperty '${__regexFunction((\\$\d+\.\d+),$1$)}' == '$3.47'" classname="org.apache.jmeter.engine.util.PackageSpec" time="0.0"/>
  <testcase name="test parsing FunctionProperty '${__regexFunction(([$]\d+\.\d+),$1$)}' == '$3.47'" classname="org.apache.jmeter.engine.util.PackageSpec" time="0.0"/>
  <testcase name="test parsing FunctionProperty '${__regexFunction((\\\$\d+\.\d+\,\\$\d+\.\d+),$1$)}' == '$3.47,$5.67'" classname="org.apache.jmeter.engine.util.PackageSpec" time="0.001"/>
  <testcase name="test parsing FunctionProperty '${__regexFunction(&lt;a&gt;(${my_regex})&lt;/a&gt;,$1$)}' == 'hello world'" classname="org.apache.jmeter.engine.util.PackageSpec" time="0.0"/>
  <testcase name="test parsing FunctionProperty '${__regexFunction(&lt;a&gt;(${my_regex})&lt;/a&gt;,$1$)}${__regexFunction(&lt;a&gt;(.),$1$)}' == 'hello worldh'" classname="org.apache.jmeter.engine.util.PackageSpec" time="0.001"/>
  <testcase name="Backslashes are removed before escaped dollar, comma and backslash with FunctionProperty[0]" classname="org.apache.jmeter.engine.util.PackageSpec" time="0.001"/>
  <testcase name="Backslashes are removed before escaped dollar, comma and backslash with FunctionProperty[1]" classname="org.apache.jmeter.engine.util.PackageSpec" time="0.002"/>
  <testcase name="Backslashes are removed before escaped dollar, comma and backslash with FunctionProperty[2]" classname="org.apache.jmeter.engine.util.PackageSpec" time="0.004"/>
  <testcase name="Backslashes are removed before escaped dollar, comma and backslash with FunctionProperty[3]" classname="org.apache.jmeter.engine.util.PackageSpec" time="0.0"/>
  <testcase name="Backslashes are removed before escaped dollar, comma and backslash with FunctionProperty[4]" classname="org.apache.jmeter.engine.util.PackageSpec" time="0.001"/>
  <testcase name="Backslashes are removed before escaped dollar, comma and backslash with FunctionProperty[5]" classname="org.apache.jmeter.engine.util.PackageSpec" time="0.0"/>
  <testcase name="Backslashes are removed before escaped dollar, comma and backslash with FunctionProperty[6]" classname="org.apache.jmeter.engine.util.PackageSpec" time="0.0"/>
  <testcase name="Backslashes are removed before escaped dollar, comma and backslash with FunctionProperty[7]" classname="org.apache.jmeter.engine.util.PackageSpec" time="0.0"/>
  <testcase name="Backslashes are removed before escaped dollar, comma and backslash with FunctionProperty[8]" classname="org.apache.jmeter.engine.util.PackageSpec" time="0.001"/>
  <system-out><![CDATA[]]></system-out>
  <system-err><![CDATA[Warning: Nashorn engine is planned to be removed from a future JDK release
Warning: Nashorn engine is planned to be removed from a future JDK release
Warning: Nashorn engine is planned to be removed from a future JDK release
Warning: Nashorn engine is planned to be removed from a future JDK release
]]></system-err>
</testsuite>
