<?xml version="1.0" encoding="UTF-8"?>
<testsuite name="org.apache.jmeter.threads.ThreadGroupLoad" tests="1" skipped="0" failures="0" errors="0" timestamp="2021-02-28T11:39:08" hostname="FI-SWF-MAC-0005" time="0.208">
  <properties/>
  <testcase name="readJmxSavedWithJMeter26()" classname="org.apache.jmeter.threads.ThreadGroupLoad" time="0.208"/>
  <system-out><![CDATA[]]></system-out>
  <system-err><![CDATA[]]></system-err>
</testsuite>
