<?xml version="1.0" encoding="UTF-8"?>
<testsuite name="org.apache.jmeter.gui.util.MenuFactorySpec" tests="2" skipped="0" failures="0" errors="0" timestamp="2021-02-28T11:39:27" hostname="FI-SWF-MAC-0005" time="0.166">
  <properties/>
  <testcase name="ensure each menu has something in it" classname="org.apache.jmeter.gui.util.MenuFactorySpec" time="0.094"/>
  <testcase name="default add menu has expected item count" classname="org.apache.jmeter.gui.util.MenuFactorySpec" time="0.072"/>
  <system-out><![CDATA[]]></system-out>
  <system-err><![CDATA[]]></system-err>
</testsuite>
