<?xml version="1.0" encoding="UTF-8"?>
<testsuite name="org.apache.jorphan.reflect.TestClassFinder" tests="9" skipped="0" failures="0" errors="0" timestamp="2021-02-28T11:39:09" hostname="FI-SWF-MAC-0005" time="13.203">
  <properties/>
  <testcase name="testFindClassesThatExtendStringArrayClassOfQArrayTrue()" classname="org.apache.jorphan.reflect.TestClassFinder" time="7.913"/>
  <testcase name="testFindClassesThatExtendStringArrayClassOfQArrayBooleanStringString()" classname="org.apache.jorphan.reflect.TestClassFinder" time="0.04"/>
  <testcase name="testFindAnnotatedClasses()" classname="org.apache.jorphan.reflect.TestClassFinder" time="3.692"/>
  <testcase name="testFindClassesThatExtendStringArrayClassOfQArrayFalse()" classname="org.apache.jorphan.reflect.TestClassFinder" time="0.156"/>
  <testcase name="testFindAnnotatedInnerClasses()" classname="org.apache.jorphan.reflect.TestClassFinder" time="0.917"/>
  <testcase name="testFindClassesThatExtendStringArrayClassOfQArray()" classname="org.apache.jorphan.reflect.TestClassFinder" time="0.12"/>
  <testcase name="testFindClassesNone()" classname="org.apache.jorphan.reflect.TestClassFinder" time="0.035"/>
  <testcase name="testFindClasses()" classname="org.apache.jorphan.reflect.TestClassFinder" time="0.047"/>
  <testcase name="testFindClassesThatExtendStringArrayClassOfQArrayBooleanStringStringTrue()" classname="org.apache.jorphan.reflect.TestClassFinder" time="0.279"/>
  <system-out><![CDATA[]]></system-out>
  <system-err><![CDATA[]]></system-err>
</testsuite>
