<?xml version="1.0" encoding="UTF-8"?>
<testsuite name="org.apache.jmeter.resources.TestPropertiesFiles" tests="2" skipped="0" failures="0" errors="0" timestamp="2021-02-28T11:39:08" hostname="FI-SWF-MAC-0005" time="0.029">
  <properties/>
  <testcase name="testUserProperties()" classname="org.apache.jmeter.resources.TestPropertiesFiles" time="0.024"/>
  <testcase name="testDefaultProperties()" classname="org.apache.jmeter.resources.TestPropertiesFiles" time="0.005"/>
  <system-out><![CDATA[]]></system-out>
  <system-err><![CDATA[]]></system-err>
</testsuite>
