<?xml version="1.0" encoding="UTF-8"?>
<testsuite name="org.apache.jmeter.control.TestSwitchController" tests="9" skipped="0" failures="0" errors="0" timestamp="2021-02-28T11:39:09" hostname="FI-SWF-MAC-0005" time="0.014">
  <properties/>
  <testcase name="testTest2()" classname="org.apache.jmeter.control.TestSwitchController" time="0.003"/>
  <testcase name="test()" classname="org.apache.jmeter.control.TestSwitchController" time="0.0"/>
  <testcase name="test0()" classname="org.apache.jmeter.control.TestSwitchController" time="0.001"/>
  <testcase name="test1()" classname="org.apache.jmeter.control.TestSwitchController" time="0.002"/>
  <testcase name="test2()" classname="org.apache.jmeter.control.TestSwitchController" time="0.001"/>
  <testcase name="test3()" classname="org.apache.jmeter.control.TestSwitchController" time="0.001"/>
  <testcase name="test4()" classname="org.apache.jmeter.control.TestSwitchController" time="0.001"/>
  <testcase name="testX()" classname="org.apache.jmeter.control.TestSwitchController" time="0.001"/>
  <testcase name="testFunction()" classname="org.apache.jmeter.control.TestSwitchController" time="0.001"/>
  <system-out><![CDATA[]]></system-out>
  <system-err><![CDATA[]]></system-err>
</testsuite>
