<?xml version="1.0" encoding="UTF-8"?>
<testsuite name="org.apache.jorphan.TestFunctorUsers" tests="7" skipped="0" failures="0" errors="0" timestamp="2021-02-28T11:39:09" hostname="FI-SWF-MAC-0005" time="0.048">
  <properties/>
  <testcase name="testSummaryReport()" classname="org.apache.jorphan.TestFunctorUsers" time="0.006"/>
  <testcase name="testArgumentsPanel()" classname="org.apache.jorphan.TestFunctorUsers" time="0.003"/>
  <testcase name="testHTTPArgumentsPanel()" classname="org.apache.jorphan.TestFunctorUsers" time="0.002"/>
  <testcase name="testLDAPArgumentsPanel()" classname="org.apache.jorphan.TestFunctorUsers" time="0.002"/>
  <testcase name="testTableVisualizer()" classname="org.apache.jorphan.TestFunctorUsers" time="0.004"/>
  <testcase name="testStatGraphVisualizer()" classname="org.apache.jorphan.TestFunctorUsers" time="0.024"/>
  <testcase name="testStatVisualizer()" classname="org.apache.jorphan.TestFunctorUsers" time="0.003"/>
  <system-out><![CDATA[]]></system-out>
  <system-err><![CDATA[]]></system-err>
</testsuite>
