<?xml version="1.0" encoding="UTF-8"?>
<testsuite name="org.apache.jmeter.testelement.TestElementTest" tests="140" skipped="0" failures="0" errors="0" timestamp="2021-02-28T11:39:26" hostname="FI-SWF-MAC-0005" time="0.187">
  <properties/>
  <testcase name="runTestElement class org.apache.jmeter.assertions.BSFAssertion" classname="org.apache.jmeter.testelement.TestElementTest" time="0.001"/>
  <testcase name="runTestElement class org.apache.jmeter.assertions.BeanShellAssertion" classname="org.apache.jmeter.testelement.TestElementTest" time="0.005"/>
  <testcase name="runTestElement class org.apache.jmeter.assertions.CompareAssertion" classname="org.apache.jmeter.testelement.TestElementTest" time="0.001"/>
  <testcase name="runTestElement class org.apache.jmeter.assertions.DurationAssertion" classname="org.apache.jmeter.testelement.TestElementTest" time="0.001"/>
  <testcase name="runTestElement class org.apache.jmeter.assertions.HTMLAssertion" classname="org.apache.jmeter.testelement.TestElementTest" time="0.001"/>
  <testcase name="runTestElement class org.apache.jmeter.assertions.JSONPathAssertion" classname="org.apache.jmeter.testelement.TestElementTest" time="0.001"/>
  <testcase name="runTestElement class org.apache.jmeter.assertions.JSR223Assertion" classname="org.apache.jmeter.testelement.TestElementTest" time="0.001"/>
  <testcase name="runTestElement class org.apache.jmeter.assertions.MD5HexAssertion" classname="org.apache.jmeter.testelement.TestElementTest" time="0.001"/>
  <testcase name="runTestElement class org.apache.jmeter.assertions.ResponseAssertion" classname="org.apache.jmeter.testelement.TestElementTest" time="0.001"/>
  <testcase name="runTestElement class org.apache.jmeter.assertions.SMIMEAssertionTestElement" classname="org.apache.jmeter.testelement.TestElementTest" time="0.0"/>
  <testcase name="runTestElement class org.apache.jmeter.assertions.SizeAssertion" classname="org.apache.jmeter.testelement.TestElementTest" time="0.0"/>
  <testcase name="runTestElement class org.apache.jmeter.assertions.SubstitutionElement" classname="org.apache.jmeter.testelement.TestElementTest" time="0.0"/>
  <testcase name="runTestElement class org.apache.jmeter.assertions.XMLAssertion" classname="org.apache.jmeter.testelement.TestElementTest" time="0.0"/>
  <testcase name="runTestElement class org.apache.jmeter.assertions.XMLSchemaAssertion" classname="org.apache.jmeter.testelement.TestElementTest" time="0.001"/>
  <testcase name="runTestElement class org.apache.jmeter.assertions.XPath2Assertion" classname="org.apache.jmeter.testelement.TestElementTest" time="0.001"/>
  <testcase name="runTestElement class org.apache.jmeter.assertions.XPathAssertion" classname="org.apache.jmeter.testelement.TestElementTest" time="0.001"/>
  <testcase name="runTestElement class org.apache.jmeter.assertions.jmespath.JMESPathAssertion" classname="org.apache.jmeter.testelement.TestElementTest" time="0.0"/>
  <testcase name="runTestElement class org.apache.jmeter.config.Argument" classname="org.apache.jmeter.testelement.TestElementTest" time="0.0"/>
  <testcase name="runTestElement class org.apache.jmeter.config.Arguments" classname="org.apache.jmeter.testelement.TestElementTest" time="0.001"/>
  <testcase name="runTestElement class org.apache.jmeter.config.CSVDataSet" classname="org.apache.jmeter.testelement.TestElementTest" time="0.001"/>
  <testcase name="runTestElement class org.apache.jmeter.config.ConfigTestElement" classname="org.apache.jmeter.testelement.TestElementTest" time="0.001"/>
  <testcase name="runTestElement class org.apache.jmeter.config.KeystoreConfig" classname="org.apache.jmeter.testelement.TestElementTest" time="0.001"/>
  <testcase name="runTestElement class org.apache.jmeter.config.LoginConfig" classname="org.apache.jmeter.testelement.TestElementTest" time="0.001"/>
  <testcase name="runTestElement class org.apache.jmeter.config.RandomVariableConfig" classname="org.apache.jmeter.testelement.TestElementTest" time="0.0"/>
  <testcase name="runTestElement class org.apache.jmeter.control.CriticalSectionController" classname="org.apache.jmeter.testelement.TestElementTest" time="0.0"/>
  <testcase name="runTestElement class org.apache.jmeter.control.ForeachController" classname="org.apache.jmeter.testelement.TestElementTest" time="0.0"/>
  <testcase name="runTestElement class org.apache.jmeter.control.GenericController" classname="org.apache.jmeter.testelement.TestElementTest" time="0.001"/>
  <testcase name="runTestElement class org.apache.jmeter.control.IfController" classname="org.apache.jmeter.testelement.TestElementTest" time="0.001"/>
  <testcase name="runTestElement class org.apache.jmeter.control.IncludeController" classname="org.apache.jmeter.testelement.TestElementTest" time="0.001"/>
  <testcase name="runTestElement class org.apache.jmeter.control.InterleaveControl" classname="org.apache.jmeter.testelement.TestElementTest" time="0.001"/>
  <testcase name="runTestElement class org.apache.jmeter.control.LoopController" classname="org.apache.jmeter.testelement.TestElementTest" time="0.001"/>
  <testcase name="runTestElement class org.apache.jmeter.control.ModuleController" classname="org.apache.jmeter.testelement.TestElementTest" time="0.001"/>
  <testcase name="runTestElement class org.apache.jmeter.control.OnceOnlyController" classname="org.apache.jmeter.testelement.TestElementTest" time="0.001"/>
  <testcase name="runTestElement class org.apache.jmeter.control.RandomController" classname="org.apache.jmeter.testelement.TestElementTest" time="0.009"/>
  <testcase name="runTestElement class org.apache.jmeter.control.RandomOrderController" classname="org.apache.jmeter.testelement.TestElementTest" time="0.001"/>
  <testcase name="runTestElement class org.apache.jmeter.control.RunTime" classname="org.apache.jmeter.testelement.TestElementTest" time="0.001"/>
  <testcase name="runTestElement class org.apache.jmeter.control.SwitchController" classname="org.apache.jmeter.testelement.TestElementTest" time="0.001"/>
  <testcase name="runTestElement class org.apache.jmeter.control.TestFragmentController" classname="org.apache.jmeter.testelement.TestElementTest" time="0.001"/>
  <testcase name="runTestElement class org.apache.jmeter.control.ThroughputController" classname="org.apache.jmeter.testelement.TestElementTest" time="0.001"/>
  <testcase name="runTestElement class org.apache.jmeter.control.TransactionController" classname="org.apache.jmeter.testelement.TestElementTest" time="0.001"/>
  <testcase name="runTestElement class org.apache.jmeter.control.TransactionSampler" classname="org.apache.jmeter.testelement.TestElementTest" time="0.0"/>
  <testcase name="runTestElement class org.apache.jmeter.control.WhileController" classname="org.apache.jmeter.testelement.TestElementTest" time="0.001"/>
  <testcase name="runTestElement class org.apache.jmeter.extractor.BSFPostProcessor" classname="org.apache.jmeter.testelement.TestElementTest" time="0.001"/>
  <testcase name="runTestElement class org.apache.jmeter.extractor.BeanShellPostProcessor" classname="org.apache.jmeter.testelement.TestElementTest" time="0.007"/>
  <testcase name="runTestElement class org.apache.jmeter.extractor.BoundaryExtractor" classname="org.apache.jmeter.testelement.TestElementTest" time="0.001"/>
  <testcase name="runTestElement class org.apache.jmeter.extractor.DebugPostProcessor" classname="org.apache.jmeter.testelement.TestElementTest" time="0.001"/>
  <testcase name="runTestElement class org.apache.jmeter.extractor.HtmlExtractor" classname="org.apache.jmeter.testelement.TestElementTest" time="0.001"/>
  <testcase name="runTestElement class org.apache.jmeter.extractor.JSR223PostProcessor" classname="org.apache.jmeter.testelement.TestElementTest" time="0.001"/>
  <testcase name="runTestElement class org.apache.jmeter.extractor.RegexExtractor" classname="org.apache.jmeter.testelement.TestElementTest" time="0.001"/>
  <testcase name="runTestElement class org.apache.jmeter.extractor.XPath2Extractor" classname="org.apache.jmeter.testelement.TestElementTest" time="0.001"/>
  <testcase name="runTestElement class org.apache.jmeter.extractor.XPathExtractor" classname="org.apache.jmeter.testelement.TestElementTest" time="0.001"/>
  <testcase name="runTestElement class org.apache.jmeter.extractor.json.jmespath.JMESPathExtractor" classname="org.apache.jmeter.testelement.TestElementTest" time="0.001"/>
  <testcase name="runTestElement class org.apache.jmeter.extractor.json.jsonpath.JSONPostProcessor" classname="org.apache.jmeter.testelement.TestElementTest" time="0.001"/>
  <testcase name="runTestElement class org.apache.jmeter.modifiers.BSFPreProcessor" classname="org.apache.jmeter.testelement.TestElementTest" time="0.001"/>
  <testcase name="runTestElement class org.apache.jmeter.modifiers.BeanShellPreProcessor" classname="org.apache.jmeter.testelement.TestElementTest" time="0.004"/>
  <testcase name="runTestElement class org.apache.jmeter.modifiers.CounterConfig" classname="org.apache.jmeter.testelement.TestElementTest" time="0.001"/>
  <testcase name="runTestElement class org.apache.jmeter.modifiers.JSR223PreProcessor" classname="org.apache.jmeter.testelement.TestElementTest" time="0.001"/>
  <testcase name="runTestElement class org.apache.jmeter.modifiers.SampleTimeout" classname="org.apache.jmeter.testelement.TestElementTest" time="0.001"/>
  <testcase name="runTestElement class org.apache.jmeter.modifiers.UserParameters" classname="org.apache.jmeter.testelement.TestElementTest" time="0.001"/>
  <testcase name="runTestElement class org.apache.jmeter.protocol.bolt.config.BoltConnectionElement" classname="org.apache.jmeter.testelement.TestElementTest" time="0.001"/>
  <testcase name="runTestElement class org.apache.jmeter.protocol.bolt.sampler.BoltSampler" classname="org.apache.jmeter.testelement.TestElementTest" time="0.001"/>
  <testcase name="runTestElement class org.apache.jmeter.protocol.ftp.sampler.FTPSampler" classname="org.apache.jmeter.testelement.TestElementTest" time="0.001"/>
  <testcase name="runTestElement class org.apache.jmeter.protocol.http.control.AuthManager" classname="org.apache.jmeter.testelement.TestElementTest" time="0.001"/>
  <testcase name="runTestElement class org.apache.jmeter.protocol.http.control.Authorization" classname="org.apache.jmeter.testelement.TestElementTest" time="0.001"/>
  <testcase name="runTestElement class org.apache.jmeter.protocol.http.control.CacheManager" classname="org.apache.jmeter.testelement.TestElementTest" time="0.001"/>
  <testcase name="runTestElement class org.apache.jmeter.protocol.http.control.Cookie" classname="org.apache.jmeter.testelement.TestElementTest" time="0.001"/>
  <testcase name="runTestElement class org.apache.jmeter.protocol.http.control.CookieManager" classname="org.apache.jmeter.testelement.TestElementTest" time="0.001"/>
  <testcase name="runTestElement class org.apache.jmeter.protocol.http.control.DNSCacheManager" classname="org.apache.jmeter.testelement.TestElementTest" time="0.001"/>
  <testcase name="runTestElement class org.apache.jmeter.protocol.http.control.Header" classname="org.apache.jmeter.testelement.TestElementTest" time="0.001"/>
  <testcase name="runTestElement class org.apache.jmeter.protocol.http.control.HeaderManager" classname="org.apache.jmeter.testelement.TestElementTest" time="0.001"/>
  <testcase name="runTestElement class org.apache.jmeter.protocol.http.control.HttpMirrorControl" classname="org.apache.jmeter.testelement.TestElementTest" time="0.001"/>
  <testcase name="runTestElement class org.apache.jmeter.protocol.http.control.RecordingController" classname="org.apache.jmeter.testelement.TestElementTest" time="0.001"/>
  <testcase name="runTestElement class org.apache.jmeter.protocol.http.control.StaticHost" classname="org.apache.jmeter.testelement.TestElementTest" time="0.0"/>
  <testcase name="runTestElement class org.apache.jmeter.protocol.http.modifier.AnchorModifier" classname="org.apache.jmeter.testelement.TestElementTest" time="0.0"/>
  <testcase name="runTestElement class org.apache.jmeter.protocol.http.modifier.RegExUserParameters" classname="org.apache.jmeter.testelement.TestElementTest" time="0.001"/>
  <testcase name="runTestElement class org.apache.jmeter.protocol.http.modifier.URLRewritingModifier" classname="org.apache.jmeter.testelement.TestElementTest" time="0.001"/>
  <testcase name="runTestElement class org.apache.jmeter.protocol.http.proxy.ProxyControl" classname="org.apache.jmeter.testelement.TestElementTest" time="0.001"/>
  <testcase name="runTestElement class org.apache.jmeter.protocol.http.sampler.AccessLogSampler" classname="org.apache.jmeter.testelement.TestElementTest" time="0.001"/>
  <testcase name="runTestElement class org.apache.jmeter.protocol.http.sampler.AjpSampler" classname="org.apache.jmeter.testelement.TestElementTest" time="0.001"/>
  <testcase name="runTestElement class org.apache.jmeter.protocol.http.sampler.HTTPSampler" classname="org.apache.jmeter.testelement.TestElementTest" time="0.001"/>
  <testcase name="runTestElement class org.apache.jmeter.protocol.http.sampler.HTTPSamplerProxy" classname="org.apache.jmeter.testelement.TestElementTest" time="0.001"/>
  <testcase name="runTestElement class org.apache.jmeter.protocol.http.util.HTTPArgument" classname="org.apache.jmeter.testelement.TestElementTest" time="0.001"/>
  <testcase name="runTestElement class org.apache.jmeter.protocol.http.util.HTTPFileArg" classname="org.apache.jmeter.testelement.TestElementTest" time="0.001"/>
  <testcase name="runTestElement class org.apache.jmeter.protocol.http.util.HTTPFileArgs" classname="org.apache.jmeter.testelement.TestElementTest" time="0.001"/>
  <testcase name="runTestElement class org.apache.jmeter.protocol.java.config.JavaConfig" classname="org.apache.jmeter.testelement.TestElementTest" time="0.0"/>
  <testcase name="runTestElement class org.apache.jmeter.protocol.java.sampler.BSFSampler" classname="org.apache.jmeter.testelement.TestElementTest" time="0.001"/>
  <testcase name="runTestElement class org.apache.jmeter.protocol.java.sampler.BeanShellSampler" classname="org.apache.jmeter.testelement.TestElementTest" time="0.003"/>
  <testcase name="runTestElement class org.apache.jmeter.protocol.java.sampler.JSR223Sampler" classname="org.apache.jmeter.testelement.TestElementTest" time="0.0"/>
  <testcase name="runTestElement class org.apache.jmeter.protocol.java.sampler.JUnitSampler" classname="org.apache.jmeter.testelement.TestElementTest" time="0.001"/>
  <testcase name="runTestElement class org.apache.jmeter.protocol.java.sampler.JavaSampler" classname="org.apache.jmeter.testelement.TestElementTest" time="0.001"/>
  <testcase name="runTestElement class org.apache.jmeter.protocol.jdbc.config.DataSourceElement" classname="org.apache.jmeter.testelement.TestElementTest" time="0.001"/>
  <testcase name="runTestElement class org.apache.jmeter.protocol.jdbc.processor.JDBCPostProcessor" classname="org.apache.jmeter.testelement.TestElementTest" time="0.001"/>
  <testcase name="runTestElement class org.apache.jmeter.protocol.jdbc.processor.JDBCPreProcessor" classname="org.apache.jmeter.testelement.TestElementTest" time="0.001"/>
  <testcase name="runTestElement class org.apache.jmeter.protocol.jdbc.sampler.JDBCSampler" classname="org.apache.jmeter.testelement.TestElementTest" time="0.001"/>
  <testcase name="runTestElement class org.apache.jmeter.protocol.jms.sampler.JMSProperties" classname="org.apache.jmeter.testelement.TestElementTest" time="0.001"/>
  <testcase name="runTestElement class org.apache.jmeter.protocol.jms.sampler.JMSProperty" classname="org.apache.jmeter.testelement.TestElementTest" time="0.001"/>
  <testcase name="runTestElement class org.apache.jmeter.protocol.jms.sampler.JMSSampler" classname="org.apache.jmeter.testelement.TestElementTest" time="0.001"/>
  <testcase name="runTestElement class org.apache.jmeter.protocol.jms.sampler.PublisherSampler" classname="org.apache.jmeter.testelement.TestElementTest" time="0.001"/>
  <testcase name="runTestElement class org.apache.jmeter.protocol.jms.sampler.SubscriberSampler" classname="org.apache.jmeter.testelement.TestElementTest" time="0.0"/>
  <testcase name="runTestElement class org.apache.jmeter.protocol.ldap.config.gui.LDAPArgument" classname="org.apache.jmeter.testelement.TestElementTest" time="0.0"/>
  <testcase name="runTestElement class org.apache.jmeter.protocol.ldap.config.gui.LDAPArguments" classname="org.apache.jmeter.testelement.TestElementTest" time="0.001"/>
  <testcase name="runTestElement class org.apache.jmeter.protocol.ldap.sampler.LDAPExtSampler" classname="org.apache.jmeter.testelement.TestElementTest" time="0.001"/>
  <testcase name="runTestElement class org.apache.jmeter.protocol.ldap.sampler.LDAPSampler" classname="org.apache.jmeter.testelement.TestElementTest" time="0.001"/>
  <testcase name="runTestElement class org.apache.jmeter.protocol.mail.sampler.MailReaderSampler" classname="org.apache.jmeter.testelement.TestElementTest" time="0.001"/>
  <testcase name="runTestElement class org.apache.jmeter.protocol.mongodb.config.MongoSourceElement" classname="org.apache.jmeter.testelement.TestElementTest" time="0.0"/>
  <testcase name="runTestElement class org.apache.jmeter.protocol.mongodb.sampler.MongoScriptSampler" classname="org.apache.jmeter.testelement.TestElementTest" time="0.0"/>
  <testcase name="runTestElement class org.apache.jmeter.protocol.smtp.sampler.SmtpSampler" classname="org.apache.jmeter.testelement.TestElementTest" time="0.0"/>
  <testcase name="runTestElement class org.apache.jmeter.protocol.system.SystemSampler" classname="org.apache.jmeter.testelement.TestElementTest" time="0.001"/>
  <testcase name="runTestElement class org.apache.jmeter.protocol.tcp.sampler.TCPSampler" classname="org.apache.jmeter.testelement.TestElementTest" time="0.001"/>
  <testcase name="runTestElement class org.apache.jmeter.reporters.MailerModel" classname="org.apache.jmeter.testelement.TestElementTest" time="0.001"/>
  <testcase name="runTestElement class org.apache.jmeter.reporters.MailerResultCollector" classname="org.apache.jmeter.testelement.TestElementTest" time="0.001"/>
  <testcase name="runTestElement class org.apache.jmeter.reporters.ResultAction" classname="org.apache.jmeter.testelement.TestElementTest" time="0.001"/>
  <testcase name="runTestElement class org.apache.jmeter.reporters.ResultCollector" classname="org.apache.jmeter.testelement.TestElementTest" time="0.001"/>
  <testcase name="runTestElement class org.apache.jmeter.reporters.ResultSaver" classname="org.apache.jmeter.testelement.TestElementTest" time="0.001"/>
  <testcase name="runTestElement class org.apache.jmeter.reporters.Summariser" classname="org.apache.jmeter.testelement.TestElementTest" time="0.001"/>
  <testcase name="runTestElement class org.apache.jmeter.sampler.DebugSampler" classname="org.apache.jmeter.testelement.TestElementTest" time="0.001"/>
  <testcase name="runTestElement class org.apache.jmeter.sampler.TestAction" classname="org.apache.jmeter.testelement.TestElementTest" time="0.001"/>
  <testcase name="runTestElement class org.apache.jmeter.samplers.RemoteListenerWrapper" classname="org.apache.jmeter.testelement.TestElementTest" time="0.006"/>
  <testcase name="runTestElement class org.apache.jmeter.samplers.RemoteSampleListenerWrapper" classname="org.apache.jmeter.testelement.TestElementTest" time="0.002"/>
  <testcase name="runTestElement class org.apache.jmeter.samplers.RemoteTestListenerWrapper" classname="org.apache.jmeter.testelement.TestElementTest" time="0.001"/>
  <testcase name="runTestElement class org.apache.jmeter.testelement.TestPlan" classname="org.apache.jmeter.testelement.TestElementTest" time="0.001"/>
  <testcase name="runTestElement class org.apache.jmeter.testelement.WorkBench" classname="org.apache.jmeter.testelement.TestElementTest" time="0.002"/>
  <testcase name="runTestElement class org.apache.jmeter.threads.PostThreadGroup" classname="org.apache.jmeter.testelement.TestElementTest" time="0.002"/>
  <testcase name="runTestElement class org.apache.jmeter.threads.RemoteThreadsListenerWrapper" classname="org.apache.jmeter.testelement.TestElementTest" time="0.001"/>
  <testcase name="runTestElement class org.apache.jmeter.threads.SetupThreadGroup" classname="org.apache.jmeter.testelement.TestElementTest" time="0.001"/>
  <testcase name="runTestElement class org.apache.jmeter.threads.ThreadGroup" classname="org.apache.jmeter.testelement.TestElementTest" time="0.002"/>
  <testcase name="runTestElement class org.apache.jmeter.timers.BSFTimer" classname="org.apache.jmeter.testelement.TestElementTest" time="0.001"/>
  <testcase name="runTestElement class org.apache.jmeter.timers.BeanShellTimer" classname="org.apache.jmeter.testelement.TestElementTest" time="0.007"/>
  <testcase name="runTestElement class org.apache.jmeter.timers.ConstantThroughputTimer" classname="org.apache.jmeter.testelement.TestElementTest" time="0.004"/>
  <testcase name="runTestElement class org.apache.jmeter.timers.ConstantTimer" classname="org.apache.jmeter.testelement.TestElementTest" time="0.002"/>
  <testcase name="runTestElement class org.apache.jmeter.timers.GaussianRandomTimer" classname="org.apache.jmeter.testelement.TestElementTest" time="0.001"/>
  <testcase name="runTestElement class org.apache.jmeter.timers.JSR223Timer" classname="org.apache.jmeter.testelement.TestElementTest" time="0.001"/>
  <testcase name="runTestElement class org.apache.jmeter.timers.PoissonRandomTimer" classname="org.apache.jmeter.testelement.TestElementTest" time="0.001"/>
  <testcase name="runTestElement class org.apache.jmeter.timers.SyncTimer" classname="org.apache.jmeter.testelement.TestElementTest" time="0.001"/>
  <testcase name="runTestElement class org.apache.jmeter.timers.UniformRandomTimer" classname="org.apache.jmeter.testelement.TestElementTest" time="0.001"/>
  <testcase name="runTestElement class org.apache.jmeter.timers.poissonarrivals.PreciseThroughputTimer" classname="org.apache.jmeter.testelement.TestElementTest" time="0.001"/>
  <testcase name="runTestElement class org.apache.jmeter.visualizers.BSFListener" classname="org.apache.jmeter.testelement.TestElementTest" time="0.0"/>
  <testcase name="runTestElement class org.apache.jmeter.visualizers.BeanShellListener" classname="org.apache.jmeter.testelement.TestElementTest" time="0.005"/>
  <testcase name="runTestElement class org.apache.jmeter.visualizers.JSR223Listener" classname="org.apache.jmeter.testelement.TestElementTest" time="0.0"/>
  <testcase name="runTestElement class org.apache.jmeter.visualizers.backend.BackendListener" classname="org.apache.jmeter.testelement.TestElementTest" time="0.001"/>
  <system-out><![CDATA[]]></system-out>
  <system-err><![CDATA[]]></system-err>
</testsuite>
