<?xml version="1.0" encoding="UTF-8"?>
<testsuite name="org.apache.jmeter.testbeans.gui.PackageTest" tests="408" skipped="0" failures="0" errors="0" timestamp="2021-02-28T11:39:22" hostname="FI-SWF-MAC-0005" time="1.653">
  <properties/>
  <testcase name="org.apache.jmeter.assertions.BSFAssertion - en -  en class org.apache.jmeter.assertions.BSFAssertion" classname="org.apache.jmeter.testbeans.gui.PackageTest" time="0.003"/>
  <testcase name="org.apache.jmeter.assertions.BSFAssertion - fr -  fr class org.apache.jmeter.assertions.BSFAssertion" classname="org.apache.jmeter.testbeans.gui.PackageTest" time="0.016"/>
  <testcase name="org.apache.jmeter.assertions.BSFAssertion - de -  de class org.apache.jmeter.assertions.BSFAssertion" classname="org.apache.jmeter.testbeans.gui.PackageTest" time="0.008"/>
  <testcase name="org.apache.jmeter.assertions.BSFAssertion - no -  no class org.apache.jmeter.assertions.BSFAssertion" classname="org.apache.jmeter.testbeans.gui.PackageTest" time="0.005"/>
  <testcase name="org.apache.jmeter.assertions.BSFAssertion - pl -  pl class org.apache.jmeter.assertions.BSFAssertion" classname="org.apache.jmeter.testbeans.gui.PackageTest" time="0.005"/>
  <testcase name="org.apache.jmeter.assertions.BSFAssertion - pt - BR pt_BR class org.apache.jmeter.assertions.BSFAssertion" classname="org.apache.jmeter.testbeans.gui.PackageTest" time="0.008"/>
  <testcase name="org.apache.jmeter.assertions.BSFAssertion - es -  es class org.apache.jmeter.assertions.BSFAssertion" classname="org.apache.jmeter.testbeans.gui.PackageTest" time="0.01"/>
  <testcase name="org.apache.jmeter.assertions.BSFAssertion - tr -  tr class org.apache.jmeter.assertions.BSFAssertion" classname="org.apache.jmeter.testbeans.gui.PackageTest" time="0.008"/>
  <testcase name="org.apache.jmeter.assertions.BSFAssertion - ja -  ja class org.apache.jmeter.assertions.BSFAssertion" classname="org.apache.jmeter.testbeans.gui.PackageTest" time="0.009"/>
  <testcase name="org.apache.jmeter.assertions.BSFAssertion - zh - CN zh_CN class org.apache.jmeter.assertions.BSFAssertion" classname="org.apache.jmeter.testbeans.gui.PackageTest" time="0.014"/>
  <testcase name="org.apache.jmeter.assertions.BSFAssertion - zh - TW zh_TW class org.apache.jmeter.assertions.BSFAssertion" classname="org.apache.jmeter.testbeans.gui.PackageTest" time="0.007"/>
  <testcase name="org.apache.jmeter.assertions.BSFAssertion - ko -  ko class org.apache.jmeter.assertions.BSFAssertion" classname="org.apache.jmeter.testbeans.gui.PackageTest" time="0.014"/>
  <testcase name="org.apache.jmeter.assertions.CompareAssertion - en -  en class org.apache.jmeter.assertions.CompareAssertion" classname="org.apache.jmeter.testbeans.gui.PackageTest" time="0.001"/>
  <testcase name="org.apache.jmeter.assertions.CompareAssertion - fr -  fr class org.apache.jmeter.assertions.CompareAssertion" classname="org.apache.jmeter.testbeans.gui.PackageTest" time="0.005"/>
  <testcase name="org.apache.jmeter.assertions.CompareAssertion - de -  de class org.apache.jmeter.assertions.CompareAssertion" classname="org.apache.jmeter.testbeans.gui.PackageTest" time="0.003"/>
  <testcase name="org.apache.jmeter.assertions.CompareAssertion - no -  no class org.apache.jmeter.assertions.CompareAssertion" classname="org.apache.jmeter.testbeans.gui.PackageTest" time="0.002"/>
  <testcase name="org.apache.jmeter.assertions.CompareAssertion - pl -  pl class org.apache.jmeter.assertions.CompareAssertion" classname="org.apache.jmeter.testbeans.gui.PackageTest" time="0.002"/>
  <testcase name="org.apache.jmeter.assertions.CompareAssertion - pt - BR pt_BR class org.apache.jmeter.assertions.CompareAssertion" classname="org.apache.jmeter.testbeans.gui.PackageTest" time="0.003"/>
  <testcase name="org.apache.jmeter.assertions.CompareAssertion - es -  es class org.apache.jmeter.assertions.CompareAssertion" classname="org.apache.jmeter.testbeans.gui.PackageTest" time="0.002"/>
  <testcase name="org.apache.jmeter.assertions.CompareAssertion - tr -  tr class org.apache.jmeter.assertions.CompareAssertion" classname="org.apache.jmeter.testbeans.gui.PackageTest" time="0.002"/>
  <testcase name="org.apache.jmeter.assertions.CompareAssertion - ja -  ja class org.apache.jmeter.assertions.CompareAssertion" classname="org.apache.jmeter.testbeans.gui.PackageTest" time="0.003"/>
  <testcase name="org.apache.jmeter.assertions.CompareAssertion - zh - CN zh_CN class org.apache.jmeter.assertions.CompareAssertion" classname="org.apache.jmeter.testbeans.gui.PackageTest" time="0.004"/>
  <testcase name="org.apache.jmeter.assertions.CompareAssertion - zh - TW zh_TW class org.apache.jmeter.assertions.CompareAssertion" classname="org.apache.jmeter.testbeans.gui.PackageTest" time="0.004"/>
  <testcase name="org.apache.jmeter.assertions.CompareAssertion - ko -  ko class org.apache.jmeter.assertions.CompareAssertion" classname="org.apache.jmeter.testbeans.gui.PackageTest" time="0.013"/>
  <testcase name="org.apache.jmeter.assertions.JSR223Assertion - en -  en class org.apache.jmeter.assertions.JSR223Assertion" classname="org.apache.jmeter.testbeans.gui.PackageTest" time="0.001"/>
  <testcase name="org.apache.jmeter.assertions.JSR223Assertion - fr -  fr class org.apache.jmeter.assertions.JSR223Assertion" classname="org.apache.jmeter.testbeans.gui.PackageTest" time="0.005"/>
  <testcase name="org.apache.jmeter.assertions.JSR223Assertion - de -  de class org.apache.jmeter.assertions.JSR223Assertion" classname="org.apache.jmeter.testbeans.gui.PackageTest" time="0.002"/>
  <testcase name="org.apache.jmeter.assertions.JSR223Assertion - no -  no class org.apache.jmeter.assertions.JSR223Assertion" classname="org.apache.jmeter.testbeans.gui.PackageTest" time="0.003"/>
  <testcase name="org.apache.jmeter.assertions.JSR223Assertion - pl -  pl class org.apache.jmeter.assertions.JSR223Assertion" classname="org.apache.jmeter.testbeans.gui.PackageTest" time="0.002"/>
  <testcase name="org.apache.jmeter.assertions.JSR223Assertion - pt - BR pt_BR class org.apache.jmeter.assertions.JSR223Assertion" classname="org.apache.jmeter.testbeans.gui.PackageTest" time="0.003"/>
  <testcase name="org.apache.jmeter.assertions.JSR223Assertion - es -  es class org.apache.jmeter.assertions.JSR223Assertion" classname="org.apache.jmeter.testbeans.gui.PackageTest" time="0.004"/>
  <testcase name="org.apache.jmeter.assertions.JSR223Assertion - tr -  tr class org.apache.jmeter.assertions.JSR223Assertion" classname="org.apache.jmeter.testbeans.gui.PackageTest" time="0.002"/>
  <testcase name="org.apache.jmeter.assertions.JSR223Assertion - ja -  ja class org.apache.jmeter.assertions.JSR223Assertion" classname="org.apache.jmeter.testbeans.gui.PackageTest" time="0.003"/>
  <testcase name="org.apache.jmeter.assertions.JSR223Assertion - zh - CN zh_CN class org.apache.jmeter.assertions.JSR223Assertion" classname="org.apache.jmeter.testbeans.gui.PackageTest" time="0.004"/>
  <testcase name="org.apache.jmeter.assertions.JSR223Assertion - zh - TW zh_TW class org.apache.jmeter.assertions.JSR223Assertion" classname="org.apache.jmeter.testbeans.gui.PackageTest" time="0.003"/>
  <testcase name="org.apache.jmeter.assertions.JSR223Assertion - ko -  ko class org.apache.jmeter.assertions.JSR223Assertion" classname="org.apache.jmeter.testbeans.gui.PackageTest" time="0.005"/>
  <testcase name="org.apache.jmeter.config.CSVDataSet - en -  en class org.apache.jmeter.config.CSVDataSet" classname="org.apache.jmeter.testbeans.gui.PackageTest" time="0.002"/>
  <testcase name="org.apache.jmeter.config.CSVDataSet - fr -  fr class org.apache.jmeter.config.CSVDataSet" classname="org.apache.jmeter.testbeans.gui.PackageTest" time="0.006"/>
  <testcase name="org.apache.jmeter.config.CSVDataSet - de -  de class org.apache.jmeter.config.CSVDataSet" classname="org.apache.jmeter.testbeans.gui.PackageTest" time="0.003"/>
  <testcase name="org.apache.jmeter.config.CSVDataSet - no -  no class org.apache.jmeter.config.CSVDataSet" classname="org.apache.jmeter.testbeans.gui.PackageTest" time="0.002"/>
  <testcase name="org.apache.jmeter.config.CSVDataSet - pl -  pl class org.apache.jmeter.config.CSVDataSet" classname="org.apache.jmeter.testbeans.gui.PackageTest" time="0.003"/>
  <testcase name="org.apache.jmeter.config.CSVDataSet - pt - BR pt_BR class org.apache.jmeter.config.CSVDataSet" classname="org.apache.jmeter.testbeans.gui.PackageTest" time="0.003"/>
  <testcase name="org.apache.jmeter.config.CSVDataSet - es -  es class org.apache.jmeter.config.CSVDataSet" classname="org.apache.jmeter.testbeans.gui.PackageTest" time="0.004"/>
  <testcase name="org.apache.jmeter.config.CSVDataSet - tr -  tr class org.apache.jmeter.config.CSVDataSet" classname="org.apache.jmeter.testbeans.gui.PackageTest" time="0.003"/>
  <testcase name="org.apache.jmeter.config.CSVDataSet - ja -  ja class org.apache.jmeter.config.CSVDataSet" classname="org.apache.jmeter.testbeans.gui.PackageTest" time="0.003"/>
  <testcase name="org.apache.jmeter.config.CSVDataSet - zh - CN zh_CN class org.apache.jmeter.config.CSVDataSet" classname="org.apache.jmeter.testbeans.gui.PackageTest" time="0.004"/>
  <testcase name="org.apache.jmeter.config.CSVDataSet - zh - TW zh_TW class org.apache.jmeter.config.CSVDataSet" classname="org.apache.jmeter.testbeans.gui.PackageTest" time="0.004"/>
  <testcase name="org.apache.jmeter.config.CSVDataSet - ko -  ko class org.apache.jmeter.config.CSVDataSet" classname="org.apache.jmeter.testbeans.gui.PackageTest" time="0.004"/>
  <testcase name="org.apache.jmeter.config.KeystoreConfig - en -  en class org.apache.jmeter.config.KeystoreConfig" classname="org.apache.jmeter.testbeans.gui.PackageTest" time="0.001"/>
  <testcase name="org.apache.jmeter.config.KeystoreConfig - fr -  fr class org.apache.jmeter.config.KeystoreConfig" classname="org.apache.jmeter.testbeans.gui.PackageTest" time="0.004"/>
  <testcase name="org.apache.jmeter.config.KeystoreConfig - de -  de class org.apache.jmeter.config.KeystoreConfig" classname="org.apache.jmeter.testbeans.gui.PackageTest" time="0.003"/>
  <testcase name="org.apache.jmeter.config.KeystoreConfig - no -  no class org.apache.jmeter.config.KeystoreConfig" classname="org.apache.jmeter.testbeans.gui.PackageTest" time="0.003"/>
  <testcase name="org.apache.jmeter.config.KeystoreConfig - pl -  pl class org.apache.jmeter.config.KeystoreConfig" classname="org.apache.jmeter.testbeans.gui.PackageTest" time="0.004"/>
  <testcase name="org.apache.jmeter.config.KeystoreConfig - pt - BR pt_BR class org.apache.jmeter.config.KeystoreConfig" classname="org.apache.jmeter.testbeans.gui.PackageTest" time="0.003"/>
  <testcase name="org.apache.jmeter.config.KeystoreConfig - es -  es class org.apache.jmeter.config.KeystoreConfig" classname="org.apache.jmeter.testbeans.gui.PackageTest" time="0.004"/>
  <testcase name="org.apache.jmeter.config.KeystoreConfig - tr -  tr class org.apache.jmeter.config.KeystoreConfig" classname="org.apache.jmeter.testbeans.gui.PackageTest" time="0.002"/>
  <testcase name="org.apache.jmeter.config.KeystoreConfig - ja -  ja class org.apache.jmeter.config.KeystoreConfig" classname="org.apache.jmeter.testbeans.gui.PackageTest" time="0.002"/>
  <testcase name="org.apache.jmeter.config.KeystoreConfig - zh - CN zh_CN class org.apache.jmeter.config.KeystoreConfig" classname="org.apache.jmeter.testbeans.gui.PackageTest" time="0.004"/>
  <testcase name="org.apache.jmeter.config.KeystoreConfig - zh - TW zh_TW class org.apache.jmeter.config.KeystoreConfig" classname="org.apache.jmeter.testbeans.gui.PackageTest" time="0.003"/>
  <testcase name="org.apache.jmeter.config.KeystoreConfig - ko -  ko class org.apache.jmeter.config.KeystoreConfig" classname="org.apache.jmeter.testbeans.gui.PackageTest" time="0.004"/>
  <testcase name="org.apache.jmeter.config.RandomVariableConfig - en -  en class org.apache.jmeter.config.RandomVariableConfig" classname="org.apache.jmeter.testbeans.gui.PackageTest" time="0.001"/>
  <testcase name="org.apache.jmeter.config.RandomVariableConfig - fr -  fr class org.apache.jmeter.config.RandomVariableConfig" classname="org.apache.jmeter.testbeans.gui.PackageTest" time="0.004"/>
  <testcase name="org.apache.jmeter.config.RandomVariableConfig - de -  de class org.apache.jmeter.config.RandomVariableConfig" classname="org.apache.jmeter.testbeans.gui.PackageTest" time="0.001"/>
  <testcase name="org.apache.jmeter.config.RandomVariableConfig - no -  no class org.apache.jmeter.config.RandomVariableConfig" classname="org.apache.jmeter.testbeans.gui.PackageTest" time="0.002"/>
  <testcase name="org.apache.jmeter.config.RandomVariableConfig - pl -  pl class org.apache.jmeter.config.RandomVariableConfig" classname="org.apache.jmeter.testbeans.gui.PackageTest" time="0.003"/>
  <testcase name="org.apache.jmeter.config.RandomVariableConfig - pt - BR pt_BR class org.apache.jmeter.config.RandomVariableConfig" classname="org.apache.jmeter.testbeans.gui.PackageTest" time="0.004"/>
  <testcase name="org.apache.jmeter.config.RandomVariableConfig - es -  es class org.apache.jmeter.config.RandomVariableConfig" classname="org.apache.jmeter.testbeans.gui.PackageTest" time="0.003"/>
  <testcase name="org.apache.jmeter.config.RandomVariableConfig - tr -  tr class org.apache.jmeter.config.RandomVariableConfig" classname="org.apache.jmeter.testbeans.gui.PackageTest" time="0.003"/>
  <testcase name="org.apache.jmeter.config.RandomVariableConfig - ja -  ja class org.apache.jmeter.config.RandomVariableConfig" classname="org.apache.jmeter.testbeans.gui.PackageTest" time="0.001"/>
  <testcase name="org.apache.jmeter.config.RandomVariableConfig - zh - CN zh_CN class org.apache.jmeter.config.RandomVariableConfig" classname="org.apache.jmeter.testbeans.gui.PackageTest" time="0.003"/>
  <testcase name="org.apache.jmeter.config.RandomVariableConfig - zh - TW zh_TW class org.apache.jmeter.config.RandomVariableConfig" classname="org.apache.jmeter.testbeans.gui.PackageTest" time="0.003"/>
  <testcase name="org.apache.jmeter.config.RandomVariableConfig - ko -  ko class org.apache.jmeter.config.RandomVariableConfig" classname="org.apache.jmeter.testbeans.gui.PackageTest" time="0.004"/>
  <testcase name="org.apache.jmeter.extractor.BSFPostProcessor - en -  en class org.apache.jmeter.extractor.BSFPostProcessor" classname="org.apache.jmeter.testbeans.gui.PackageTest" time="0.002"/>
  <testcase name="org.apache.jmeter.extractor.BSFPostProcessor - fr -  fr class org.apache.jmeter.extractor.BSFPostProcessor" classname="org.apache.jmeter.testbeans.gui.PackageTest" time="0.004"/>
  <testcase name="org.apache.jmeter.extractor.BSFPostProcessor - de -  de class org.apache.jmeter.extractor.BSFPostProcessor" classname="org.apache.jmeter.testbeans.gui.PackageTest" time="0.003"/>
  <testcase name="org.apache.jmeter.extractor.BSFPostProcessor - no -  no class org.apache.jmeter.extractor.BSFPostProcessor" classname="org.apache.jmeter.testbeans.gui.PackageTest" time="0.003"/>
  <testcase name="org.apache.jmeter.extractor.BSFPostProcessor - pl -  pl class org.apache.jmeter.extractor.BSFPostProcessor" classname="org.apache.jmeter.testbeans.gui.PackageTest" time="0.003"/>
  <testcase name="org.apache.jmeter.extractor.BSFPostProcessor - pt - BR pt_BR class org.apache.jmeter.extractor.BSFPostProcessor" classname="org.apache.jmeter.testbeans.gui.PackageTest" time="0.003"/>
  <testcase name="org.apache.jmeter.extractor.BSFPostProcessor - es -  es class org.apache.jmeter.extractor.BSFPostProcessor" classname="org.apache.jmeter.testbeans.gui.PackageTest" time="0.002"/>
  <testcase name="org.apache.jmeter.extractor.BSFPostProcessor - tr -  tr class org.apache.jmeter.extractor.BSFPostProcessor" classname="org.apache.jmeter.testbeans.gui.PackageTest" time="0.003"/>
  <testcase name="org.apache.jmeter.extractor.BSFPostProcessor - ja -  ja class org.apache.jmeter.extractor.BSFPostProcessor" classname="org.apache.jmeter.testbeans.gui.PackageTest" time="0.002"/>
  <testcase name="org.apache.jmeter.extractor.BSFPostProcessor - zh - CN zh_CN class org.apache.jmeter.extractor.BSFPostProcessor" classname="org.apache.jmeter.testbeans.gui.PackageTest" time="0.004"/>
  <testcase name="org.apache.jmeter.extractor.BSFPostProcessor - zh - TW zh_TW class org.apache.jmeter.extractor.BSFPostProcessor" classname="org.apache.jmeter.testbeans.gui.PackageTest" time="0.003"/>
  <testcase name="org.apache.jmeter.extractor.BSFPostProcessor - ko -  ko class org.apache.jmeter.extractor.BSFPostProcessor" classname="org.apache.jmeter.testbeans.gui.PackageTest" time="0.003"/>
  <testcase name="org.apache.jmeter.extractor.BeanShellPostProcessor - en -  en class org.apache.jmeter.extractor.BeanShellPostProcessor" classname="org.apache.jmeter.testbeans.gui.PackageTest" time="0.002"/>
  <testcase name="org.apache.jmeter.extractor.BeanShellPostProcessor - fr -  fr class org.apache.jmeter.extractor.BeanShellPostProcessor" classname="org.apache.jmeter.testbeans.gui.PackageTest" time="0.003"/>
  <testcase name="org.apache.jmeter.extractor.BeanShellPostProcessor - de -  de class org.apache.jmeter.extractor.BeanShellPostProcessor" classname="org.apache.jmeter.testbeans.gui.PackageTest" time="0.003"/>
  <testcase name="org.apache.jmeter.extractor.BeanShellPostProcessor - no -  no class org.apache.jmeter.extractor.BeanShellPostProcessor" classname="org.apache.jmeter.testbeans.gui.PackageTest" time="0.002"/>
  <testcase name="org.apache.jmeter.extractor.BeanShellPostProcessor - pl -  pl class org.apache.jmeter.extractor.BeanShellPostProcessor" classname="org.apache.jmeter.testbeans.gui.PackageTest" time="0.003"/>
  <testcase name="org.apache.jmeter.extractor.BeanShellPostProcessor - pt - BR pt_BR class org.apache.jmeter.extractor.BeanShellPostProcessor" classname="org.apache.jmeter.testbeans.gui.PackageTest" time="0.003"/>
  <testcase name="org.apache.jmeter.extractor.BeanShellPostProcessor - es -  es class org.apache.jmeter.extractor.BeanShellPostProcessor" classname="org.apache.jmeter.testbeans.gui.PackageTest" time="0.002"/>
  <testcase name="org.apache.jmeter.extractor.BeanShellPostProcessor - tr -  tr class org.apache.jmeter.extractor.BeanShellPostProcessor" classname="org.apache.jmeter.testbeans.gui.PackageTest" time="0.003"/>
  <testcase name="org.apache.jmeter.extractor.BeanShellPostProcessor - ja -  ja class org.apache.jmeter.extractor.BeanShellPostProcessor" classname="org.apache.jmeter.testbeans.gui.PackageTest" time="0.003"/>
  <testcase name="org.apache.jmeter.extractor.BeanShellPostProcessor - zh - CN zh_CN class org.apache.jmeter.extractor.BeanShellPostProcessor" classname="org.apache.jmeter.testbeans.gui.PackageTest" time="0.006"/>
  <testcase name="org.apache.jmeter.extractor.BeanShellPostProcessor - zh - TW zh_TW class org.apache.jmeter.extractor.BeanShellPostProcessor" classname="org.apache.jmeter.testbeans.gui.PackageTest" time="0.003"/>
  <testcase name="org.apache.jmeter.extractor.BeanShellPostProcessor - ko -  ko class org.apache.jmeter.extractor.BeanShellPostProcessor" classname="org.apache.jmeter.testbeans.gui.PackageTest" time="0.004"/>
  <testcase name="org.apache.jmeter.extractor.DebugPostProcessor - en -  en class org.apache.jmeter.extractor.DebugPostProcessor" classname="org.apache.jmeter.testbeans.gui.PackageTest" time="0.002"/>
  <testcase name="org.apache.jmeter.extractor.DebugPostProcessor - fr -  fr class org.apache.jmeter.extractor.DebugPostProcessor" classname="org.apache.jmeter.testbeans.gui.PackageTest" time="0.005"/>
  <testcase name="org.apache.jmeter.extractor.DebugPostProcessor - de -  de class org.apache.jmeter.extractor.DebugPostProcessor" classname="org.apache.jmeter.testbeans.gui.PackageTest" time="0.003"/>
  <testcase name="org.apache.jmeter.extractor.DebugPostProcessor - no -  no class org.apache.jmeter.extractor.DebugPostProcessor" classname="org.apache.jmeter.testbeans.gui.PackageTest" time="0.002"/>
  <testcase name="org.apache.jmeter.extractor.DebugPostProcessor - pl -  pl class org.apache.jmeter.extractor.DebugPostProcessor" classname="org.apache.jmeter.testbeans.gui.PackageTest" time="0.002"/>
  <testcase name="org.apache.jmeter.extractor.DebugPostProcessor - pt - BR pt_BR class org.apache.jmeter.extractor.DebugPostProcessor" classname="org.apache.jmeter.testbeans.gui.PackageTest" time="0.002"/>
  <testcase name="org.apache.jmeter.extractor.DebugPostProcessor - es -  es class org.apache.jmeter.extractor.DebugPostProcessor" classname="org.apache.jmeter.testbeans.gui.PackageTest" time="0.003"/>
  <testcase name="org.apache.jmeter.extractor.DebugPostProcessor - tr -  tr class org.apache.jmeter.extractor.DebugPostProcessor" classname="org.apache.jmeter.testbeans.gui.PackageTest" time="0.004"/>
  <testcase name="org.apache.jmeter.extractor.DebugPostProcessor - ja -  ja class org.apache.jmeter.extractor.DebugPostProcessor" classname="org.apache.jmeter.testbeans.gui.PackageTest" time="0.003"/>
  <testcase name="org.apache.jmeter.extractor.DebugPostProcessor - zh - CN zh_CN class org.apache.jmeter.extractor.DebugPostProcessor" classname="org.apache.jmeter.testbeans.gui.PackageTest" time="0.007"/>
  <testcase name="org.apache.jmeter.extractor.DebugPostProcessor - zh - TW zh_TW class org.apache.jmeter.extractor.DebugPostProcessor" classname="org.apache.jmeter.testbeans.gui.PackageTest" time="0.002"/>
  <testcase name="org.apache.jmeter.extractor.DebugPostProcessor - ko -  ko class org.apache.jmeter.extractor.DebugPostProcessor" classname="org.apache.jmeter.testbeans.gui.PackageTest" time="0.003"/>
  <testcase name="org.apache.jmeter.extractor.JSR223PostProcessor - en -  en class org.apache.jmeter.extractor.JSR223PostProcessor" classname="org.apache.jmeter.testbeans.gui.PackageTest" time="0.001"/>
  <testcase name="org.apache.jmeter.extractor.JSR223PostProcessor - fr -  fr class org.apache.jmeter.extractor.JSR223PostProcessor" classname="org.apache.jmeter.testbeans.gui.PackageTest" time="0.004"/>
  <testcase name="org.apache.jmeter.extractor.JSR223PostProcessor - de -  de class org.apache.jmeter.extractor.JSR223PostProcessor" classname="org.apache.jmeter.testbeans.gui.PackageTest" time="0.003"/>
  <testcase name="org.apache.jmeter.extractor.JSR223PostProcessor - no -  no class org.apache.jmeter.extractor.JSR223PostProcessor" classname="org.apache.jmeter.testbeans.gui.PackageTest" time="0.002"/>
  <testcase name="org.apache.jmeter.extractor.JSR223PostProcessor - pl -  pl class org.apache.jmeter.extractor.JSR223PostProcessor" classname="org.apache.jmeter.testbeans.gui.PackageTest" time="0.003"/>
  <testcase name="org.apache.jmeter.extractor.JSR223PostProcessor - pt - BR pt_BR class org.apache.jmeter.extractor.JSR223PostProcessor" classname="org.apache.jmeter.testbeans.gui.PackageTest" time="0.003"/>
  <testcase name="org.apache.jmeter.extractor.JSR223PostProcessor - es -  es class org.apache.jmeter.extractor.JSR223PostProcessor" classname="org.apache.jmeter.testbeans.gui.PackageTest" time="0.003"/>
  <testcase name="org.apache.jmeter.extractor.JSR223PostProcessor - tr -  tr class org.apache.jmeter.extractor.JSR223PostProcessor" classname="org.apache.jmeter.testbeans.gui.PackageTest" time="0.003"/>
  <testcase name="org.apache.jmeter.extractor.JSR223PostProcessor - ja -  ja class org.apache.jmeter.extractor.JSR223PostProcessor" classname="org.apache.jmeter.testbeans.gui.PackageTest" time="0.005"/>
  <testcase name="org.apache.jmeter.extractor.JSR223PostProcessor - zh - CN zh_CN class org.apache.jmeter.extractor.JSR223PostProcessor" classname="org.apache.jmeter.testbeans.gui.PackageTest" time="0.004"/>
  <testcase name="org.apache.jmeter.extractor.JSR223PostProcessor - zh - TW zh_TW class org.apache.jmeter.extractor.JSR223PostProcessor" classname="org.apache.jmeter.testbeans.gui.PackageTest" time="0.003"/>
  <testcase name="org.apache.jmeter.extractor.JSR223PostProcessor - ko -  ko class org.apache.jmeter.extractor.JSR223PostProcessor" classname="org.apache.jmeter.testbeans.gui.PackageTest" time="0.004"/>
  <testcase name="org.apache.jmeter.modifiers.BSFPreProcessor - en -  en class org.apache.jmeter.modifiers.BSFPreProcessor" classname="org.apache.jmeter.testbeans.gui.PackageTest" time="0.001"/>
  <testcase name="org.apache.jmeter.modifiers.BSFPreProcessor - fr -  fr class org.apache.jmeter.modifiers.BSFPreProcessor" classname="org.apache.jmeter.testbeans.gui.PackageTest" time="0.005"/>
  <testcase name="org.apache.jmeter.modifiers.BSFPreProcessor - de -  de class org.apache.jmeter.modifiers.BSFPreProcessor" classname="org.apache.jmeter.testbeans.gui.PackageTest" time="0.003"/>
  <testcase name="org.apache.jmeter.modifiers.BSFPreProcessor - no -  no class org.apache.jmeter.modifiers.BSFPreProcessor" classname="org.apache.jmeter.testbeans.gui.PackageTest" time="0.003"/>
  <testcase name="org.apache.jmeter.modifiers.BSFPreProcessor - pl -  pl class org.apache.jmeter.modifiers.BSFPreProcessor" classname="org.apache.jmeter.testbeans.gui.PackageTest" time="0.002"/>
  <testcase name="org.apache.jmeter.modifiers.BSFPreProcessor - pt - BR pt_BR class org.apache.jmeter.modifiers.BSFPreProcessor" classname="org.apache.jmeter.testbeans.gui.PackageTest" time="0.002"/>
  <testcase name="org.apache.jmeter.modifiers.BSFPreProcessor - es -  es class org.apache.jmeter.modifiers.BSFPreProcessor" classname="org.apache.jmeter.testbeans.gui.PackageTest" time="0.003"/>
  <testcase name="org.apache.jmeter.modifiers.BSFPreProcessor - tr -  tr class org.apache.jmeter.modifiers.BSFPreProcessor" classname="org.apache.jmeter.testbeans.gui.PackageTest" time="0.002"/>
  <testcase name="org.apache.jmeter.modifiers.BSFPreProcessor - ja -  ja class org.apache.jmeter.modifiers.BSFPreProcessor" classname="org.apache.jmeter.testbeans.gui.PackageTest" time="0.004"/>
  <testcase name="org.apache.jmeter.modifiers.BSFPreProcessor - zh - CN zh_CN class org.apache.jmeter.modifiers.BSFPreProcessor" classname="org.apache.jmeter.testbeans.gui.PackageTest" time="0.006"/>
  <testcase name="org.apache.jmeter.modifiers.BSFPreProcessor - zh - TW zh_TW class org.apache.jmeter.modifiers.BSFPreProcessor" classname="org.apache.jmeter.testbeans.gui.PackageTest" time="0.003"/>
  <testcase name="org.apache.jmeter.modifiers.BSFPreProcessor - ko -  ko class org.apache.jmeter.modifiers.BSFPreProcessor" classname="org.apache.jmeter.testbeans.gui.PackageTest" time="0.004"/>
  <testcase name="org.apache.jmeter.modifiers.BeanShellPreProcessor - en -  en class org.apache.jmeter.modifiers.BeanShellPreProcessor" classname="org.apache.jmeter.testbeans.gui.PackageTest" time="0.004"/>
  <testcase name="org.apache.jmeter.modifiers.BeanShellPreProcessor - fr -  fr class org.apache.jmeter.modifiers.BeanShellPreProcessor" classname="org.apache.jmeter.testbeans.gui.PackageTest" time="0.004"/>
  <testcase name="org.apache.jmeter.modifiers.BeanShellPreProcessor - de -  de class org.apache.jmeter.modifiers.BeanShellPreProcessor" classname="org.apache.jmeter.testbeans.gui.PackageTest" time="0.003"/>
  <testcase name="org.apache.jmeter.modifiers.BeanShellPreProcessor - no -  no class org.apache.jmeter.modifiers.BeanShellPreProcessor" classname="org.apache.jmeter.testbeans.gui.PackageTest" time="0.003"/>
  <testcase name="org.apache.jmeter.modifiers.BeanShellPreProcessor - pl -  pl class org.apache.jmeter.modifiers.BeanShellPreProcessor" classname="org.apache.jmeter.testbeans.gui.PackageTest" time="0.003"/>
  <testcase name="org.apache.jmeter.modifiers.BeanShellPreProcessor - pt - BR pt_BR class org.apache.jmeter.modifiers.BeanShellPreProcessor" classname="org.apache.jmeter.testbeans.gui.PackageTest" time="0.003"/>
  <testcase name="org.apache.jmeter.modifiers.BeanShellPreProcessor - es -  es class org.apache.jmeter.modifiers.BeanShellPreProcessor" classname="org.apache.jmeter.testbeans.gui.PackageTest" time="0.004"/>
  <testcase name="org.apache.jmeter.modifiers.BeanShellPreProcessor - tr -  tr class org.apache.jmeter.modifiers.BeanShellPreProcessor" classname="org.apache.jmeter.testbeans.gui.PackageTest" time="0.003"/>
  <testcase name="org.apache.jmeter.modifiers.BeanShellPreProcessor - ja -  ja class org.apache.jmeter.modifiers.BeanShellPreProcessor" classname="org.apache.jmeter.testbeans.gui.PackageTest" time="0.003"/>
  <testcase name="org.apache.jmeter.modifiers.BeanShellPreProcessor - zh - CN zh_CN class org.apache.jmeter.modifiers.BeanShellPreProcessor" classname="org.apache.jmeter.testbeans.gui.PackageTest" time="0.006"/>
  <testcase name="org.apache.jmeter.modifiers.BeanShellPreProcessor - zh - TW zh_TW class org.apache.jmeter.modifiers.BeanShellPreProcessor" classname="org.apache.jmeter.testbeans.gui.PackageTest" time="0.006"/>
  <testcase name="org.apache.jmeter.modifiers.BeanShellPreProcessor - ko -  ko class org.apache.jmeter.modifiers.BeanShellPreProcessor" classname="org.apache.jmeter.testbeans.gui.PackageTest" time="0.004"/>
  <testcase name="org.apache.jmeter.modifiers.JSR223PreProcessor - en -  en class org.apache.jmeter.modifiers.JSR223PreProcessor" classname="org.apache.jmeter.testbeans.gui.PackageTest" time="0.001"/>
  <testcase name="org.apache.jmeter.modifiers.JSR223PreProcessor - fr -  fr class org.apache.jmeter.modifiers.JSR223PreProcessor" classname="org.apache.jmeter.testbeans.gui.PackageTest" time="0.004"/>
  <testcase name="org.apache.jmeter.modifiers.JSR223PreProcessor - de -  de class org.apache.jmeter.modifiers.JSR223PreProcessor" classname="org.apache.jmeter.testbeans.gui.PackageTest" time="0.003"/>
  <testcase name="org.apache.jmeter.modifiers.JSR223PreProcessor - no -  no class org.apache.jmeter.modifiers.JSR223PreProcessor" classname="org.apache.jmeter.testbeans.gui.PackageTest" time="0.002"/>
  <testcase name="org.apache.jmeter.modifiers.JSR223PreProcessor - pl -  pl class org.apache.jmeter.modifiers.JSR223PreProcessor" classname="org.apache.jmeter.testbeans.gui.PackageTest" time="0.003"/>
  <testcase name="org.apache.jmeter.modifiers.JSR223PreProcessor - pt - BR pt_BR class org.apache.jmeter.modifiers.JSR223PreProcessor" classname="org.apache.jmeter.testbeans.gui.PackageTest" time="0.006"/>
  <testcase name="org.apache.jmeter.modifiers.JSR223PreProcessor - es -  es class org.apache.jmeter.modifiers.JSR223PreProcessor" classname="org.apache.jmeter.testbeans.gui.PackageTest" time="0.003"/>
  <testcase name="org.apache.jmeter.modifiers.JSR223PreProcessor - tr -  tr class org.apache.jmeter.modifiers.JSR223PreProcessor" classname="org.apache.jmeter.testbeans.gui.PackageTest" time="0.004"/>
  <testcase name="org.apache.jmeter.modifiers.JSR223PreProcessor - ja -  ja class org.apache.jmeter.modifiers.JSR223PreProcessor" classname="org.apache.jmeter.testbeans.gui.PackageTest" time="0.004"/>
  <testcase name="org.apache.jmeter.modifiers.JSR223PreProcessor - zh - CN zh_CN class org.apache.jmeter.modifiers.JSR223PreProcessor" classname="org.apache.jmeter.testbeans.gui.PackageTest" time="0.006"/>
  <testcase name="org.apache.jmeter.modifiers.JSR223PreProcessor - zh - TW zh_TW class org.apache.jmeter.modifiers.JSR223PreProcessor" classname="org.apache.jmeter.testbeans.gui.PackageTest" time="0.003"/>
  <testcase name="org.apache.jmeter.modifiers.JSR223PreProcessor - ko -  ko class org.apache.jmeter.modifiers.JSR223PreProcessor" classname="org.apache.jmeter.testbeans.gui.PackageTest" time="0.003"/>
  <testcase name="org.apache.jmeter.protocol.bolt.config.BoltConnectionElement - en -  en class org.apache.jmeter.protocol.bolt.config.BoltConnectionElement" classname="org.apache.jmeter.testbeans.gui.PackageTest" time="0.001"/>
  <testcase name="org.apache.jmeter.protocol.bolt.config.BoltConnectionElement - fr -  fr class org.apache.jmeter.protocol.bolt.config.BoltConnectionElement" classname="org.apache.jmeter.testbeans.gui.PackageTest" time="0.004"/>
  <testcase name="org.apache.jmeter.protocol.bolt.config.BoltConnectionElement - de -  de class org.apache.jmeter.protocol.bolt.config.BoltConnectionElement" classname="org.apache.jmeter.testbeans.gui.PackageTest" time="0.004"/>
  <testcase name="org.apache.jmeter.protocol.bolt.config.BoltConnectionElement - no -  no class org.apache.jmeter.protocol.bolt.config.BoltConnectionElement" classname="org.apache.jmeter.testbeans.gui.PackageTest" time="0.003"/>
  <testcase name="org.apache.jmeter.protocol.bolt.config.BoltConnectionElement - pl -  pl class org.apache.jmeter.protocol.bolt.config.BoltConnectionElement" classname="org.apache.jmeter.testbeans.gui.PackageTest" time="0.003"/>
  <testcase name="org.apache.jmeter.protocol.bolt.config.BoltConnectionElement - pt - BR pt_BR class org.apache.jmeter.protocol.bolt.config.BoltConnectionElement" classname="org.apache.jmeter.testbeans.gui.PackageTest" time="0.003"/>
  <testcase name="org.apache.jmeter.protocol.bolt.config.BoltConnectionElement - es -  es class org.apache.jmeter.protocol.bolt.config.BoltConnectionElement" classname="org.apache.jmeter.testbeans.gui.PackageTest" time="0.003"/>
  <testcase name="org.apache.jmeter.protocol.bolt.config.BoltConnectionElement - tr -  tr class org.apache.jmeter.protocol.bolt.config.BoltConnectionElement" classname="org.apache.jmeter.testbeans.gui.PackageTest" time="0.003"/>
  <testcase name="org.apache.jmeter.protocol.bolt.config.BoltConnectionElement - ja -  ja class org.apache.jmeter.protocol.bolt.config.BoltConnectionElement" classname="org.apache.jmeter.testbeans.gui.PackageTest" time="0.003"/>
  <testcase name="org.apache.jmeter.protocol.bolt.config.BoltConnectionElement - zh - CN zh_CN class org.apache.jmeter.protocol.bolt.config.BoltConnectionElement" classname="org.apache.jmeter.testbeans.gui.PackageTest" time="0.007"/>
  <testcase name="org.apache.jmeter.protocol.bolt.config.BoltConnectionElement - zh - TW zh_TW class org.apache.jmeter.protocol.bolt.config.BoltConnectionElement" classname="org.apache.jmeter.testbeans.gui.PackageTest" time="0.005"/>
  <testcase name="org.apache.jmeter.protocol.bolt.config.BoltConnectionElement - ko -  ko class org.apache.jmeter.protocol.bolt.config.BoltConnectionElement" classname="org.apache.jmeter.testbeans.gui.PackageTest" time="0.005"/>
  <testcase name="org.apache.jmeter.protocol.bolt.sampler.BoltSampler - en -  en class org.apache.jmeter.protocol.bolt.sampler.BoltSampler" classname="org.apache.jmeter.testbeans.gui.PackageTest" time="0.001"/>
  <testcase name="org.apache.jmeter.protocol.bolt.sampler.BoltSampler - fr -  fr class org.apache.jmeter.protocol.bolt.sampler.BoltSampler" classname="org.apache.jmeter.testbeans.gui.PackageTest" time="0.011"/>
  <testcase name="org.apache.jmeter.protocol.bolt.sampler.BoltSampler - de -  de class org.apache.jmeter.protocol.bolt.sampler.BoltSampler" classname="org.apache.jmeter.testbeans.gui.PackageTest" time="0.005"/>
  <testcase name="org.apache.jmeter.protocol.bolt.sampler.BoltSampler - no -  no class org.apache.jmeter.protocol.bolt.sampler.BoltSampler" classname="org.apache.jmeter.testbeans.gui.PackageTest" time="0.003"/>
  <testcase name="org.apache.jmeter.protocol.bolt.sampler.BoltSampler - pl -  pl class org.apache.jmeter.protocol.bolt.sampler.BoltSampler" classname="org.apache.jmeter.testbeans.gui.PackageTest" time="0.003"/>
  <testcase name="org.apache.jmeter.protocol.bolt.sampler.BoltSampler - pt - BR pt_BR class org.apache.jmeter.protocol.bolt.sampler.BoltSampler" classname="org.apache.jmeter.testbeans.gui.PackageTest" time="0.003"/>
  <testcase name="org.apache.jmeter.protocol.bolt.sampler.BoltSampler - es -  es class org.apache.jmeter.protocol.bolt.sampler.BoltSampler" classname="org.apache.jmeter.testbeans.gui.PackageTest" time="0.002"/>
  <testcase name="org.apache.jmeter.protocol.bolt.sampler.BoltSampler - tr -  tr class org.apache.jmeter.protocol.bolt.sampler.BoltSampler" classname="org.apache.jmeter.testbeans.gui.PackageTest" time="0.003"/>
  <testcase name="org.apache.jmeter.protocol.bolt.sampler.BoltSampler - ja -  ja class org.apache.jmeter.protocol.bolt.sampler.BoltSampler" classname="org.apache.jmeter.testbeans.gui.PackageTest" time="0.003"/>
  <testcase name="org.apache.jmeter.protocol.bolt.sampler.BoltSampler - zh - CN zh_CN class org.apache.jmeter.protocol.bolt.sampler.BoltSampler" classname="org.apache.jmeter.testbeans.gui.PackageTest" time="0.005"/>
  <testcase name="org.apache.jmeter.protocol.bolt.sampler.BoltSampler - zh - TW zh_TW class org.apache.jmeter.protocol.bolt.sampler.BoltSampler" classname="org.apache.jmeter.testbeans.gui.PackageTest" time="0.006"/>
  <testcase name="org.apache.jmeter.protocol.bolt.sampler.BoltSampler - ko -  ko class org.apache.jmeter.protocol.bolt.sampler.BoltSampler" classname="org.apache.jmeter.testbeans.gui.PackageTest" time="0.004"/>
  <testcase name="org.apache.jmeter.protocol.http.sampler.AccessLogSampler - en -  en class org.apache.jmeter.protocol.http.sampler.AccessLogSampler" classname="org.apache.jmeter.testbeans.gui.PackageTest" time="0.015"/>
  <testcase name="org.apache.jmeter.protocol.http.sampler.AccessLogSampler - fr -  fr class org.apache.jmeter.protocol.http.sampler.AccessLogSampler" classname="org.apache.jmeter.testbeans.gui.PackageTest" time="0.014"/>
  <testcase name="org.apache.jmeter.protocol.http.sampler.AccessLogSampler - de -  de class org.apache.jmeter.protocol.http.sampler.AccessLogSampler" classname="org.apache.jmeter.testbeans.gui.PackageTest" time="0.013"/>
  <testcase name="org.apache.jmeter.protocol.http.sampler.AccessLogSampler - no -  no class org.apache.jmeter.protocol.http.sampler.AccessLogSampler" classname="org.apache.jmeter.testbeans.gui.PackageTest" time="0.013"/>
  <testcase name="org.apache.jmeter.protocol.http.sampler.AccessLogSampler - pl -  pl class org.apache.jmeter.protocol.http.sampler.AccessLogSampler" classname="org.apache.jmeter.testbeans.gui.PackageTest" time="0.012"/>
  <testcase name="org.apache.jmeter.protocol.http.sampler.AccessLogSampler - pt - BR pt_BR class org.apache.jmeter.protocol.http.sampler.AccessLogSampler" classname="org.apache.jmeter.testbeans.gui.PackageTest" time="0.014"/>
  <testcase name="org.apache.jmeter.protocol.http.sampler.AccessLogSampler - es -  es class org.apache.jmeter.protocol.http.sampler.AccessLogSampler" classname="org.apache.jmeter.testbeans.gui.PackageTest" time="0.013"/>
  <testcase name="org.apache.jmeter.protocol.http.sampler.AccessLogSampler - tr -  tr class org.apache.jmeter.protocol.http.sampler.AccessLogSampler" classname="org.apache.jmeter.testbeans.gui.PackageTest" time="0.015"/>
  <testcase name="org.apache.jmeter.protocol.http.sampler.AccessLogSampler - ja -  ja class org.apache.jmeter.protocol.http.sampler.AccessLogSampler" classname="org.apache.jmeter.testbeans.gui.PackageTest" time="0.013"/>
  <testcase name="org.apache.jmeter.protocol.http.sampler.AccessLogSampler - zh - CN zh_CN class org.apache.jmeter.protocol.http.sampler.AccessLogSampler" classname="org.apache.jmeter.testbeans.gui.PackageTest" time="0.014"/>
  <testcase name="org.apache.jmeter.protocol.http.sampler.AccessLogSampler - zh - TW zh_TW class org.apache.jmeter.protocol.http.sampler.AccessLogSampler" classname="org.apache.jmeter.testbeans.gui.PackageTest" time="0.013"/>
  <testcase name="org.apache.jmeter.protocol.http.sampler.AccessLogSampler - ko -  ko class org.apache.jmeter.protocol.http.sampler.AccessLogSampler" classname="org.apache.jmeter.testbeans.gui.PackageTest" time="0.015"/>
  <testcase name="org.apache.jmeter.protocol.java.sampler.BSFSampler - en -  en class org.apache.jmeter.protocol.java.sampler.BSFSampler" classname="org.apache.jmeter.testbeans.gui.PackageTest" time="0.001"/>
  <testcase name="org.apache.jmeter.protocol.java.sampler.BSFSampler - fr -  fr class org.apache.jmeter.protocol.java.sampler.BSFSampler" classname="org.apache.jmeter.testbeans.gui.PackageTest" time="0.003"/>
  <testcase name="org.apache.jmeter.protocol.java.sampler.BSFSampler - de -  de class org.apache.jmeter.protocol.java.sampler.BSFSampler" classname="org.apache.jmeter.testbeans.gui.PackageTest" time="0.003"/>
  <testcase name="org.apache.jmeter.protocol.java.sampler.BSFSampler - no -  no class org.apache.jmeter.protocol.java.sampler.BSFSampler" classname="org.apache.jmeter.testbeans.gui.PackageTest" time="0.003"/>
  <testcase name="org.apache.jmeter.protocol.java.sampler.BSFSampler - pl -  pl class org.apache.jmeter.protocol.java.sampler.BSFSampler" classname="org.apache.jmeter.testbeans.gui.PackageTest" time="0.002"/>
  <testcase name="org.apache.jmeter.protocol.java.sampler.BSFSampler - pt - BR pt_BR class org.apache.jmeter.protocol.java.sampler.BSFSampler" classname="org.apache.jmeter.testbeans.gui.PackageTest" time="0.001"/>
  <testcase name="org.apache.jmeter.protocol.java.sampler.BSFSampler - es -  es class org.apache.jmeter.protocol.java.sampler.BSFSampler" classname="org.apache.jmeter.testbeans.gui.PackageTest" time="0.003"/>
  <testcase name="org.apache.jmeter.protocol.java.sampler.BSFSampler - tr -  tr class org.apache.jmeter.protocol.java.sampler.BSFSampler" classname="org.apache.jmeter.testbeans.gui.PackageTest" time="0.003"/>
  <testcase name="org.apache.jmeter.protocol.java.sampler.BSFSampler - ja -  ja class org.apache.jmeter.protocol.java.sampler.BSFSampler" classname="org.apache.jmeter.testbeans.gui.PackageTest" time="0.003"/>
  <testcase name="org.apache.jmeter.protocol.java.sampler.BSFSampler - zh - CN zh_CN class org.apache.jmeter.protocol.java.sampler.BSFSampler" classname="org.apache.jmeter.testbeans.gui.PackageTest" time="0.004"/>
  <testcase name="org.apache.jmeter.protocol.java.sampler.BSFSampler - zh - TW zh_TW class org.apache.jmeter.protocol.java.sampler.BSFSampler" classname="org.apache.jmeter.testbeans.gui.PackageTest" time="0.004"/>
  <testcase name="org.apache.jmeter.protocol.java.sampler.BSFSampler - ko -  ko class org.apache.jmeter.protocol.java.sampler.BSFSampler" classname="org.apache.jmeter.testbeans.gui.PackageTest" time="0.004"/>
  <testcase name="org.apache.jmeter.protocol.java.sampler.JSR223Sampler - en -  en class org.apache.jmeter.protocol.java.sampler.JSR223Sampler" classname="org.apache.jmeter.testbeans.gui.PackageTest" time="0.001"/>
  <testcase name="org.apache.jmeter.protocol.java.sampler.JSR223Sampler - fr -  fr class org.apache.jmeter.protocol.java.sampler.JSR223Sampler" classname="org.apache.jmeter.testbeans.gui.PackageTest" time="0.004"/>
  <testcase name="org.apache.jmeter.protocol.java.sampler.JSR223Sampler - de -  de class org.apache.jmeter.protocol.java.sampler.JSR223Sampler" classname="org.apache.jmeter.testbeans.gui.PackageTest" time="0.002"/>
  <testcase name="org.apache.jmeter.protocol.java.sampler.JSR223Sampler - no -  no class org.apache.jmeter.protocol.java.sampler.JSR223Sampler" classname="org.apache.jmeter.testbeans.gui.PackageTest" time="0.002"/>
  <testcase name="org.apache.jmeter.protocol.java.sampler.JSR223Sampler - pl -  pl class org.apache.jmeter.protocol.java.sampler.JSR223Sampler" classname="org.apache.jmeter.testbeans.gui.PackageTest" time="0.002"/>
  <testcase name="org.apache.jmeter.protocol.java.sampler.JSR223Sampler - pt - BR pt_BR class org.apache.jmeter.protocol.java.sampler.JSR223Sampler" classname="org.apache.jmeter.testbeans.gui.PackageTest" time="0.003"/>
  <testcase name="org.apache.jmeter.protocol.java.sampler.JSR223Sampler - es -  es class org.apache.jmeter.protocol.java.sampler.JSR223Sampler" classname="org.apache.jmeter.testbeans.gui.PackageTest" time="0.002"/>
  <testcase name="org.apache.jmeter.protocol.java.sampler.JSR223Sampler - tr -  tr class org.apache.jmeter.protocol.java.sampler.JSR223Sampler" classname="org.apache.jmeter.testbeans.gui.PackageTest" time="0.003"/>
  <testcase name="org.apache.jmeter.protocol.java.sampler.JSR223Sampler - ja -  ja class org.apache.jmeter.protocol.java.sampler.JSR223Sampler" classname="org.apache.jmeter.testbeans.gui.PackageTest" time="0.005"/>
  <testcase name="org.apache.jmeter.protocol.java.sampler.JSR223Sampler - zh - CN zh_CN class org.apache.jmeter.protocol.java.sampler.JSR223Sampler" classname="org.apache.jmeter.testbeans.gui.PackageTest" time="0.005"/>
  <testcase name="org.apache.jmeter.protocol.java.sampler.JSR223Sampler - zh - TW zh_TW class org.apache.jmeter.protocol.java.sampler.JSR223Sampler" classname="org.apache.jmeter.testbeans.gui.PackageTest" time="0.004"/>
  <testcase name="org.apache.jmeter.protocol.java.sampler.JSR223Sampler - ko -  ko class org.apache.jmeter.protocol.java.sampler.JSR223Sampler" classname="org.apache.jmeter.testbeans.gui.PackageTest" time="0.006"/>
  <testcase name="org.apache.jmeter.protocol.jdbc.config.DataSourceElement - en -  en class org.apache.jmeter.protocol.jdbc.config.DataSourceElement" classname="org.apache.jmeter.testbeans.gui.PackageTest" time="0.002"/>
  <testcase name="org.apache.jmeter.protocol.jdbc.config.DataSourceElement - fr -  fr class org.apache.jmeter.protocol.jdbc.config.DataSourceElement" classname="org.apache.jmeter.testbeans.gui.PackageTest" time="0.004"/>
  <testcase name="org.apache.jmeter.protocol.jdbc.config.DataSourceElement - de -  de class org.apache.jmeter.protocol.jdbc.config.DataSourceElement" classname="org.apache.jmeter.testbeans.gui.PackageTest" time="0.002"/>
  <testcase name="org.apache.jmeter.protocol.jdbc.config.DataSourceElement - no -  no class org.apache.jmeter.protocol.jdbc.config.DataSourceElement" classname="org.apache.jmeter.testbeans.gui.PackageTest" time="0.003"/>
  <testcase name="org.apache.jmeter.protocol.jdbc.config.DataSourceElement - pl -  pl class org.apache.jmeter.protocol.jdbc.config.DataSourceElement" classname="org.apache.jmeter.testbeans.gui.PackageTest" time="0.003"/>
  <testcase name="org.apache.jmeter.protocol.jdbc.config.DataSourceElement - pt - BR pt_BR class org.apache.jmeter.protocol.jdbc.config.DataSourceElement" classname="org.apache.jmeter.testbeans.gui.PackageTest" time="0.006"/>
  <testcase name="org.apache.jmeter.protocol.jdbc.config.DataSourceElement - es -  es class org.apache.jmeter.protocol.jdbc.config.DataSourceElement" classname="org.apache.jmeter.testbeans.gui.PackageTest" time="0.003"/>
  <testcase name="org.apache.jmeter.protocol.jdbc.config.DataSourceElement - tr -  tr class org.apache.jmeter.protocol.jdbc.config.DataSourceElement" classname="org.apache.jmeter.testbeans.gui.PackageTest" time="0.003"/>
  <testcase name="org.apache.jmeter.protocol.jdbc.config.DataSourceElement - ja -  ja class org.apache.jmeter.protocol.jdbc.config.DataSourceElement" classname="org.apache.jmeter.testbeans.gui.PackageTest" time="0.003"/>
  <testcase name="org.apache.jmeter.protocol.jdbc.config.DataSourceElement - zh - CN zh_CN class org.apache.jmeter.protocol.jdbc.config.DataSourceElement" classname="org.apache.jmeter.testbeans.gui.PackageTest" time="0.006"/>
  <testcase name="org.apache.jmeter.protocol.jdbc.config.DataSourceElement - zh - TW zh_TW class org.apache.jmeter.protocol.jdbc.config.DataSourceElement" classname="org.apache.jmeter.testbeans.gui.PackageTest" time="0.002"/>
  <testcase name="org.apache.jmeter.protocol.jdbc.config.DataSourceElement - ko -  ko class org.apache.jmeter.protocol.jdbc.config.DataSourceElement" classname="org.apache.jmeter.testbeans.gui.PackageTest" time="0.004"/>
  <testcase name="org.apache.jmeter.protocol.jdbc.processor.JDBCPostProcessor - en -  en class org.apache.jmeter.protocol.jdbc.processor.JDBCPostProcessor" classname="org.apache.jmeter.testbeans.gui.PackageTest" time="0.001"/>
  <testcase name="org.apache.jmeter.protocol.jdbc.processor.JDBCPostProcessor - fr -  fr class org.apache.jmeter.protocol.jdbc.processor.JDBCPostProcessor" classname="org.apache.jmeter.testbeans.gui.PackageTest" time="0.003"/>
  <testcase name="org.apache.jmeter.protocol.jdbc.processor.JDBCPostProcessor - de -  de class org.apache.jmeter.protocol.jdbc.processor.JDBCPostProcessor" classname="org.apache.jmeter.testbeans.gui.PackageTest" time="0.004"/>
  <testcase name="org.apache.jmeter.protocol.jdbc.processor.JDBCPostProcessor - no -  no class org.apache.jmeter.protocol.jdbc.processor.JDBCPostProcessor" classname="org.apache.jmeter.testbeans.gui.PackageTest" time="0.002"/>
  <testcase name="org.apache.jmeter.protocol.jdbc.processor.JDBCPostProcessor - pl -  pl class org.apache.jmeter.protocol.jdbc.processor.JDBCPostProcessor" classname="org.apache.jmeter.testbeans.gui.PackageTest" time="0.002"/>
  <testcase name="org.apache.jmeter.protocol.jdbc.processor.JDBCPostProcessor - pt - BR pt_BR class org.apache.jmeter.protocol.jdbc.processor.JDBCPostProcessor" classname="org.apache.jmeter.testbeans.gui.PackageTest" time="0.003"/>
  <testcase name="org.apache.jmeter.protocol.jdbc.processor.JDBCPostProcessor - es -  es class org.apache.jmeter.protocol.jdbc.processor.JDBCPostProcessor" classname="org.apache.jmeter.testbeans.gui.PackageTest" time="0.003"/>
  <testcase name="org.apache.jmeter.protocol.jdbc.processor.JDBCPostProcessor - tr -  tr class org.apache.jmeter.protocol.jdbc.processor.JDBCPostProcessor" classname="org.apache.jmeter.testbeans.gui.PackageTest" time="0.003"/>
  <testcase name="org.apache.jmeter.protocol.jdbc.processor.JDBCPostProcessor - ja -  ja class org.apache.jmeter.protocol.jdbc.processor.JDBCPostProcessor" classname="org.apache.jmeter.testbeans.gui.PackageTest" time="0.003"/>
  <testcase name="org.apache.jmeter.protocol.jdbc.processor.JDBCPostProcessor - zh - CN zh_CN class org.apache.jmeter.protocol.jdbc.processor.JDBCPostProcessor" classname="org.apache.jmeter.testbeans.gui.PackageTest" time="0.005"/>
  <testcase name="org.apache.jmeter.protocol.jdbc.processor.JDBCPostProcessor - zh - TW zh_TW class org.apache.jmeter.protocol.jdbc.processor.JDBCPostProcessor" classname="org.apache.jmeter.testbeans.gui.PackageTest" time="0.003"/>
  <testcase name="org.apache.jmeter.protocol.jdbc.processor.JDBCPostProcessor - ko -  ko class org.apache.jmeter.protocol.jdbc.processor.JDBCPostProcessor" classname="org.apache.jmeter.testbeans.gui.PackageTest" time="0.004"/>
  <testcase name="org.apache.jmeter.protocol.jdbc.processor.JDBCPreProcessor - en -  en class org.apache.jmeter.protocol.jdbc.processor.JDBCPreProcessor" classname="org.apache.jmeter.testbeans.gui.PackageTest" time="0.001"/>
  <testcase name="org.apache.jmeter.protocol.jdbc.processor.JDBCPreProcessor - fr -  fr class org.apache.jmeter.protocol.jdbc.processor.JDBCPreProcessor" classname="org.apache.jmeter.testbeans.gui.PackageTest" time="0.004"/>
  <testcase name="org.apache.jmeter.protocol.jdbc.processor.JDBCPreProcessor - de -  de class org.apache.jmeter.protocol.jdbc.processor.JDBCPreProcessor" classname="org.apache.jmeter.testbeans.gui.PackageTest" time="0.003"/>
  <testcase name="org.apache.jmeter.protocol.jdbc.processor.JDBCPreProcessor - no -  no class org.apache.jmeter.protocol.jdbc.processor.JDBCPreProcessor" classname="org.apache.jmeter.testbeans.gui.PackageTest" time="0.003"/>
  <testcase name="org.apache.jmeter.protocol.jdbc.processor.JDBCPreProcessor - pl -  pl class org.apache.jmeter.protocol.jdbc.processor.JDBCPreProcessor" classname="org.apache.jmeter.testbeans.gui.PackageTest" time="0.002"/>
  <testcase name="org.apache.jmeter.protocol.jdbc.processor.JDBCPreProcessor - pt - BR pt_BR class org.apache.jmeter.protocol.jdbc.processor.JDBCPreProcessor" classname="org.apache.jmeter.testbeans.gui.PackageTest" time="0.003"/>
  <testcase name="org.apache.jmeter.protocol.jdbc.processor.JDBCPreProcessor - es -  es class org.apache.jmeter.protocol.jdbc.processor.JDBCPreProcessor" classname="org.apache.jmeter.testbeans.gui.PackageTest" time="0.003"/>
  <testcase name="org.apache.jmeter.protocol.jdbc.processor.JDBCPreProcessor - tr -  tr class org.apache.jmeter.protocol.jdbc.processor.JDBCPreProcessor" classname="org.apache.jmeter.testbeans.gui.PackageTest" time="0.002"/>
  <testcase name="org.apache.jmeter.protocol.jdbc.processor.JDBCPreProcessor - ja -  ja class org.apache.jmeter.protocol.jdbc.processor.JDBCPreProcessor" classname="org.apache.jmeter.testbeans.gui.PackageTest" time="0.003"/>
  <testcase name="org.apache.jmeter.protocol.jdbc.processor.JDBCPreProcessor - zh - CN zh_CN class org.apache.jmeter.protocol.jdbc.processor.JDBCPreProcessor" classname="org.apache.jmeter.testbeans.gui.PackageTest" time="0.005"/>
  <testcase name="org.apache.jmeter.protocol.jdbc.processor.JDBCPreProcessor - zh - TW zh_TW class org.apache.jmeter.protocol.jdbc.processor.JDBCPreProcessor" classname="org.apache.jmeter.testbeans.gui.PackageTest" time="0.003"/>
  <testcase name="org.apache.jmeter.protocol.jdbc.processor.JDBCPreProcessor - ko -  ko class org.apache.jmeter.protocol.jdbc.processor.JDBCPreProcessor" classname="org.apache.jmeter.testbeans.gui.PackageTest" time="0.004"/>
  <testcase name="org.apache.jmeter.protocol.jdbc.sampler.JDBCSampler - en -  en class org.apache.jmeter.protocol.jdbc.sampler.JDBCSampler" classname="org.apache.jmeter.testbeans.gui.PackageTest" time="0.001"/>
  <testcase name="org.apache.jmeter.protocol.jdbc.sampler.JDBCSampler - fr -  fr class org.apache.jmeter.protocol.jdbc.sampler.JDBCSampler" classname="org.apache.jmeter.testbeans.gui.PackageTest" time="0.003"/>
  <testcase name="org.apache.jmeter.protocol.jdbc.sampler.JDBCSampler - de -  de class org.apache.jmeter.protocol.jdbc.sampler.JDBCSampler" classname="org.apache.jmeter.testbeans.gui.PackageTest" time="0.002"/>
  <testcase name="org.apache.jmeter.protocol.jdbc.sampler.JDBCSampler - no -  no class org.apache.jmeter.protocol.jdbc.sampler.JDBCSampler" classname="org.apache.jmeter.testbeans.gui.PackageTest" time="0.003"/>
  <testcase name="org.apache.jmeter.protocol.jdbc.sampler.JDBCSampler - pl -  pl class org.apache.jmeter.protocol.jdbc.sampler.JDBCSampler" classname="org.apache.jmeter.testbeans.gui.PackageTest" time="0.002"/>
  <testcase name="org.apache.jmeter.protocol.jdbc.sampler.JDBCSampler - pt - BR pt_BR class org.apache.jmeter.protocol.jdbc.sampler.JDBCSampler" classname="org.apache.jmeter.testbeans.gui.PackageTest" time="0.003"/>
  <testcase name="org.apache.jmeter.protocol.jdbc.sampler.JDBCSampler - es -  es class org.apache.jmeter.protocol.jdbc.sampler.JDBCSampler" classname="org.apache.jmeter.testbeans.gui.PackageTest" time="0.004"/>
  <testcase name="org.apache.jmeter.protocol.jdbc.sampler.JDBCSampler - tr -  tr class org.apache.jmeter.protocol.jdbc.sampler.JDBCSampler" classname="org.apache.jmeter.testbeans.gui.PackageTest" time="0.002"/>
  <testcase name="org.apache.jmeter.protocol.jdbc.sampler.JDBCSampler - ja -  ja class org.apache.jmeter.protocol.jdbc.sampler.JDBCSampler" classname="org.apache.jmeter.testbeans.gui.PackageTest" time="0.005"/>
  <testcase name="org.apache.jmeter.protocol.jdbc.sampler.JDBCSampler - zh - CN zh_CN class org.apache.jmeter.protocol.jdbc.sampler.JDBCSampler" classname="org.apache.jmeter.testbeans.gui.PackageTest" time="0.003"/>
  <testcase name="org.apache.jmeter.protocol.jdbc.sampler.JDBCSampler - zh - TW zh_TW class org.apache.jmeter.protocol.jdbc.sampler.JDBCSampler" classname="org.apache.jmeter.testbeans.gui.PackageTest" time="0.003"/>
  <testcase name="org.apache.jmeter.protocol.jdbc.sampler.JDBCSampler - ko -  ko class org.apache.jmeter.protocol.jdbc.sampler.JDBCSampler" classname="org.apache.jmeter.testbeans.gui.PackageTest" time="0.003"/>
  <testcase name="org.apache.jmeter.protocol.mongodb.config.MongoSourceElement - en -  en class org.apache.jmeter.protocol.mongodb.config.MongoSourceElement" classname="org.apache.jmeter.testbeans.gui.PackageTest" time="0.002"/>
  <testcase name="org.apache.jmeter.protocol.mongodb.config.MongoSourceElement - fr -  fr class org.apache.jmeter.protocol.mongodb.config.MongoSourceElement" classname="org.apache.jmeter.testbeans.gui.PackageTest" time="0.007"/>
  <testcase name="org.apache.jmeter.protocol.mongodb.config.MongoSourceElement - de -  de class org.apache.jmeter.protocol.mongodb.config.MongoSourceElement" classname="org.apache.jmeter.testbeans.gui.PackageTest" time="0.003"/>
  <testcase name="org.apache.jmeter.protocol.mongodb.config.MongoSourceElement - no -  no class org.apache.jmeter.protocol.mongodb.config.MongoSourceElement" classname="org.apache.jmeter.testbeans.gui.PackageTest" time="0.002"/>
  <testcase name="org.apache.jmeter.protocol.mongodb.config.MongoSourceElement - pl -  pl class org.apache.jmeter.protocol.mongodb.config.MongoSourceElement" classname="org.apache.jmeter.testbeans.gui.PackageTest" time="0.003"/>
  <testcase name="org.apache.jmeter.protocol.mongodb.config.MongoSourceElement - pt - BR pt_BR class org.apache.jmeter.protocol.mongodb.config.MongoSourceElement" classname="org.apache.jmeter.testbeans.gui.PackageTest" time="0.004"/>
  <testcase name="org.apache.jmeter.protocol.mongodb.config.MongoSourceElement - es -  es class org.apache.jmeter.protocol.mongodb.config.MongoSourceElement" classname="org.apache.jmeter.testbeans.gui.PackageTest" time="0.004"/>
  <testcase name="org.apache.jmeter.protocol.mongodb.config.MongoSourceElement - tr -  tr class org.apache.jmeter.protocol.mongodb.config.MongoSourceElement" classname="org.apache.jmeter.testbeans.gui.PackageTest" time="0.003"/>
  <testcase name="org.apache.jmeter.protocol.mongodb.config.MongoSourceElement - ja -  ja class org.apache.jmeter.protocol.mongodb.config.MongoSourceElement" classname="org.apache.jmeter.testbeans.gui.PackageTest" time="0.003"/>
  <testcase name="org.apache.jmeter.protocol.mongodb.config.MongoSourceElement - zh - CN zh_CN class org.apache.jmeter.protocol.mongodb.config.MongoSourceElement" classname="org.apache.jmeter.testbeans.gui.PackageTest" time="0.006"/>
  <testcase name="org.apache.jmeter.protocol.mongodb.config.MongoSourceElement - zh - TW zh_TW class org.apache.jmeter.protocol.mongodb.config.MongoSourceElement" classname="org.apache.jmeter.testbeans.gui.PackageTest" time="0.005"/>
  <testcase name="org.apache.jmeter.protocol.mongodb.config.MongoSourceElement - ko -  ko class org.apache.jmeter.protocol.mongodb.config.MongoSourceElement" classname="org.apache.jmeter.testbeans.gui.PackageTest" time="0.005"/>
  <testcase name="org.apache.jmeter.protocol.mongodb.sampler.MongoScriptSampler - en -  en class org.apache.jmeter.protocol.mongodb.sampler.MongoScriptSampler" classname="org.apache.jmeter.testbeans.gui.PackageTest" time="0.001"/>
  <testcase name="org.apache.jmeter.protocol.mongodb.sampler.MongoScriptSampler - fr -  fr class org.apache.jmeter.protocol.mongodb.sampler.MongoScriptSampler" classname="org.apache.jmeter.testbeans.gui.PackageTest" time="0.002"/>
  <testcase name="org.apache.jmeter.protocol.mongodb.sampler.MongoScriptSampler - de -  de class org.apache.jmeter.protocol.mongodb.sampler.MongoScriptSampler" classname="org.apache.jmeter.testbeans.gui.PackageTest" time="0.003"/>
  <testcase name="org.apache.jmeter.protocol.mongodb.sampler.MongoScriptSampler - no -  no class org.apache.jmeter.protocol.mongodb.sampler.MongoScriptSampler" classname="org.apache.jmeter.testbeans.gui.PackageTest" time="0.002"/>
  <testcase name="org.apache.jmeter.protocol.mongodb.sampler.MongoScriptSampler - pl -  pl class org.apache.jmeter.protocol.mongodb.sampler.MongoScriptSampler" classname="org.apache.jmeter.testbeans.gui.PackageTest" time="0.003"/>
  <testcase name="org.apache.jmeter.protocol.mongodb.sampler.MongoScriptSampler - pt - BR pt_BR class org.apache.jmeter.protocol.mongodb.sampler.MongoScriptSampler" classname="org.apache.jmeter.testbeans.gui.PackageTest" time="0.003"/>
  <testcase name="org.apache.jmeter.protocol.mongodb.sampler.MongoScriptSampler - es -  es class org.apache.jmeter.protocol.mongodb.sampler.MongoScriptSampler" classname="org.apache.jmeter.testbeans.gui.PackageTest" time="0.005"/>
  <testcase name="org.apache.jmeter.protocol.mongodb.sampler.MongoScriptSampler - tr -  tr class org.apache.jmeter.protocol.mongodb.sampler.MongoScriptSampler" classname="org.apache.jmeter.testbeans.gui.PackageTest" time="0.002"/>
  <testcase name="org.apache.jmeter.protocol.mongodb.sampler.MongoScriptSampler - ja -  ja class org.apache.jmeter.protocol.mongodb.sampler.MongoScriptSampler" classname="org.apache.jmeter.testbeans.gui.PackageTest" time="0.003"/>
  <testcase name="org.apache.jmeter.protocol.mongodb.sampler.MongoScriptSampler - zh - CN zh_CN class org.apache.jmeter.protocol.mongodb.sampler.MongoScriptSampler" classname="org.apache.jmeter.testbeans.gui.PackageTest" time="0.003"/>
  <testcase name="org.apache.jmeter.protocol.mongodb.sampler.MongoScriptSampler - zh - TW zh_TW class org.apache.jmeter.protocol.mongodb.sampler.MongoScriptSampler" classname="org.apache.jmeter.testbeans.gui.PackageTest" time="0.003"/>
  <testcase name="org.apache.jmeter.protocol.mongodb.sampler.MongoScriptSampler - ko -  ko class org.apache.jmeter.protocol.mongodb.sampler.MongoScriptSampler" classname="org.apache.jmeter.testbeans.gui.PackageTest" time="0.003"/>
  <testcase name="org.apache.jmeter.sampler.DebugSampler - en -  en class org.apache.jmeter.sampler.DebugSampler" classname="org.apache.jmeter.testbeans.gui.PackageTest" time="0.001"/>
  <testcase name="org.apache.jmeter.sampler.DebugSampler - fr -  fr class org.apache.jmeter.sampler.DebugSampler" classname="org.apache.jmeter.testbeans.gui.PackageTest" time="0.003"/>
  <testcase name="org.apache.jmeter.sampler.DebugSampler - de -  de class org.apache.jmeter.sampler.DebugSampler" classname="org.apache.jmeter.testbeans.gui.PackageTest" time="0.003"/>
  <testcase name="org.apache.jmeter.sampler.DebugSampler - no -  no class org.apache.jmeter.sampler.DebugSampler" classname="org.apache.jmeter.testbeans.gui.PackageTest" time="0.003"/>
  <testcase name="org.apache.jmeter.sampler.DebugSampler - pl -  pl class org.apache.jmeter.sampler.DebugSampler" classname="org.apache.jmeter.testbeans.gui.PackageTest" time="0.002"/>
  <testcase name="org.apache.jmeter.sampler.DebugSampler - pt - BR pt_BR class org.apache.jmeter.sampler.DebugSampler" classname="org.apache.jmeter.testbeans.gui.PackageTest" time="0.002"/>
  <testcase name="org.apache.jmeter.sampler.DebugSampler - es -  es class org.apache.jmeter.sampler.DebugSampler" classname="org.apache.jmeter.testbeans.gui.PackageTest" time="0.002"/>
  <testcase name="org.apache.jmeter.sampler.DebugSampler - tr -  tr class org.apache.jmeter.sampler.DebugSampler" classname="org.apache.jmeter.testbeans.gui.PackageTest" time="0.003"/>
  <testcase name="org.apache.jmeter.sampler.DebugSampler - ja -  ja class org.apache.jmeter.sampler.DebugSampler" classname="org.apache.jmeter.testbeans.gui.PackageTest" time="0.002"/>
  <testcase name="org.apache.jmeter.sampler.DebugSampler - zh - CN zh_CN class org.apache.jmeter.sampler.DebugSampler" classname="org.apache.jmeter.testbeans.gui.PackageTest" time="0.004"/>
  <testcase name="org.apache.jmeter.sampler.DebugSampler - zh - TW zh_TW class org.apache.jmeter.sampler.DebugSampler" classname="org.apache.jmeter.testbeans.gui.PackageTest" time="0.003"/>
  <testcase name="org.apache.jmeter.sampler.DebugSampler - ko -  ko class org.apache.jmeter.sampler.DebugSampler" classname="org.apache.jmeter.testbeans.gui.PackageTest" time="0.005"/>
  <testcase name="org.apache.jmeter.timers.BSFTimer - en -  en class org.apache.jmeter.timers.BSFTimer" classname="org.apache.jmeter.testbeans.gui.PackageTest" time="0.001"/>
  <testcase name="org.apache.jmeter.timers.BSFTimer - fr -  fr class org.apache.jmeter.timers.BSFTimer" classname="org.apache.jmeter.testbeans.gui.PackageTest" time="0.003"/>
  <testcase name="org.apache.jmeter.timers.BSFTimer - de -  de class org.apache.jmeter.timers.BSFTimer" classname="org.apache.jmeter.testbeans.gui.PackageTest" time="0.002"/>
  <testcase name="org.apache.jmeter.timers.BSFTimer - no -  no class org.apache.jmeter.timers.BSFTimer" classname="org.apache.jmeter.testbeans.gui.PackageTest" time="0.002"/>
  <testcase name="org.apache.jmeter.timers.BSFTimer - pl -  pl class org.apache.jmeter.timers.BSFTimer" classname="org.apache.jmeter.testbeans.gui.PackageTest" time="0.002"/>
  <testcase name="org.apache.jmeter.timers.BSFTimer - pt - BR pt_BR class org.apache.jmeter.timers.BSFTimer" classname="org.apache.jmeter.testbeans.gui.PackageTest" time="0.003"/>
  <testcase name="org.apache.jmeter.timers.BSFTimer - es -  es class org.apache.jmeter.timers.BSFTimer" classname="org.apache.jmeter.testbeans.gui.PackageTest" time="0.003"/>
  <testcase name="org.apache.jmeter.timers.BSFTimer - tr -  tr class org.apache.jmeter.timers.BSFTimer" classname="org.apache.jmeter.testbeans.gui.PackageTest" time="0.004"/>
  <testcase name="org.apache.jmeter.timers.BSFTimer - ja -  ja class org.apache.jmeter.timers.BSFTimer" classname="org.apache.jmeter.testbeans.gui.PackageTest" time="0.004"/>
  <testcase name="org.apache.jmeter.timers.BSFTimer - zh - CN zh_CN class org.apache.jmeter.timers.BSFTimer" classname="org.apache.jmeter.testbeans.gui.PackageTest" time="0.005"/>
  <testcase name="org.apache.jmeter.timers.BSFTimer - zh - TW zh_TW class org.apache.jmeter.timers.BSFTimer" classname="org.apache.jmeter.testbeans.gui.PackageTest" time="0.002"/>
  <testcase name="org.apache.jmeter.timers.BSFTimer - ko -  ko class org.apache.jmeter.timers.BSFTimer" classname="org.apache.jmeter.testbeans.gui.PackageTest" time="0.003"/>
  <testcase name="org.apache.jmeter.timers.BeanShellTimer - en -  en class org.apache.jmeter.timers.BeanShellTimer" classname="org.apache.jmeter.testbeans.gui.PackageTest" time="0.001"/>
  <testcase name="org.apache.jmeter.timers.BeanShellTimer - fr -  fr class org.apache.jmeter.timers.BeanShellTimer" classname="org.apache.jmeter.testbeans.gui.PackageTest" time="0.004"/>
  <testcase name="org.apache.jmeter.timers.BeanShellTimer - de -  de class org.apache.jmeter.timers.BeanShellTimer" classname="org.apache.jmeter.testbeans.gui.PackageTest" time="0.004"/>
  <testcase name="org.apache.jmeter.timers.BeanShellTimer - no -  no class org.apache.jmeter.timers.BeanShellTimer" classname="org.apache.jmeter.testbeans.gui.PackageTest" time="0.002"/>
  <testcase name="org.apache.jmeter.timers.BeanShellTimer - pl -  pl class org.apache.jmeter.timers.BeanShellTimer" classname="org.apache.jmeter.testbeans.gui.PackageTest" time="0.004"/>
  <testcase name="org.apache.jmeter.timers.BeanShellTimer - pt - BR pt_BR class org.apache.jmeter.timers.BeanShellTimer" classname="org.apache.jmeter.testbeans.gui.PackageTest" time="0.003"/>
  <testcase name="org.apache.jmeter.timers.BeanShellTimer - es -  es class org.apache.jmeter.timers.BeanShellTimer" classname="org.apache.jmeter.testbeans.gui.PackageTest" time="0.003"/>
  <testcase name="org.apache.jmeter.timers.BeanShellTimer - tr -  tr class org.apache.jmeter.timers.BeanShellTimer" classname="org.apache.jmeter.testbeans.gui.PackageTest" time="0.003"/>
  <testcase name="org.apache.jmeter.timers.BeanShellTimer - ja -  ja class org.apache.jmeter.timers.BeanShellTimer" classname="org.apache.jmeter.testbeans.gui.PackageTest" time="0.003"/>
  <testcase name="org.apache.jmeter.timers.BeanShellTimer - zh - CN zh_CN class org.apache.jmeter.timers.BeanShellTimer" classname="org.apache.jmeter.testbeans.gui.PackageTest" time="0.004"/>
  <testcase name="org.apache.jmeter.timers.BeanShellTimer - zh - TW zh_TW class org.apache.jmeter.timers.BeanShellTimer" classname="org.apache.jmeter.testbeans.gui.PackageTest" time="0.004"/>
  <testcase name="org.apache.jmeter.timers.BeanShellTimer - ko -  ko class org.apache.jmeter.timers.BeanShellTimer" classname="org.apache.jmeter.testbeans.gui.PackageTest" time="0.003"/>
  <testcase name="org.apache.jmeter.timers.ConstantThroughputTimer - en -  en class org.apache.jmeter.timers.ConstantThroughputTimer" classname="org.apache.jmeter.testbeans.gui.PackageTest" time="0.001"/>
  <testcase name="org.apache.jmeter.timers.ConstantThroughputTimer - fr -  fr class org.apache.jmeter.timers.ConstantThroughputTimer" classname="org.apache.jmeter.testbeans.gui.PackageTest" time="0.004"/>
  <testcase name="org.apache.jmeter.timers.ConstantThroughputTimer - de -  de class org.apache.jmeter.timers.ConstantThroughputTimer" classname="org.apache.jmeter.testbeans.gui.PackageTest" time="0.003"/>
  <testcase name="org.apache.jmeter.timers.ConstantThroughputTimer - no -  no class org.apache.jmeter.timers.ConstantThroughputTimer" classname="org.apache.jmeter.testbeans.gui.PackageTest" time="0.002"/>
  <testcase name="org.apache.jmeter.timers.ConstantThroughputTimer - pl -  pl class org.apache.jmeter.timers.ConstantThroughputTimer" classname="org.apache.jmeter.testbeans.gui.PackageTest" time="0.002"/>
  <testcase name="org.apache.jmeter.timers.ConstantThroughputTimer - pt - BR pt_BR class org.apache.jmeter.timers.ConstantThroughputTimer" classname="org.apache.jmeter.testbeans.gui.PackageTest" time="0.003"/>
  <testcase name="org.apache.jmeter.timers.ConstantThroughputTimer - es -  es class org.apache.jmeter.timers.ConstantThroughputTimer" classname="org.apache.jmeter.testbeans.gui.PackageTest" time="0.003"/>
  <testcase name="org.apache.jmeter.timers.ConstantThroughputTimer - tr -  tr class org.apache.jmeter.timers.ConstantThroughputTimer" classname="org.apache.jmeter.testbeans.gui.PackageTest" time="0.001"/>
  <testcase name="org.apache.jmeter.timers.ConstantThroughputTimer - ja -  ja class org.apache.jmeter.timers.ConstantThroughputTimer" classname="org.apache.jmeter.testbeans.gui.PackageTest" time="0.003"/>
  <testcase name="org.apache.jmeter.timers.ConstantThroughputTimer - zh - CN zh_CN class org.apache.jmeter.timers.ConstantThroughputTimer" classname="org.apache.jmeter.testbeans.gui.PackageTest" time="0.005"/>
  <testcase name="org.apache.jmeter.timers.ConstantThroughputTimer - zh - TW zh_TW class org.apache.jmeter.timers.ConstantThroughputTimer" classname="org.apache.jmeter.testbeans.gui.PackageTest" time="0.002"/>
  <testcase name="org.apache.jmeter.timers.ConstantThroughputTimer - ko -  ko class org.apache.jmeter.timers.ConstantThroughputTimer" classname="org.apache.jmeter.testbeans.gui.PackageTest" time="0.003"/>
  <testcase name="org.apache.jmeter.timers.JSR223Timer - en -  en class org.apache.jmeter.timers.JSR223Timer" classname="org.apache.jmeter.testbeans.gui.PackageTest" time="0.001"/>
  <testcase name="org.apache.jmeter.timers.JSR223Timer - fr -  fr class org.apache.jmeter.timers.JSR223Timer" classname="org.apache.jmeter.testbeans.gui.PackageTest" time="0.003"/>
  <testcase name="org.apache.jmeter.timers.JSR223Timer - de -  de class org.apache.jmeter.timers.JSR223Timer" classname="org.apache.jmeter.testbeans.gui.PackageTest" time="0.001"/>
  <testcase name="org.apache.jmeter.timers.JSR223Timer - no -  no class org.apache.jmeter.timers.JSR223Timer" classname="org.apache.jmeter.testbeans.gui.PackageTest" time="0.002"/>
  <testcase name="org.apache.jmeter.timers.JSR223Timer - pl -  pl class org.apache.jmeter.timers.JSR223Timer" classname="org.apache.jmeter.testbeans.gui.PackageTest" time="0.002"/>
  <testcase name="org.apache.jmeter.timers.JSR223Timer - pt - BR pt_BR class org.apache.jmeter.timers.JSR223Timer" classname="org.apache.jmeter.testbeans.gui.PackageTest" time="0.004"/>
  <testcase name="org.apache.jmeter.timers.JSR223Timer - es -  es class org.apache.jmeter.timers.JSR223Timer" classname="org.apache.jmeter.testbeans.gui.PackageTest" time="0.003"/>
  <testcase name="org.apache.jmeter.timers.JSR223Timer - tr -  tr class org.apache.jmeter.timers.JSR223Timer" classname="org.apache.jmeter.testbeans.gui.PackageTest" time="0.002"/>
  <testcase name="org.apache.jmeter.timers.JSR223Timer - ja -  ja class org.apache.jmeter.timers.JSR223Timer" classname="org.apache.jmeter.testbeans.gui.PackageTest" time="0.002"/>
  <testcase name="org.apache.jmeter.timers.JSR223Timer - zh - CN zh_CN class org.apache.jmeter.timers.JSR223Timer" classname="org.apache.jmeter.testbeans.gui.PackageTest" time="0.007"/>
  <testcase name="org.apache.jmeter.timers.JSR223Timer - zh - TW zh_TW class org.apache.jmeter.timers.JSR223Timer" classname="org.apache.jmeter.testbeans.gui.PackageTest" time="0.002"/>
  <testcase name="org.apache.jmeter.timers.JSR223Timer - ko -  ko class org.apache.jmeter.timers.JSR223Timer" classname="org.apache.jmeter.testbeans.gui.PackageTest" time="0.005"/>
  <testcase name="org.apache.jmeter.timers.SyncTimer - en -  en class org.apache.jmeter.timers.SyncTimer" classname="org.apache.jmeter.testbeans.gui.PackageTest" time="0.001"/>
  <testcase name="org.apache.jmeter.timers.SyncTimer - fr -  fr class org.apache.jmeter.timers.SyncTimer" classname="org.apache.jmeter.testbeans.gui.PackageTest" time="0.004"/>
  <testcase name="org.apache.jmeter.timers.SyncTimer - de -  de class org.apache.jmeter.timers.SyncTimer" classname="org.apache.jmeter.testbeans.gui.PackageTest" time="0.005"/>
  <testcase name="org.apache.jmeter.timers.SyncTimer - no -  no class org.apache.jmeter.timers.SyncTimer" classname="org.apache.jmeter.testbeans.gui.PackageTest" time="0.003"/>
  <testcase name="org.apache.jmeter.timers.SyncTimer - pl -  pl class org.apache.jmeter.timers.SyncTimer" classname="org.apache.jmeter.testbeans.gui.PackageTest" time="0.002"/>
  <testcase name="org.apache.jmeter.timers.SyncTimer - pt - BR pt_BR class org.apache.jmeter.timers.SyncTimer" classname="org.apache.jmeter.testbeans.gui.PackageTest" time="0.003"/>
  <testcase name="org.apache.jmeter.timers.SyncTimer - es -  es class org.apache.jmeter.timers.SyncTimer" classname="org.apache.jmeter.testbeans.gui.PackageTest" time="0.004"/>
  <testcase name="org.apache.jmeter.timers.SyncTimer - tr -  tr class org.apache.jmeter.timers.SyncTimer" classname="org.apache.jmeter.testbeans.gui.PackageTest" time="0.002"/>
  <testcase name="org.apache.jmeter.timers.SyncTimer - ja -  ja class org.apache.jmeter.timers.SyncTimer" classname="org.apache.jmeter.testbeans.gui.PackageTest" time="0.002"/>
  <testcase name="org.apache.jmeter.timers.SyncTimer - zh - CN zh_CN class org.apache.jmeter.timers.SyncTimer" classname="org.apache.jmeter.testbeans.gui.PackageTest" time="0.004"/>
  <testcase name="org.apache.jmeter.timers.SyncTimer - zh - TW zh_TW class org.apache.jmeter.timers.SyncTimer" classname="org.apache.jmeter.testbeans.gui.PackageTest" time="0.002"/>
  <testcase name="org.apache.jmeter.timers.SyncTimer - ko -  ko class org.apache.jmeter.timers.SyncTimer" classname="org.apache.jmeter.testbeans.gui.PackageTest" time="0.003"/>
  <testcase name="org.apache.jmeter.timers.poissonarrivals.PreciseThroughputTimer - en -  en class org.apache.jmeter.timers.poissonarrivals.PreciseThroughputTimer" classname="org.apache.jmeter.testbeans.gui.PackageTest" time="0.001"/>
  <testcase name="org.apache.jmeter.timers.poissonarrivals.PreciseThroughputTimer - fr -  fr class org.apache.jmeter.timers.poissonarrivals.PreciseThroughputTimer" classname="org.apache.jmeter.testbeans.gui.PackageTest" time="0.004"/>
  <testcase name="org.apache.jmeter.timers.poissonarrivals.PreciseThroughputTimer - de -  de class org.apache.jmeter.timers.poissonarrivals.PreciseThroughputTimer" classname="org.apache.jmeter.testbeans.gui.PackageTest" time="0.003"/>
  <testcase name="org.apache.jmeter.timers.poissonarrivals.PreciseThroughputTimer - no -  no class org.apache.jmeter.timers.poissonarrivals.PreciseThroughputTimer" classname="org.apache.jmeter.testbeans.gui.PackageTest" time="0.002"/>
  <testcase name="org.apache.jmeter.timers.poissonarrivals.PreciseThroughputTimer - pl -  pl class org.apache.jmeter.timers.poissonarrivals.PreciseThroughputTimer" classname="org.apache.jmeter.testbeans.gui.PackageTest" time="0.002"/>
  <testcase name="org.apache.jmeter.timers.poissonarrivals.PreciseThroughputTimer - pt - BR pt_BR class org.apache.jmeter.timers.poissonarrivals.PreciseThroughputTimer" classname="org.apache.jmeter.testbeans.gui.PackageTest" time="0.003"/>
  <testcase name="org.apache.jmeter.timers.poissonarrivals.PreciseThroughputTimer - es -  es class org.apache.jmeter.timers.poissonarrivals.PreciseThroughputTimer" classname="org.apache.jmeter.testbeans.gui.PackageTest" time="0.004"/>
  <testcase name="org.apache.jmeter.timers.poissonarrivals.PreciseThroughputTimer - tr -  tr class org.apache.jmeter.timers.poissonarrivals.PreciseThroughputTimer" classname="org.apache.jmeter.testbeans.gui.PackageTest" time="0.004"/>
  <testcase name="org.apache.jmeter.timers.poissonarrivals.PreciseThroughputTimer - ja -  ja class org.apache.jmeter.timers.poissonarrivals.PreciseThroughputTimer" classname="org.apache.jmeter.testbeans.gui.PackageTest" time="0.003"/>
  <testcase name="org.apache.jmeter.timers.poissonarrivals.PreciseThroughputTimer - zh - CN zh_CN class org.apache.jmeter.timers.poissonarrivals.PreciseThroughputTimer" classname="org.apache.jmeter.testbeans.gui.PackageTest" time="0.004"/>
  <testcase name="org.apache.jmeter.timers.poissonarrivals.PreciseThroughputTimer - zh - TW zh_TW class org.apache.jmeter.timers.poissonarrivals.PreciseThroughputTimer" classname="org.apache.jmeter.testbeans.gui.PackageTest" time="0.003"/>
  <testcase name="org.apache.jmeter.timers.poissonarrivals.PreciseThroughputTimer - ko -  ko class org.apache.jmeter.timers.poissonarrivals.PreciseThroughputTimer" classname="org.apache.jmeter.testbeans.gui.PackageTest" time="0.003"/>
  <testcase name="org.apache.jmeter.visualizers.BSFListener - en -  en class org.apache.jmeter.visualizers.BSFListener" classname="org.apache.jmeter.testbeans.gui.PackageTest" time="0.001"/>
  <testcase name="org.apache.jmeter.visualizers.BSFListener - fr -  fr class org.apache.jmeter.visualizers.BSFListener" classname="org.apache.jmeter.testbeans.gui.PackageTest" time="0.004"/>
  <testcase name="org.apache.jmeter.visualizers.BSFListener - de -  de class org.apache.jmeter.visualizers.BSFListener" classname="org.apache.jmeter.testbeans.gui.PackageTest" time="0.003"/>
  <testcase name="org.apache.jmeter.visualizers.BSFListener - no -  no class org.apache.jmeter.visualizers.BSFListener" classname="org.apache.jmeter.testbeans.gui.PackageTest" time="0.002"/>
  <testcase name="org.apache.jmeter.visualizers.BSFListener - pl -  pl class org.apache.jmeter.visualizers.BSFListener" classname="org.apache.jmeter.testbeans.gui.PackageTest" time="0.002"/>
  <testcase name="org.apache.jmeter.visualizers.BSFListener - pt - BR pt_BR class org.apache.jmeter.visualizers.BSFListener" classname="org.apache.jmeter.testbeans.gui.PackageTest" time="0.003"/>
  <testcase name="org.apache.jmeter.visualizers.BSFListener - es -  es class org.apache.jmeter.visualizers.BSFListener" classname="org.apache.jmeter.testbeans.gui.PackageTest" time="0.003"/>
  <testcase name="org.apache.jmeter.visualizers.BSFListener - tr -  tr class org.apache.jmeter.visualizers.BSFListener" classname="org.apache.jmeter.testbeans.gui.PackageTest" time="0.003"/>
  <testcase name="org.apache.jmeter.visualizers.BSFListener - ja -  ja class org.apache.jmeter.visualizers.BSFListener" classname="org.apache.jmeter.testbeans.gui.PackageTest" time="0.002"/>
  <testcase name="org.apache.jmeter.visualizers.BSFListener - zh - CN zh_CN class org.apache.jmeter.visualizers.BSFListener" classname="org.apache.jmeter.testbeans.gui.PackageTest" time="0.004"/>
  <testcase name="org.apache.jmeter.visualizers.BSFListener - zh - TW zh_TW class org.apache.jmeter.visualizers.BSFListener" classname="org.apache.jmeter.testbeans.gui.PackageTest" time="0.002"/>
  <testcase name="org.apache.jmeter.visualizers.BSFListener - ko -  ko class org.apache.jmeter.visualizers.BSFListener" classname="org.apache.jmeter.testbeans.gui.PackageTest" time="0.004"/>
  <testcase name="org.apache.jmeter.visualizers.BeanShellListener - en -  en class org.apache.jmeter.visualizers.BeanShellListener" classname="org.apache.jmeter.testbeans.gui.PackageTest" time="0.002"/>
  <testcase name="org.apache.jmeter.visualizers.BeanShellListener - fr -  fr class org.apache.jmeter.visualizers.BeanShellListener" classname="org.apache.jmeter.testbeans.gui.PackageTest" time="0.004"/>
  <testcase name="org.apache.jmeter.visualizers.BeanShellListener - de -  de class org.apache.jmeter.visualizers.BeanShellListener" classname="org.apache.jmeter.testbeans.gui.PackageTest" time="0.002"/>
  <testcase name="org.apache.jmeter.visualizers.BeanShellListener - no -  no class org.apache.jmeter.visualizers.BeanShellListener" classname="org.apache.jmeter.testbeans.gui.PackageTest" time="0.003"/>
  <testcase name="org.apache.jmeter.visualizers.BeanShellListener - pl -  pl class org.apache.jmeter.visualizers.BeanShellListener" classname="org.apache.jmeter.testbeans.gui.PackageTest" time="0.002"/>
  <testcase name="org.apache.jmeter.visualizers.BeanShellListener - pt - BR pt_BR class org.apache.jmeter.visualizers.BeanShellListener" classname="org.apache.jmeter.testbeans.gui.PackageTest" time="0.003"/>
  <testcase name="org.apache.jmeter.visualizers.BeanShellListener - es -  es class org.apache.jmeter.visualizers.BeanShellListener" classname="org.apache.jmeter.testbeans.gui.PackageTest" time="0.002"/>
  <testcase name="org.apache.jmeter.visualizers.BeanShellListener - tr -  tr class org.apache.jmeter.visualizers.BeanShellListener" classname="org.apache.jmeter.testbeans.gui.PackageTest" time="0.003"/>
  <testcase name="org.apache.jmeter.visualizers.BeanShellListener - ja -  ja class org.apache.jmeter.visualizers.BeanShellListener" classname="org.apache.jmeter.testbeans.gui.PackageTest" time="0.003"/>
  <testcase name="org.apache.jmeter.visualizers.BeanShellListener - zh - CN zh_CN class org.apache.jmeter.visualizers.BeanShellListener" classname="org.apache.jmeter.testbeans.gui.PackageTest" time="0.003"/>
  <testcase name="org.apache.jmeter.visualizers.BeanShellListener - zh - TW zh_TW class org.apache.jmeter.visualizers.BeanShellListener" classname="org.apache.jmeter.testbeans.gui.PackageTest" time="0.002"/>
  <testcase name="org.apache.jmeter.visualizers.BeanShellListener - ko -  ko class org.apache.jmeter.visualizers.BeanShellListener" classname="org.apache.jmeter.testbeans.gui.PackageTest" time="0.003"/>
  <testcase name="org.apache.jmeter.visualizers.JSR223Listener - en -  en class org.apache.jmeter.visualizers.JSR223Listener" classname="org.apache.jmeter.testbeans.gui.PackageTest" time="0.001"/>
  <testcase name="org.apache.jmeter.visualizers.JSR223Listener - fr -  fr class org.apache.jmeter.visualizers.JSR223Listener" classname="org.apache.jmeter.testbeans.gui.PackageTest" time="0.003"/>
  <testcase name="org.apache.jmeter.visualizers.JSR223Listener - de -  de class org.apache.jmeter.visualizers.JSR223Listener" classname="org.apache.jmeter.testbeans.gui.PackageTest" time="0.002"/>
  <testcase name="org.apache.jmeter.visualizers.JSR223Listener - no -  no class org.apache.jmeter.visualizers.JSR223Listener" classname="org.apache.jmeter.testbeans.gui.PackageTest" time="0.002"/>
  <testcase name="org.apache.jmeter.visualizers.JSR223Listener - pl -  pl class org.apache.jmeter.visualizers.JSR223Listener" classname="org.apache.jmeter.testbeans.gui.PackageTest" time="0.002"/>
  <testcase name="org.apache.jmeter.visualizers.JSR223Listener - pt - BR pt_BR class org.apache.jmeter.visualizers.JSR223Listener" classname="org.apache.jmeter.testbeans.gui.PackageTest" time="0.003"/>
  <testcase name="org.apache.jmeter.visualizers.JSR223Listener - es -  es class org.apache.jmeter.visualizers.JSR223Listener" classname="org.apache.jmeter.testbeans.gui.PackageTest" time="0.003"/>
  <testcase name="org.apache.jmeter.visualizers.JSR223Listener - tr -  tr class org.apache.jmeter.visualizers.JSR223Listener" classname="org.apache.jmeter.testbeans.gui.PackageTest" time="0.002"/>
  <testcase name="org.apache.jmeter.visualizers.JSR223Listener - ja -  ja class org.apache.jmeter.visualizers.JSR223Listener" classname="org.apache.jmeter.testbeans.gui.PackageTest" time="0.003"/>
  <testcase name="org.apache.jmeter.visualizers.JSR223Listener - zh - CN zh_CN class org.apache.jmeter.visualizers.JSR223Listener" classname="org.apache.jmeter.testbeans.gui.PackageTest" time="0.005"/>
  <testcase name="org.apache.jmeter.visualizers.JSR223Listener - zh - TW zh_TW class org.apache.jmeter.visualizers.JSR223Listener" classname="org.apache.jmeter.testbeans.gui.PackageTest" time="0.004"/>
  <testcase name="org.apache.jmeter.visualizers.JSR223Listener - ko -  ko class org.apache.jmeter.visualizers.JSR223Listener" classname="org.apache.jmeter.testbeans.gui.PackageTest" time="0.003"/>
  <system-out><![CDATA[]]></system-out>
  <system-err><![CDATA[]]></system-err>
</testsuite>
