<?xml version="1.0" encoding="UTF-8"?>
<testsuite name="org.apache.jmeter.gui.action.template.TestTemplateManager" tests="7" skipped="0" failures="0" errors="0" timestamp="2021-02-28T11:36:01" hostname="FI-SWF-MAC-0005" time="1.861">
  <properties/>
  <testcase name="testSameButParamsTemplatesAreNotEqual()" classname="org.apache.jmeter.gui.action.template.TestTemplateManager" time="0.086"/>
  <testcase name="testDifferentTemplatesAreNotEqual()" classname="org.apache.jmeter.gui.action.template.TestTemplateManager" time="0.004"/>
  <testcase name="testValidTemplateFile()" classname="org.apache.jmeter.gui.action.template.TestTemplateManager" time="0.004"/>
  <testcase name="testSameTemplatesAreEqual()" classname="org.apache.jmeter.gui.action.template.TestTemplateManager" time="0.005"/>
  <testcase name="testInvalidTemplateXml()" classname="org.apache.jmeter.gui.action.template.TestTemplateManager" time="0.009"/>
  <testcase name="equalsHashCode()" classname="org.apache.jmeter.gui.action.template.TestTemplateManager" time="1.741"/>
  <testcase name="testNonExistantXmlFileThrowsFileNotFoundException()" classname="org.apache.jmeter.gui.action.template.TestTemplateManager" time="0.009"/>
  <system-out><![CDATA[]]></system-out>
  <system-err><![CDATA[]]></system-err>
</testsuite>
