<?xml version="1.0" encoding="UTF-8"?>
<testsuite name="org.apache.jmeter.visualizers.TestSampleCompareTo" tests="9" skipped="0" failures="0" errors="0" timestamp="2021-02-28T11:36:05" hostname="FI-SWF-MAC-0005" time="0.006">
  <properties/>
  <testcase name="testCompareTo[0]" classname="org.apache.jmeter.visualizers.TestSampleCompareTo" time="0.003"/>
  <testcase name="testCompareTo[1]" classname="org.apache.jmeter.visualizers.TestSampleCompareTo" time="0.0"/>
  <testcase name="testCompareTo[2]" classname="org.apache.jmeter.visualizers.TestSampleCompareTo" time="0.001"/>
  <testcase name="testCompareTo[3]" classname="org.apache.jmeter.visualizers.TestSampleCompareTo" time="0.0"/>
  <testcase name="testCompareTo[4]" classname="org.apache.jmeter.visualizers.TestSampleCompareTo" time="0.0"/>
  <testcase name="testCompareTo[5]" classname="org.apache.jmeter.visualizers.TestSampleCompareTo" time="0.0"/>
  <testcase name="testCompareTo[6]" classname="org.apache.jmeter.visualizers.TestSampleCompareTo" time="0.0"/>
  <testcase name="testCompareTo[7]" classname="org.apache.jmeter.visualizers.TestSampleCompareTo" time="0.0"/>
  <testcase name="testCompareTo[8]" classname="org.apache.jmeter.visualizers.TestSampleCompareTo" time="0.0"/>
  <system-out><![CDATA[]]></system-out>
  <system-err><![CDATA[]]></system-err>
</testsuite>
