<?xml version="1.0" encoding="UTF-8"?>
<testsuite name="org.apache.jmeter.control.TestRandomController" tests="3" skipped="0" failures="0" errors="0" timestamp="2021-02-28T11:36:03" hostname="FI-SWF-MAC-0005" time="0.011">
  <properties/>
  <testcase name="testRandomOrder()" classname="org.apache.jmeter.control.TestRandomController" time="0.004"/>
  <testcase name="testRandomNoElements()" classname="org.apache.jmeter.control.TestRandomController" time="0.0"/>
  <testcase name="testRandomOneElement()" classname="org.apache.jmeter.control.TestRandomController" time="0.006"/>
  <system-out><![CDATA[]]></system-out>
  <system-err><![CDATA[]]></system-err>
</testsuite>
