<?xml version="1.0" encoding="UTF-8"?>
<testsuite name="org.apache.jmeter.timers.SyncTimerTest" tests="4" skipped="0" failures="0" errors="0" timestamp="2021-02-28T11:35:48" hostname="FI-SWF-MAC-0005" time="0.692">
  <properties/>
  <testcase name="testTimerWithShorterScheduledEndpointThanTimeoutForTimer()" classname="org.apache.jmeter.timers.SyncTimerTest" time="0.282"/>
  <testcase name="testTimerWithScheduledEndpoint()" classname="org.apache.jmeter.timers.SyncTimerTest" time="0.203"/>
  <testcase name="testTimerWithInvalidTimeout()" classname="org.apache.jmeter.timers.SyncTimerTest" time="0.002"/>
  <testcase name="testTimerWithLongerScheduledEndpointThanTimeoutForTimer()" classname="org.apache.jmeter.timers.SyncTimerTest" time="0.202"/>
  <system-out><![CDATA[]]></system-out>
  <system-err><![CDATA[]]></system-err>
</testsuite>
