<?xml version="1.0" encoding="UTF-8"?>
<testsuite name="org.apache.jmeter.assertions.TestJSONPathAssertion" tests="25" skipped="0" failures="0" errors="0" timestamp="2021-02-28T11:35:58" hostname="FI-SWF-MAC-0005" time="0.125">
  <properties/>
  <testcase name="testGetResult_not_regexp()" classname="org.apache.jmeter.assertions.TestJSONPathAssertion" time="0.008"/>
  <testcase name="testGetResult_inverted_null()" classname="org.apache.jmeter.assertions.TestJSONPathAssertion" time="0.001"/>
  <testcase name="testGetExpectedValue()" classname="org.apache.jmeter.assertions.TestJSONPathAssertion" time="0.0"/>
  <testcase name="testSetJsonPath()" classname="org.apache.jmeter.assertions.TestJSONPathAssertion" time="0.0"/>
  <testcase name="testGetJsonPath()" classname="org.apache.jmeter.assertions.TestJSONPathAssertion" time="0.0"/>
  <testcase name="testGetResult_match_msg_problem()" classname="org.apache.jmeter.assertions.TestJSONPathAssertion" time="0.006"/>
  <testcase name="testGetResult_null_not_found()" classname="org.apache.jmeter.assertions.TestJSONPathAssertion" time="0.067"/>
  <testcase name="testGetResult_positive()" classname="org.apache.jmeter.assertions.TestJSONPathAssertion" time="0.006"/>
  <testcase name="testGetResult_list_empty_validate()" classname="org.apache.jmeter.assertions.TestJSONPathAssertion" time="0.0"/>
  <testcase name="testGetResult_negative()" classname="org.apache.jmeter.assertions.TestJSONPathAssertion" time="0.0"/>
  <testcase name="testGetResult_match_msg_problem2()" classname="org.apache.jmeter.assertions.TestJSONPathAssertion" time="0.001"/>
  <testcase name="testGetResult_list_val()" classname="org.apache.jmeter.assertions.TestJSONPathAssertion" time="0.001"/>
  <testcase name="testGetResult_null_novalidate()" classname="org.apache.jmeter.assertions.TestJSONPathAssertion" time="0.002"/>
  <testcase name="testGetResult_positive_invert()" classname="org.apache.jmeter.assertions.TestJSONPathAssertion" time="0.0"/>
  <testcase name="testIsJsonValidationBool()" classname="org.apache.jmeter.assertions.TestJSONPathAssertion" time="0.001"/>
  <testcase name="testGetResult_negative_invert()" classname="org.apache.jmeter.assertions.TestJSONPathAssertion" time="0.001"/>
  <testcase name="testSetExpectedValue()" classname="org.apache.jmeter.assertions.TestJSONPathAssertion" time="0.001"/>
  <testcase name="testGetResult_positive_regexp()" classname="org.apache.jmeter.assertions.TestJSONPathAssertion" time="0.003"/>
  <testcase name="testGetResult_list_empty_novalidate()" classname="org.apache.jmeter.assertions.TestJSONPathAssertion" time="0.0"/>
  <testcase name="testGetResult_no_such_path()" classname="org.apache.jmeter.assertions.TestJSONPathAssertion" time="0.0"/>
  <testcase name="testGetResult_list_negative()" classname="org.apache.jmeter.assertions.TestJSONPathAssertion" time="0.0"/>
  <testcase name="testGetResultFloat()" classname="org.apache.jmeter.assertions.TestJSONPathAssertion" time="0.001"/>
  <testcase name="testGetResult_dict()" classname="org.apache.jmeter.assertions.TestJSONPathAssertion" time="0.001"/>
  <testcase name="testGetResult_null()" classname="org.apache.jmeter.assertions.TestJSONPathAssertion" time="0.002"/>
  <testcase name="testSetJsonValidationBool()" classname="org.apache.jmeter.assertions.TestJSONPathAssertion" time="0.0"/>
  <system-out><![CDATA[]]></system-out>
  <system-err><![CDATA[]]></system-err>
</testsuite>
