<?xml version="1.0" encoding="UTF-8"?>
<testsuite name="org.apache.jmeter.visualizers.backend.influxdb.HttpMetricsSenderTest" tests="4" skipped="0" failures="0" errors="0" timestamp="2021-02-28T11:35:54" hostname="FI-SWF-MAC-0005" time="0.879">
  <properties/>
  <testcase name="checkTokenPresentInHeader(WireMockServer)" classname="org.apache.jmeter.visualizers.backend.influxdb.HttpMetricsSenderTest" time="0.816"/>
  <testcase name="[1] token=&quot;null&quot;" classname="org.apache.jmeter.visualizers.backend.influxdb.HttpMetricsSenderTest" time="0.025"/>
  <testcase name="[2] token=&quot;&quot;" classname="org.apache.jmeter.visualizers.backend.influxdb.HttpMetricsSenderTest" time="0.011"/>
  <testcase name="[3] token=&quot; &quot;" classname="org.apache.jmeter.visualizers.backend.influxdb.HttpMetricsSenderTest" time="0.007"/>
  <system-out><![CDATA[]]></system-out>
  <system-err><![CDATA[]]></system-err>
</testsuite>
