<?xml version="1.0" encoding="UTF-8"?>
<testsuite name="org.apache.jmeter.visualizers.backend.SamplerMetricFixedModeTest" tests="5" skipped="0" failures="0" errors="0" timestamp="2021-02-28T11:35:52" hostname="FI-SWF-MAC-0005" time="0.099">
  <properties/>
  <testcase name="checkResetOkAndAllStats()" classname="org.apache.jmeter.visualizers.backend.SamplerMetricFixedModeTest" time="0.082"/>
  <testcase name="checkAddCumulatedKo()" classname="org.apache.jmeter.visualizers.backend.SamplerMetricFixedModeTest" time="0.01"/>
  <testcase name="checkAddCumulatedOk()" classname="org.apache.jmeter.visualizers.backend.SamplerMetricFixedModeTest" time="0.001"/>
  <testcase name="checkResetKoAndAllStats()" classname="org.apache.jmeter.visualizers.backend.SamplerMetricFixedModeTest" time="0.001"/>
  <testcase name="checkErrorsDetailStat()" classname="org.apache.jmeter.visualizers.backend.SamplerMetricFixedModeTest" time="0.0"/>
  <system-out><![CDATA[]]></system-out>
  <system-err><![CDATA[]]></system-err>
</testsuite>
