<?xml version="1.0" encoding="UTF-8"?>
<testsuite name="org.apache.jmeter.extractor.json.jmespath.TestJMESPathExtractor$MatchNumberMoreThanZeroOn1ExtractedValue" tests="10" skipped="0" failures="0" errors="0" timestamp="2021-02-28T11:36:05" hostname="FI-SWF-MAC-0005" time="0.012">
  <properties/>
  <testcase name="testFromVars[0]" classname="org.apache.jmeter.extractor.json.jmespath.TestJMESPathExtractor$MatchNumberMoreThanZeroOn1ExtractedValue" time="0.003"/>
  <testcase name="testFromSampleResult[0]" classname="org.apache.jmeter.extractor.json.jmespath.TestJMESPathExtractor$MatchNumberMoreThanZeroOn1ExtractedValue" time="0.001"/>
  <testcase name="testFromVars[1]" classname="org.apache.jmeter.extractor.json.jmespath.TestJMESPathExtractor$MatchNumberMoreThanZeroOn1ExtractedValue" time="0.0"/>
  <testcase name="testFromSampleResult[1]" classname="org.apache.jmeter.extractor.json.jmespath.TestJMESPathExtractor$MatchNumberMoreThanZeroOn1ExtractedValue" time="0.001"/>
  <testcase name="testFromVars[2]" classname="org.apache.jmeter.extractor.json.jmespath.TestJMESPathExtractor$MatchNumberMoreThanZeroOn1ExtractedValue" time="0.001"/>
  <testcase name="testFromSampleResult[2]" classname="org.apache.jmeter.extractor.json.jmespath.TestJMESPathExtractor$MatchNumberMoreThanZeroOn1ExtractedValue" time="0.0"/>
  <testcase name="testFromVars[3]" classname="org.apache.jmeter.extractor.json.jmespath.TestJMESPathExtractor$MatchNumberMoreThanZeroOn1ExtractedValue" time="0.002"/>
  <testcase name="testFromSampleResult[3]" classname="org.apache.jmeter.extractor.json.jmespath.TestJMESPathExtractor$MatchNumberMoreThanZeroOn1ExtractedValue" time="0.001"/>
  <testcase name="testFromVars[4]" classname="org.apache.jmeter.extractor.json.jmespath.TestJMESPathExtractor$MatchNumberMoreThanZeroOn1ExtractedValue" time="0.0"/>
  <testcase name="testFromSampleResult[4]" classname="org.apache.jmeter.extractor.json.jmespath.TestJMESPathExtractor$MatchNumberMoreThanZeroOn1ExtractedValue" time="0.0"/>
  <system-out><![CDATA[]]></system-out>
  <system-err><![CDATA[]]></system-err>
</testsuite>
