<?xml version="1.0" encoding="UTF-8"?>
<testsuite name="org.apache.jmeter.assertions.XmlAssertionTest" tests="4" skipped="0" failures="0" errors="0" timestamp="2021-02-28T11:36:01" hostname="FI-SWF-MAC-0005" time="0.011">
  <properties/>
  <testcase name="testNoXML()" classname="org.apache.jmeter.assertions.XmlAssertionTest" time="0.005"/>
  <testcase name="testValidXML()" classname="org.apache.jmeter.assertions.XmlAssertionTest" time="0.0"/>
  <testcase name="testUnsecureX()" classname="org.apache.jmeter.assertions.XmlAssertionTest" time="0.001"/>
  <testcase name="testInvalidXML()" classname="org.apache.jmeter.assertions.XmlAssertionTest" time="0.002"/>
  <system-out><![CDATA[]]></system-out>
  <system-err><![CDATA[]]></system-err>
</testsuite>
