<?xml version="1.0" encoding="UTF-8"?>
<testsuite name="org.apache.jmeter.assertions.SMIMEAssertionTest" tests="6" skipped="0" failures="0" errors="0" timestamp="2021-02-28T11:35:58" hostname="FI-SWF-MAC-0005" time="1.902">
  <properties/>
  <testcase name="testSignerSignerDN()" classname="org.apache.jmeter.assertions.SMIMEAssertionTest" time="1.638"/>
  <testcase name="testSignerCert()" classname="org.apache.jmeter.assertions.SMIMEAssertionTest" time="0.006"/>
  <testcase name="testSignerIssuerDN()" classname="org.apache.jmeter.assertions.SMIMEAssertionTest" time="0.004"/>
  <testcase name="testSignerEmail()" classname="org.apache.jmeter.assertions.SMIMEAssertionTest" time="0.006"/>
  <testcase name="testSignerSerial()" classname="org.apache.jmeter.assertions.SMIMEAssertionTest" time="0.004"/>
  <testcase name="testSignature()" classname="org.apache.jmeter.assertions.SMIMEAssertionTest" time="0.242"/>
  <system-out><![CDATA[]]></system-out>
  <system-err><![CDATA[]]></system-err>
</testsuite>
