<?xml version="1.0" encoding="UTF-8"?>
<testsuite name="org.apache.jmeter.assertions.XPathAssertionTest" tests="29" skipped="0" failures="0" errors="0" timestamp="2021-02-28T11:35:57" hostname="FI-SWF-MAC-0005" time="0.323">
  <properties/>
  <testcase name="testValidationFailureWithDTD()" classname="org.apache.jmeter.assertions.XPathAssertionTest" time="0.014"/>
  <testcase name="testWithoutSuitableNamespaces()" classname="org.apache.jmeter.assertions.XPathAssertionTest" time="0.015"/>
  <testcase name="testAssertionPath1Negated()" classname="org.apache.jmeter.assertions.XPathAssertionTest" time="0.032"/>
  <testcase name="testScope()" classname="org.apache.jmeter.assertions.XPathAssertionTest" time="0.172"/>
  <testcase name="testAssertionBool3Negated()" classname="org.apache.jmeter.assertions.XPathAssertionTest" time="0.002"/>
  <testcase name="testAssertionNumber()" classname="org.apache.jmeter.assertions.XPathAssertionTest" time="0.003"/>
  <testcase name="testAssertionBool1()" classname="org.apache.jmeter.assertions.XPathAssertionTest" time="0.003"/>
  <testcase name="testAssertionBool2()" classname="org.apache.jmeter.assertions.XPathAssertionTest" time="0.003"/>
  <testcase name="testAssertionBool3()" classname="org.apache.jmeter.assertions.XPathAssertionTest" time="0.002"/>
  <testcase name="testAssertionBool4()" classname="org.apache.jmeter.assertions.XPathAssertionTest" time="0.003"/>
  <testcase name="testAssertionPath1()" classname="org.apache.jmeter.assertions.XPathAssertionTest" time="0.002"/>
  <testcase name="testAssertionPath2()" classname="org.apache.jmeter.assertions.XPathAssertionTest" time="0.003"/>
  <testcase name="testAssertionBool1Negated()" classname="org.apache.jmeter.assertions.XPathAssertionTest" time="0.005"/>
  <testcase name="testAssertionOK()" classname="org.apache.jmeter.assertions.XPathAssertionTest" time="0.004"/>
  <testcase name="testAssertionPath2Negated()" classname="org.apache.jmeter.assertions.XPathAssertionTest" time="0.003"/>
  <testcase name="testAssertionFail()" classname="org.apache.jmeter.assertions.XPathAssertionTest" time="0.003"/>
  <testcase name="testAssertionEmptyResult()" classname="org.apache.jmeter.assertions.XPathAssertionTest" time="0.001"/>
  <testcase name="testAssertionBool4Negated()" classname="org.apache.jmeter.assertions.XPathAssertionTest" time="0.002"/>
  <testcase name="testNegateAssertion()" classname="org.apache.jmeter.assertions.XPathAssertionTest" time="0.003"/>
  <testcase name="testScopeFailure()" classname="org.apache.jmeter.assertions.XPathAssertionTest" time="0.002"/>
  <testcase name="testValidationSuccess()" classname="org.apache.jmeter.assertions.XPathAssertionTest" time="0.007"/>
  <testcase name="testAssertionBool2Negated()" classname="org.apache.jmeter.assertions.XPathAssertionTest" time="0.003"/>
  <testcase name="testTolerance()" classname="org.apache.jmeter.assertions.XPathAssertionTest" time="0.002"/>
  <testcase name="testAssertionNoResult()" classname="org.apache.jmeter.assertions.XPathAssertionTest" time="0.001"/>
  <testcase name="testAssertionBlankResult()" classname="org.apache.jmeter.assertions.XPathAssertionTest" time="0.002"/>
  <testcase name="testNoTolerance()" classname="org.apache.jmeter.assertions.XPathAssertionTest" time="0.001"/>
  <testcase name="testAssertion()" classname="org.apache.jmeter.assertions.XPathAssertionTest" time="0.003"/>
  <testcase name="testWrongXpathMethod()" classname="org.apache.jmeter.assertions.XPathAssertionTest" time="0.002"/>
  <testcase name="testValidationFailure()" classname="org.apache.jmeter.assertions.XPathAssertionTest" time="0.003"/>
  <system-out><![CDATA[]]></system-out>
  <system-err><![CDATA[]]></system-err>
</testsuite>
