<?xml version="1.0" encoding="UTF-8"?>
<testsuite name="org.apache.jmeter.control.TestOnceOnlyController" tests="4" skipped="0" failures="0" errors="0" timestamp="2021-02-28T11:36:05" hostname="FI-SWF-MAC-0005" time="0.007">
  <properties/>
  <testcase name="testInOuterLoop()" classname="org.apache.jmeter.control.TestOnceOnlyController" time="0.003"/>
  <testcase name="testProcessing2()" classname="org.apache.jmeter.control.TestOnceOnlyController" time="0.0"/>
  <testcase name="testProcessing()" classname="org.apache.jmeter.control.TestOnceOnlyController" time="0.0"/>
  <testcase name="testInsideInnerLoop()" classname="org.apache.jmeter.control.TestOnceOnlyController" time="0.001"/>
  <system-out><![CDATA[]]></system-out>
  <system-err><![CDATA[]]></system-err>
</testsuite>
