<?xml version="1.0" encoding="UTF-8"?>
<testsuite name="org.apache.jmeter.reporters.TestResultSaver" tests="5" skipped="0" failures="0" errors="0" timestamp="2021-02-28T11:36:03" hostname="FI-SWF-MAC-0005" time="0.073">
  <properties/>
  <testcase name="testFailureSaveErrorsOnly()" classname="org.apache.jmeter.reporters.TestResultSaver" time="0.069"/>
  <testcase name="testSuccessWithVariable()" classname="org.apache.jmeter.reporters.TestResultSaver" time="0.001"/>
  <testcase name="testSuccessSaveErrorsOnly()" classname="org.apache.jmeter.reporters.TestResultSaver" time="0.002"/>
  <testcase name="testMakeFileName()" classname="org.apache.jmeter.reporters.TestResultSaver" time="0.0"/>
  <testcase name="testSuccess()" classname="org.apache.jmeter.reporters.TestResultSaver" time="0.001"/>
  <system-out><![CDATA[]]></system-out>
  <system-err><![CDATA[]]></system-err>
</testsuite>
