<?xml version="1.0" encoding="UTF-8"?>
<testsuite name="org.apache.jmeter.extractor.TestRegexExtractor" tests="25" skipped="0" failures="0" errors="0" timestamp="2021-02-28T11:35:56" hostname="FI-SWF-MAC-0005" time="0.053">
  <properties/>
  <testcase name="testVariableExtraction()" classname="org.apache.jmeter.extractor.TestRegexExtractor" time="0.016"/>
  <testcase name="testTemplate1()" classname="org.apache.jmeter.extractor.TestRegexExtractor" time="0.002"/>
  <testcase name="testTemplate2()" classname="org.apache.jmeter.extractor.TestRegexExtractor" time="0.0"/>
  <testcase name="testTemplate3()" classname="org.apache.jmeter.extractor.TestRegexExtractor" time="0.0"/>
  <testcase name="testTemplate4()" classname="org.apache.jmeter.extractor.TestRegexExtractor" time="0.0"/>
  <testcase name="testTemplate5()" classname="org.apache.jmeter.extractor.TestRegexExtractor" time="0.0"/>
  <testcase name="testTemplate6()" classname="org.apache.jmeter.extractor.TestRegexExtractor" time="0.0"/>
  <testcase name="testTemplate7()" classname="org.apache.jmeter.extractor.TestRegexExtractor" time="0.0"/>
  <testcase name="testNoDefault()" classname="org.apache.jmeter.extractor.TestRegexExtractor" time="0.001"/>
  <testcase name="testEmptyDefaultVariable()" classname="org.apache.jmeter.extractor.TestRegexExtractor" time="0.003"/>
  <testcase name="testStaleVariables()" classname="org.apache.jmeter.extractor.TestRegexExtractor" time="0.002"/>
  <testcase name="testProcessAllElementsMultipleMatches()" classname="org.apache.jmeter.extractor.TestRegexExtractor" time="0.001"/>
  <testcase name="testNotEmptyDefaultVariable()" classname="org.apache.jmeter.extractor.TestRegexExtractor" time="0.001"/>
  <testcase name="testDefault()" classname="org.apache.jmeter.extractor.TestRegexExtractor" time="0.001"/>
  <testcase name="testProcessAllElementsSingleMatch()" classname="org.apache.jmeter.extractor.TestRegexExtractor" time="0.001"/>
  <testcase name="testVariableExtraction0()" classname="org.apache.jmeter.extractor.TestRegexExtractor" time="0.001"/>
  <testcase name="testVariableExtraction2()" classname="org.apache.jmeter.extractor.TestRegexExtractor" time="0.001"/>
  <testcase name="testVariableExtraction3()" classname="org.apache.jmeter.extractor.TestRegexExtractor" time="0.001"/>
  <testcase name="testVariableExtraction5()" classname="org.apache.jmeter.extractor.TestRegexExtractor" time="0.001"/>
  <testcase name="testVariableExtraction6()" classname="org.apache.jmeter.extractor.TestRegexExtractor" time="0.0"/>
  <testcase name="testVariableExtraction7()" classname="org.apache.jmeter.extractor.TestRegexExtractor" time="0.001"/>
  <testcase name="testVariableExtraction8()" classname="org.apache.jmeter.extractor.TestRegexExtractor" time="0.001"/>
  <testcase name="testVariableExtraction9()" classname="org.apache.jmeter.extractor.TestRegexExtractor" time="0.001"/>
  <testcase name="testScope1()" classname="org.apache.jmeter.extractor.TestRegexExtractor" time="0.004"/>
  <testcase name="testScope2()" classname="org.apache.jmeter.extractor.TestRegexExtractor" time="0.002"/>
  <system-out><![CDATA[]]></system-out>
  <system-err><![CDATA[]]></system-err>
</testsuite>
