<?xml version="1.0" encoding="UTF-8"?>
<testsuite name="org.apache.jmeter.extractor.json.jmespath.TestJMESPathExtractor$OneMatchOnAllExtractedValues" tests="6" skipped="0" failures="0" errors="0" timestamp="2021-02-28T11:36:05" hostname="FI-SWF-MAC-0005" time="0.005">
  <properties/>
  <testcase name="testFromVars[0]" classname="org.apache.jmeter.extractor.json.jmespath.TestJMESPathExtractor$OneMatchOnAllExtractedValues" time="0.001"/>
  <testcase name="testFromSampleResult[0]" classname="org.apache.jmeter.extractor.json.jmespath.TestJMESPathExtractor$OneMatchOnAllExtractedValues" time="0.001"/>
  <testcase name="testFromVars[1]" classname="org.apache.jmeter.extractor.json.jmespath.TestJMESPathExtractor$OneMatchOnAllExtractedValues" time="0.0"/>
  <testcase name="testFromSampleResult[1]" classname="org.apache.jmeter.extractor.json.jmespath.TestJMESPathExtractor$OneMatchOnAllExtractedValues" time="0.001"/>
  <testcase name="testFromVars[2]" classname="org.apache.jmeter.extractor.json.jmespath.TestJMESPathExtractor$OneMatchOnAllExtractedValues" time="0.001"/>
  <testcase name="testFromSampleResult[2]" classname="org.apache.jmeter.extractor.json.jmespath.TestJMESPathExtractor$OneMatchOnAllExtractedValues" time="0.001"/>
  <system-out><![CDATA[]]></system-out>
  <system-err><![CDATA[]]></system-err>
</testsuite>
