<?xml version="1.0" encoding="UTF-8"?>
<testsuite name="org.apache.jmeter.extractor.json.render.RenderAsJsonRendererSpec" tests="11" skipped="0" failures="0" errors="0" timestamp="2021-02-28T11:36:08" hostname="FI-SWF-MAC-0005" time="0.408">
  <properties/>
  <testcase name="init of component doesn't fail" classname="org.apache.jmeter.extractor.json.render.RenderAsJsonRendererSpec" time="0.009"/>
  <testcase name="render image" classname="org.apache.jmeter.extractor.json.render.RenderAsJsonRendererSpec" time="0.086"/>
  <testcase name="render null Response" classname="org.apache.jmeter.extractor.json.render.RenderAsJsonRendererSpec" time="0.016"/>
  <testcase name="render '#input' as JSON Response to '#output'" classname="org.apache.jmeter.extractor.json.render.RenderAsJsonRendererSpec" time="0.04"/>
  <testcase name="render '#input' as JSON Response to '#output'" classname="org.apache.jmeter.extractor.json.render.RenderAsJsonRendererSpec" time="0.048"/>
  <testcase name="execute '#expression' on '#input' results into '#output'" classname="org.apache.jmeter.extractor.json.render.RenderAsJsonRendererSpec" time="0.009"/>
  <testcase name="execute '#expression' on '#input' results into '#output'" classname="org.apache.jmeter.extractor.json.render.RenderAsJsonRendererSpec" time="0.047"/>
  <testcase name="execute '#expression' on '#input' results into '#output'" classname="org.apache.jmeter.extractor.json.render.RenderAsJsonRendererSpec" time="0.007"/>
  <testcase name="clearData clears expected fields" classname="org.apache.jmeter.extractor.json.render.RenderAsJsonRendererSpec" time="0.042"/>
  <testcase name="setupTabPane adds the tab to rightSide" classname="org.apache.jmeter.extractor.json.render.RenderAsJsonRendererSpec" time="0.075"/>
  <testcase name="setupTabPane called twice does not add twice the tab" classname="org.apache.jmeter.extractor.json.render.RenderAsJsonRendererSpec" time="0.015"/>
  <system-out><![CDATA[]]></system-out>
  <system-err><![CDATA[]]></system-err>
</testsuite>
