<?xml version="1.0" encoding="UTF-8"?>
<testsuite name="org.apache.jmeter.assertions.CompareAssertionSpec" tests="7" skipped="0" failures="0" errors="0" timestamp="2021-02-28T11:36:09" hostname="FI-SWF-MAC-0005" time="0.132">
  <properties/>
  <testcase name="Result is simple assertionResult when only one response is given" classname="org.apache.jmeter.assertions.CompareAssertionSpec" time="0.004"/>
  <testcase name="content 'OK' with compareContent==true, skip=null, elapsed=100 and compareTime==-1" classname="org.apache.jmeter.assertions.CompareAssertionSpec" time="0.029"/>
  <testcase name="content 'different' with compareContent==true, skip=null, elapsed=100 and compareTime==-1" classname="org.apache.jmeter.assertions.CompareAssertionSpec" time="0.005"/>
  <testcase name="content 'different' with compareContent==false, skip=null, elapsed=100 and compareTime==-1" classname="org.apache.jmeter.assertions.CompareAssertionSpec" time="0.029"/>
  <testcase name="content 'different OK' with compareContent==false, skip=d\w+\s, elapsed=100 and compareTime==-1" classname="org.apache.jmeter.assertions.CompareAssertionSpec" time="0.008"/>
  <testcase name="content 'OK' with compareContent==true, skip=null, elapsed=120 and compareTime==10" classname="org.apache.jmeter.assertions.CompareAssertionSpec" time="0.041"/>
  <testcase name="content 'OK' with compareContent==true, skip=null, elapsed=110 and compareTime==10" classname="org.apache.jmeter.assertions.CompareAssertionSpec" time="0.012"/>
  <system-out><![CDATA[]]></system-out>
  <system-err><![CDATA[]]></system-err>
</testsuite>
