<?xml version="1.0" encoding="UTF-8"?>
<testsuite name="org.apache.jmeter.assertions.jmespath.TestJMESPathAssertion$TestAssertion" tests="27" skipped="0" failures="0" errors="0" timestamp="2021-02-28T11:36:05" hostname="FI-SWF-MAC-0005" time="0.087">
  <properties/>
  <testcase name="test[index:0 =&gt; data([0, 1, 2, 3, 4, 5, 6, 7, 8, 9], jmespath=[6:6], invert=USE_INVERT, validation:USE_VALIDATION, regex:USE_NO_REXEG, nullability:EXPECT_NOT_NULL, expected value:[], expected result type:FAILURE, expected failure message:Value expected not to be equal to [])]" classname="org.apache.jmeter.assertions.jmespath.TestJMESPathAssertion$TestAssertion" time="0.002"/>
  <testcase name="test[index:1 =&gt; data([0, 1, 2, 3, 4, 5, 6, 7, 8, 9], jmespath=[6:6], invert=USE_NO_INVERT, validation:USE_VALIDATION, regex:USE_NO_REXEG, nullability:EXPECT_NOT_NULL, expected value:[], expected result type:SUCCESS, expected failure message:)]" classname="org.apache.jmeter.assertions.jmespath.TestJMESPathAssertion$TestAssertion" time="0.001"/>
  <testcase name="test[index:2 =&gt; data([0, 1, 2, 3, 4, 5, 6, 7, 8, 9], jmespath=[6:6], invert=USE_NO_INVERT, validation:USE_VALIDATION, regex:USE_NO_REXEG, nullability:EXPECT_NOT_NULL, expected value:[1], expected result type:FAILURE, expected failure message:Value expected to be equal to [1])]" classname="org.apache.jmeter.assertions.jmespath.TestJMESPathAssertion$TestAssertion" time="0.0"/>
  <testcase name="test[index:3 =&gt; data({&quot;one&quot;: &quot;1&quot;,&quot;two&quot;: &quot;2&quot;}, jmespath=[one,two], invert=USE_NO_INVERT, validation:USE_VALIDATION, regex:USE_NO_REXEG, nullability:EXPECT_NOT_NULL, expected value:[&quot;1&quot;,&quot;2&quot;], expected result type:SUCCESS, expected failure message:)]" classname="org.apache.jmeter.assertions.jmespath.TestJMESPathAssertion$TestAssertion" time="0.002"/>
  <testcase name="test[index:4 =&gt; data({&quot;a&quot;: &quot;foo&quot;, &quot;b&quot;: &quot;bar&quot;, &quot;c&quot;: &quot;baz&quot;}, jmespath=a, invert=USE_NO_INVERT, validation:USE_VALIDATION, regex:USE_NO_REXEG, nullability:EXPECT_NOT_NULL, expected value:foo, expected result type:SUCCESS, expected failure message:)]" classname="org.apache.jmeter.assertions.jmespath.TestJMESPathAssertion$TestAssertion" time="0.001"/>
  <testcase name="test[index:5 =&gt; data({&quot;a&quot;: &quot;123&quot;}, jmespath=a, invert=USE_NO_INVERT, validation:USE_VALIDATION, regex:USE_REGEX, nullability:EXPECT_NOT_NULL, expected value:123|456, expected result type:SUCCESS, expected failure message:)]" classname="org.apache.jmeter.assertions.jmespath.TestJMESPathAssertion$TestAssertion" time="0.0"/>
  <testcase name="test[index:6 =&gt; data({&quot;a&quot;: &quot;123&quot;}, jmespath=a, invert=USE_NO_INVERT, validation:USE_VALIDATION, regex:USE_REGEX, nullability:EXPECT_NOT_NULL, expected value:789|012, expected result type:FAILURE, expected failure message:Value expected to match 789|012)]" classname="org.apache.jmeter.assertions.jmespath.TestJMESPathAssertion$TestAssertion" time="0.0"/>
  <testcase name="test[index:7 =&gt; data({&quot;a&quot;: &quot;123&quot;}, jmespath=a, invert=USE_INVERT, validation:USE_VALIDATION, regex:USE_REGEX, nullability:EXPECT_NOT_NULL, expected value:123|012, expected result type:FAILURE, expected failure message:Value expected not to match 123|012)]" classname="org.apache.jmeter.assertions.jmespath.TestJMESPathAssertion$TestAssertion" time="0.0"/>
  <testcase name="test[index:8 =&gt; data({&quot;people&quot;: [ {&quot;name&quot;: &quot;b&quot;, &quot;age&quot;: 30}, {&quot;name&quot;: &quot;a&quot;, &quot;age&quot;: 50}, {&quot;name&quot;: &quot;c&quot;, &quot;age&quot;: 40}  ]}, jmespath=max_by(people, &amp;age).name, invert=USE_NO_INVERT, validation:USE_VALIDATION, regex:USE_NO_REXEG, nullability:EXPECT_NOT_NULL, expected value:a, expected result type:SUCCESS, expected failure message:)]" classname="org.apache.jmeter.assertions.jmespath.TestJMESPathAssertion$TestAssertion" time="0.005"/>
  <testcase name="test[index:9 =&gt; data({&quot;one&quot;: &quot;&quot;}, jmespath=two, invert=USE_NO_INVERT, validation:USE_VALIDATION, regex:USE_NO_REXEG, nullability:EXPECT_NULL, expected value:null, expected result type:SUCCESS, expected failure message:)]" classname="org.apache.jmeter.assertions.jmespath.TestJMESPathAssertion$TestAssertion" time="0.0"/>
  <testcase name="test[index:10 =&gt; data({&quot;one&quot;: &quot;&quot;}, jmespath=one, invert=USE_NO_INVERT, validation:USE_VALIDATION, regex:USE_NO_REXEG, nullability:EXPECT_NOT_NULL, expected value:, expected result type:SUCCESS, expected failure message:)]" classname="org.apache.jmeter.assertions.jmespath.TestJMESPathAssertion$TestAssertion" time="0.0"/>
  <testcase name="test[index:11 =&gt; data({&quot;one&quot;: &quot;&quot;}, jmespath=one, invert=USE_NO_INVERT, validation:USE_VALIDATION, regex:USE_NO_REXEG, nullability:EXPECT_NULL, expected value:1, expected result type:FAILURE, expected failure message:Value expected to be null)]" classname="org.apache.jmeter.assertions.jmespath.TestJMESPathAssertion$TestAssertion" time="0.001"/>
  <testcase name="test[index:12 =&gt; data({&quot;one&quot;: &quot;1&quot;}, jmespath=one, invert=USE_INVERT, validation:USE_VALIDATION, regex:USE_NO_REXEG, nullability:EXPECT_NOT_NULL, expected value:2, expected result type:SUCCESS, expected failure message:)]" classname="org.apache.jmeter.assertions.jmespath.TestJMESPathAssertion$TestAssertion" time="0.0"/>
  <testcase name="test[index:13 =&gt; data({&quot;one&quot;: &quot;&quot;}, jmespath=one, invert=USE_INVERT, validation:USE_VALIDATION, regex:USE_NO_REXEG, nullability:EXPECT_NULL, expected value:, expected result type:SUCCESS, expected failure message:)]" classname="org.apache.jmeter.assertions.jmespath.TestJMESPathAssertion$TestAssertion" time="0.001"/>
  <testcase name="test[index:14 =&gt; data({&quot;one&quot;: &quot;&quot;}, jmespath=two, invert=USE_INVERT, validation:USE_VALIDATION, regex:USE_NO_REXEG, nullability:EXPECT_NULL, expected value:, expected result type:FAILURE, expected failure message:Value expected not to be null)]" classname="org.apache.jmeter.assertions.jmespath.TestJMESPathAssertion$TestAssertion" time="0.0"/>
  <testcase name="test[index:15 =&gt; data({&quot;one&quot;: &quot;1&quot;}, jmespath=one, invert=USE_NO_INVERT, validation:USE_VALIDATION, regex:USE_NO_REXEG, nullability:EXPECT_NOT_NULL, expected value:2, expected result type:FAILURE, expected failure message:Value expected to be equal to 2)]" classname="org.apache.jmeter.assertions.jmespath.TestJMESPathAssertion$TestAssertion" time="0.001"/>
  <testcase name="test[index:16 =&gt; data({&quot;one&quot;: &quot;1&quot;}, jmespath=one, invert=USE_INVERT, validation:USE_VALIDATION, regex:USE_NO_REXEG, nullability:EXPECT_NOT_NULL, expected value:1, expected result type:FAILURE, expected failure message:Value expected not to be equal to 1)]" classname="org.apache.jmeter.assertions.jmespath.TestJMESPathAssertion$TestAssertion" time="0.0"/>
  <testcase name="test[index:17 =&gt; data({'one': '1'}, jmespath=one, invert=USE_INVERT, validation:USE_VALIDATION, regex:USE_NO_REXEG, nullability:EXPECT_NOT_NULL, expected value:2, expected result type:SUCCESS, expected failure message:)]" classname="org.apache.jmeter.assertions.jmespath.TestJMESPathAssertion$TestAssertion" time="0.001"/>
  <testcase name="test[index:18 =&gt; data({'one': '1'}, jmespath=one, invert=USE_NO_INVERT, validation:USE_VALIDATION, regex:USE_NO_REXEG, nullability:EXPECT_NOT_NULL, expected value:2, expected result type:ERROR, expected failure message:Unexpected character (''' (code 39)): was expecting double-quote to start field name&#10; at [Source: (String)&quot;{'one': '1'}&quot;; line: 1, column: 3])]" classname="org.apache.jmeter.assertions.jmespath.TestJMESPathAssertion$TestAssertion" time="0.0"/>
  <testcase name="test[index:19 =&gt; data({&quot;one&quot;: &quot;&quot;}, jmespath=one, invert=USE_NO_INVERT, validation:USE_VALIDATION, regex:USE_NO_REXEG, nullability:EXPECT_NOT_NULL, expected value:1, expected result type:FAILURE, expected failure message:Value expected to be equal to 1)]" classname="org.apache.jmeter.assertions.jmespath.TestJMESPathAssertion$TestAssertion" time="0.0"/>
  <testcase name="test[index:20 =&gt; data({&quot;&quot;:&quot;&quot;}, jmespath=foo, invert=USE_NO_INVERT, validation:USE_VALIDATION, regex:USE_NO_REXEG, nullability:EXPECT_NULL, expected value:null, expected result type:SUCCESS, expected failure message:)]" classname="org.apache.jmeter.assertions.jmespath.TestJMESPathAssertion$TestAssertion" time="0.0"/>
  <testcase name="test[index:21 =&gt; data({&quot;one&quot;: &quot;&quot;}, jmespath=one, invert=USE_NO_INVERT, validation:USE_NO_VALIDATION, regex:USE_NO_REXEG, nullability:EXPECT_NOT_NULL, expected value:, expected result type:SUCCESS, expected failure message:)]" classname="org.apache.jmeter.assertions.jmespath.TestJMESPathAssertion$TestAssertion" time="0.001"/>
  <testcase name="test[index:22 =&gt; data({&quot;one&quot;: &quot;&quot;}, jmespath=two, invert=USE_NO_INVERT, validation:USE_NO_VALIDATION, regex:USE_NO_REXEG, nullability:EXPECT_NOT_NULL, expected value:, expected result type:FAILURE, expected failure message:JMESPATH two expected to exist)]" classname="org.apache.jmeter.assertions.jmespath.TestJMESPathAssertion$TestAssertion" time="0.0"/>
  <testcase name="test[index:23 =&gt; data({&quot;one&quot;: &quot;&quot;}, jmespath=one, invert=USE_INVERT, validation:USE_NO_VALIDATION, regex:USE_NO_REXEG, nullability:EXPECT_NOT_NULL, expected value:, expected result type:FAILURE, expected failure message:JMESPATH one expected not to exist)]" classname="org.apache.jmeter.assertions.jmespath.TestJMESPathAssertion$TestAssertion" time="0.0"/>
  <testcase name="test[index:24 =&gt; data({&quot;one&quot;: &quot;&quot;}, jmespath=two, invert=USE_INVERT, validation:USE_NO_VALIDATION, regex:USE_NO_REXEG, nullability:EXPECT_NOT_NULL, expected value:, expected result type:SUCCESS, expected failure message:)]" classname="org.apache.jmeter.assertions.jmespath.TestJMESPathAssertion$TestAssertion" time="0.058"/>
  <testcase name="test[index:25 =&gt; data(, jmespath=two, invert=USE_NO_INVERT, validation:USE_NO_VALIDATION, regex:USE_NO_REXEG, nullability:EXPECT_NOT_NULL, expected value:, expected result type:FAILURE, expected failure message:Response was null)]" classname="org.apache.jmeter.assertions.jmespath.TestJMESPathAssertion$TestAssertion" time="0.001"/>
  <testcase name="test[index:26 =&gt; data({&#10;  &quot;reservations&quot;: [&#10;    {&#10;      &quot;instances&quot;: [&#10;        {&quot;state&quot;: &quot;running&quot;},&#10;        {&quot;state&quot;: &quot;stopped&quot;}&#10;      ]&#10;    },&#10;    {&#10;      &quot;instances&quot;: [&#10;        {&quot;state&quot;: &quot;terminated&quot;},&#10;        {&quot;state&quot;: &quot;running&quot;}&#10;      ]&#10;    }&#10;  ]&#10;}, jmespath=reservations[*].instances[*].state, invert=USE_NO_INVERT, validation:USE_VALIDATION, regex:USE_NO_REXEG, nullability:EXPECT_NOT_NULL, expected value:[[&quot;running&quot;,&quot;stopped&quot;],[&quot;terminated&quot;,&quot;running&quot;]], expected result type:SUCCESS, expected failure message:)]" classname="org.apache.jmeter.assertions.jmespath.TestJMESPathAssertion$TestAssertion" time="0.004"/>
  <system-out><![CDATA[]]></system-out>
  <system-err><![CDATA[]]></system-err>
</testsuite>
