<?xml version="1.0" encoding="UTF-8"?>
<testsuite name="org.apache.jmeter.extractor.TestBoundaryExtractor" tests="4" skipped="0" failures="0" errors="0" timestamp="2021-02-28T11:35:56" hostname="FI-SWF-MAC-0005" time="0.005">
  <properties/>
  <testcase name="testNoBoundariesOneVariable()" classname="org.apache.jmeter.extractor.TestBoundaryExtractor" time="0.002"/>
  <testcase name="testOnlyLeftBoundary()" classname="org.apache.jmeter.extractor.TestBoundaryExtractor" time="0.0"/>
  <testcase name="testNoBoundaries()" classname="org.apache.jmeter.extractor.TestBoundaryExtractor" time="0.0"/>
  <testcase name="testOnlyRightBoundary()" classname="org.apache.jmeter.extractor.TestBoundaryExtractor" time="0.0"/>
  <system-out><![CDATA[]]></system-out>
  <system-err><![CDATA[]]></system-err>
</testsuite>
