<?xml version="1.0" encoding="UTF-8"?>
<testsuite name="org.apache.jmeter.control.RandomOrderControllerSpec" tests="4" skipped="0" failures="0" errors="0" timestamp="2021-02-28T11:36:09" hostname="FI-SWF-MAC-0005" time="0.09">
  <properties/>
  <testcase name="next() on an empty controller returns null" classname="org.apache.jmeter.control.RandomOrderControllerSpec" time="0.001"/>
  <testcase name="next() returns only provided sampler" classname="org.apache.jmeter.control.RandomOrderControllerSpec" time="0.0"/>
  <testcase name="next() returns exactly all added elements in random order" classname="org.apache.jmeter.control.RandomOrderControllerSpec" time="0.009"/>
  <testcase name="next() is null if isDone() is true" classname="org.apache.jmeter.control.RandomOrderControllerSpec" time="0.079"/>
  <system-out><![CDATA[]]></system-out>
  <system-err><![CDATA[]]></system-err>
</testsuite>
