<?xml version="1.0" encoding="UTF-8"?>
<testsuite name="org.apache.jmeter.extractor.TestXPath2Extractor" tests="7" skipped="0" failures="0" errors="0" timestamp="2021-02-28T11:35:56" hostname="FI-SWF-MAC-0005" time="0.741">
  <properties/>
  <testcase name="testWithoutNamespace()" classname="org.apache.jmeter.extractor.TestXPath2Extractor" time="0.434"/>
  <testcase name="testVariableExtraction()" classname="org.apache.jmeter.extractor.TestXPath2Extractor" time="0.18"/>
  <testcase name="testScope()" classname="org.apache.jmeter.extractor.TestXPath2Extractor" time="0.005"/>
  <testcase name="testAttributeExtraction()" classname="org.apache.jmeter.extractor.TestXPath2Extractor" time="0.113"/>
  <testcase name="testWithNamespace()" classname="org.apache.jmeter.extractor.TestXPath2Extractor" time="0.003"/>
  <testcase name="testWithNamespaces()" classname="org.apache.jmeter.extractor.TestXPath2Extractor" time="0.002"/>
  <testcase name="testPreviousResultIsEmpty()" classname="org.apache.jmeter.extractor.TestXPath2Extractor" time="0.0"/>
  <system-out><![CDATA[]]></system-out>
  <system-err><![CDATA[]]></system-err>
</testsuite>
