<?xml version="1.0" encoding="UTF-8"?>
<testsuite name="org.apache.jmeter.control.TestLoopController" tests="4" skipped="0" failures="0" errors="0" timestamp="2021-02-28T11:36:03" hostname="FI-SWF-MAC-0005" time="0.008">
  <properties/>
  <testcase name="testInfiniteLoop()" classname="org.apache.jmeter.control.TestLoopController" time="0.004"/>
  <testcase name="testBug54467()" classname="org.apache.jmeter.control.TestLoopController" time="0.002"/>
  <testcase name="testProcessing()" classname="org.apache.jmeter.control.TestLoopController" time="0.001"/>
  <testcase name="testLoopZeroTimes()" classname="org.apache.jmeter.control.TestLoopController" time="0.0"/>
  <system-out><![CDATA[]]></system-out>
  <system-err><![CDATA[]]></system-err>
</testsuite>
