<?xml version="1.0" encoding="UTF-8"?>
<testsuite name="org.apache.jmeter.assertions.XMLSchemaAssertionTest" tests="9" skipped="0" failures="0" errors="0" timestamp="2021-02-28T11:35:57" hostname="FI-SWF-MAC-0005" time="0.492">
  <properties/>
  <testcase name="testXMLTrailingContent()" classname="org.apache.jmeter.assertions.XMLSchemaAssertionTest" time="0.426"/>
  <testcase name="testAssertionNoFile()" classname="org.apache.jmeter.assertions.XMLSchemaAssertionTest" time="0.002"/>
  <testcase name="testAssertionOK()" classname="org.apache.jmeter.assertions.XMLSchemaAssertionTest" time="0.009"/>
  <testcase name="testAssertionBadXSDFile()" classname="org.apache.jmeter.assertions.XMLSchemaAssertionTest" time="0.012"/>
  <testcase name="testAssertionFail()" classname="org.apache.jmeter.assertions.XMLSchemaAssertionTest" time="0.004"/>
  <testcase name="testAssertionEmptyResult()" classname="org.apache.jmeter.assertions.XMLSchemaAssertionTest" time="0.001"/>
  <testcase name="testXMLTrailingWhitespace()" classname="org.apache.jmeter.assertions.XMLSchemaAssertionTest" time="0.023"/>
  <testcase name="testAssertionNoResult()" classname="org.apache.jmeter.assertions.XMLSchemaAssertionTest" time="0.001"/>
  <testcase name="testAssertionBlankResult()" classname="org.apache.jmeter.assertions.XMLSchemaAssertionTest" time="0.008"/>
  <system-out><![CDATA[]]></system-out>
  <system-err><![CDATA[]]></system-err>
</testsuite>
