<?xml version="1.0" encoding="UTF-8"?>
<testsuite name="org.apache.jmeter.assertions.MD5HexAssertionSpec" tests="7" skipped="0" failures="0" errors="0" timestamp="2021-02-28T11:36:09" hostname="FI-SWF-MAC-0005" time="0.091">
  <properties/>
  <testcase name="unset allowable hash with empty response fails" classname="org.apache.jmeter.assertions.MD5HexAssertionSpec" time="0.009"/>
  <testcase name="incorrect hash  causes result failure" classname="org.apache.jmeter.assertions.MD5HexAssertionSpec" time="0.001"/>
  <testcase name="incorrect hash anything causes result failure" classname="org.apache.jmeter.assertions.MD5HexAssertionSpec" time="0.001"/>
  <testcase name="incorrect hash aaaaaaaaaaaaaaaaaaaaaaaaaaaaaaaa causes result failure" classname="org.apache.jmeter.assertions.MD5HexAssertionSpec" time="0.0"/>
  <testcase name="example MD5s - 'anything' == 'f0e166dc34d14d6c228ffac576c9a43c'" classname="org.apache.jmeter.assertions.MD5HexAssertionSpec" time="0.077"/>
  <testcase name="example MD5s - 'anything' == 'F0e166Dc34D14d6c228ffac576c9a43c'" classname="org.apache.jmeter.assertions.MD5HexAssertionSpec" time="0.001"/>
  <testcase name="empty array has MD5 hash of D41D8CD98F00B204E9800998ECF8427E" classname="org.apache.jmeter.assertions.MD5HexAssertionSpec" time="0.001"/>
  <system-out><![CDATA[]]></system-out>
  <system-err><![CDATA[]]></system-err>
</testsuite>
