<?xml version="1.0" encoding="UTF-8"?>
<testsuite name="org.apache.jmeter.control.TestWhileController" tests="12" skipped="0" failures="0" errors="0" timestamp="2021-02-28T11:36:03" hostname="FI-SWF-MAC-0005" time="0.173">
  <properties/>
  <testcase name="testLastFailedBlank()" classname="org.apache.jmeter.control.TestWhileController" time="0.003"/>
  <testcase name="testfalsePrevFailed()" classname="org.apache.jmeter.control.TestWhileController" time="0.0"/>
  <testcase name="testAlwaysFailBAD()" classname="org.apache.jmeter.control.TestWhileController" time="0.0"/>
  <testcase name="testBlankPrevFailed()" classname="org.apache.jmeter.control.TestWhileController" time="0.0"/>
  <testcase name="testLastFailedLast()" classname="org.apache.jmeter.control.TestWhileController" time="0.0"/>
  <testcase name="testAlwaysFailOK()" classname="org.apache.jmeter.control.TestWhileController" time="0.0"/>
  <testcase name="testLASTPrevFailed()" classname="org.apache.jmeter.control.TestWhileController" time="0.001"/>
  <testcase name="testVariable1()" classname="org.apache.jmeter.control.TestWhileController" time="0.155"/>
  <testcase name="testVariable2()" classname="org.apache.jmeter.control.TestWhileController" time="0.0"/>
  <testcase name="testLastPrevOK()" classname="org.apache.jmeter.control.TestWhileController" time="0.001"/>
  <testcase name="testBlankPrevOK()" classname="org.apache.jmeter.control.TestWhileController" time="0.001"/>
  <testcase name="testOtherPrevOK()" classname="org.apache.jmeter.control.TestWhileController" time="0.001"/>
  <system-out><![CDATA[]]></system-out>
  <system-err><![CDATA[]]></system-err>
</testsuite>
