<?xml version="1.0" encoding="UTF-8"?>
<testsuite name="org.apache.jmeter.assertions.XPath2AssertionTest" tests="14" skipped="0" failures="0" errors="0" timestamp="2021-02-28T11:35:57" hostname="FI-SWF-MAC-0005" time="0.104">
  <properties/>
  <testcase name="testXPath2AssertionPathWithoutNamespace()" classname="org.apache.jmeter.assertions.XPath2AssertionTest" time="0.004"/>
  <testcase name="testValidateXPath2()" classname="org.apache.jmeter.assertions.XPath2AssertionTest" time="0.014"/>
  <testcase name="testXPath2AssertionBool1()" classname="org.apache.jmeter.assertions.XPath2AssertionTest" time="0.032"/>
  <testcase name="testXPath2AssertionBool2()" classname="org.apache.jmeter.assertions.XPath2AssertionTest" time="0.008"/>
  <testcase name="testXPath2AssertionPath1()" classname="org.apache.jmeter.assertions.XPath2AssertionTest" time="0.013"/>
  <testcase name="testXPath2AssertionPath2()" classname="org.apache.jmeter.assertions.XPath2AssertionTest" time="0.004"/>
  <testcase name="testXPath2AssertionBool1Negated()" classname="org.apache.jmeter.assertions.XPath2AssertionTest" time="0.003"/>
  <testcase name="testScope()" classname="org.apache.jmeter.assertions.XPath2AssertionTest" time="0.004"/>
  <testcase name="testBadXpathFormat()" classname="org.apache.jmeter.assertions.XPath2AssertionTest" time="0.0"/>
  <testcase name="testXPath2AssertionPath2Negated()" classname="org.apache.jmeter.assertions.XPath2AssertionTest" time="0.003"/>
  <testcase name="testXPath2AssertionBool2Negated()" classname="org.apache.jmeter.assertions.XPath2AssertionTest" time="0.003"/>
  <testcase name="testScopeFailure()" classname="org.apache.jmeter.assertions.XPath2AssertionTest" time="0.002"/>
  <testcase name="testResponseDataIsEmpty()" classname="org.apache.jmeter.assertions.XPath2AssertionTest" time="0.0"/>
  <testcase name="testXPath2AssertionPath1Negated()" classname="org.apache.jmeter.assertions.XPath2AssertionTest" time="0.003"/>
  <system-out><![CDATA[]]></system-out>
  <system-err><![CDATA[]]></system-err>
</testsuite>
