<?xml version="1.0" encoding="UTF-8"?>
<testsuite name="org.apache.jmeter.visualizers.TestSamplingStatCalculator" tests="2" skipped="0" failures="0" errors="0" timestamp="2021-02-28T11:35:55" hostname="FI-SWF-MAC-0005" time="0.003">
  <properties/>
  <testcase name="testGetAvgPageBytes()" classname="org.apache.jmeter.visualizers.TestSamplingStatCalculator" time="0.003"/>
  <testcase name="testGetCurrentSample()" classname="org.apache.jmeter.visualizers.TestSamplingStatCalculator" time="0.0"/>
  <system-out><![CDATA[]]></system-out>
  <system-err><![CDATA[]]></system-err>
</testsuite>
