<?xml version="1.0" encoding="UTF-8"?>
<testsuite name="org.apache.jmeter.control.TestIfController" tests="8" skipped="1" failures="0" errors="0" timestamp="2021-02-28T11:36:03" hostname="FI-SWF-MAC-0005" time="1.486">
  <properties/>
  <testcase name="shouldIgnoreEmptyLastLine()" classname="org.apache.jmeter.control.TestIfController" time="0.843"/>
  <testcase name="testProcessingTrue()" classname="org.apache.jmeter.control.TestIfController" time="0.391"/>
  <testcase name="testBug53768()" classname="org.apache.jmeter.control.TestIfController" time="0.015"/>
  <testcase name="testProcessingTrueWithExpression()" classname="org.apache.jmeter.control.TestIfController" time="0.0"/>
  <testcase name="testProcessing()" classname="org.apache.jmeter.control.TestIfController" time="0.001">
    <skipped/>
  </testcase>
  <testcase name="testEvaluateAllChildrenWithSubController()" classname="org.apache.jmeter.control.TestIfController" time="0.125"/>
  <testcase name="testStackOverflow()" classname="org.apache.jmeter.control.TestIfController" time="0.01"/>
  <testcase name="testEvaluateAllChildrenWithoutSubController()" classname="org.apache.jmeter.control.TestIfController" time="0.093"/>
  <system-out><![CDATA[]]></system-out>
  <system-err><![CDATA[Warning: Nashorn engine is planned to be removed from a future JDK release
Warning: Nashorn engine is planned to be removed from a future JDK release
]]></system-err>
</testsuite>
