<?xml version="1.0" encoding="UTF-8"?>
<testsuite name="org.apache.jmeter.assertions.gui.TestJSONPathAssertionGui" tests="7" skipped="0" failures="0" errors="0" timestamp="2021-02-28T11:36:00" hostname="FI-SWF-MAC-0005" time="0.803">
  <properties/>
  <testcase name="testInit()" classname="org.apache.jmeter.assertions.gui.TestJSONPathAssertionGui" time="0.629"/>
  <testcase name="testGetStaticLabel()" classname="org.apache.jmeter.assertions.gui.TestJSONPathAssertionGui" time="0.013"/>
  <testcase name="testGetLabelResource()" classname="org.apache.jmeter.assertions.gui.TestJSONPathAssertionGui" time="0.013"/>
  <testcase name="testModifyTestElement()" classname="org.apache.jmeter.assertions.gui.TestJSONPathAssertionGui" time="0.07"/>
  <testcase name="testConfigure()" classname="org.apache.jmeter.assertions.gui.TestJSONPathAssertionGui" time="0.012"/>
  <testcase name="testCreateTestElement()" classname="org.apache.jmeter.assertions.gui.TestJSONPathAssertionGui" time="0.01"/>
  <testcase name="testClearGui()" classname="org.apache.jmeter.assertions.gui.TestJSONPathAssertionGui" time="0.052"/>
  <system-out><![CDATA[]]></system-out>
  <system-err><![CDATA[]]></system-err>
</testsuite>
