<?xml version="1.0" encoding="UTF-8"?>
<testsuite name="org.apache.jmeter.visualizers.TestRenderAsJson" tests="8" skipped="0" failures="0" errors="0" timestamp="2021-02-28T11:35:52" hostname="FI-SWF-MAC-0005" time="0.107">
  <properties/>
  <testcase name="testRenderResultComplexArray()" classname="org.apache.jmeter.visualizers.TestRenderAsJson" time="0.097"/>
  <testcase name="testRenderResultWithLongStringBug54826()" classname="org.apache.jmeter.visualizers.TestRenderAsJson" time="0.001"/>
  <testcase name="testRenderResultSimpleStructure()" classname="org.apache.jmeter.visualizers.TestRenderAsJson" time="0.001"/>
  <testcase name="testRenderResultSimpleArray()" classname="org.apache.jmeter.visualizers.TestRenderAsJson" time="0.0"/>
  <testcase name="testRenderArrayInObject()" classname="org.apache.jmeter.visualizers.TestRenderAsJson" time="0.001"/>
  <testcase name="testRenderResultSimpleNumber()" classname="org.apache.jmeter.visualizers.TestRenderAsJson" time="0.001"/>
  <testcase name="testRenderResultSimpleObject()" classname="org.apache.jmeter.visualizers.TestRenderAsJson" time="0.001"/>
  <testcase name="testRenderResultSimpleString()" classname="org.apache.jmeter.visualizers.TestRenderAsJson" time="0.001"/>
  <system-out><![CDATA[]]></system-out>
  <system-err><![CDATA[]]></system-err>
</testsuite>
