<?xml version="1.0" encoding="UTF-8"?>
<testsuite name="org.apache.jmeter.config.TestRandomVariableConfig" tests="3" skipped="0" failures="0" errors="0" timestamp="2021-02-28T11:35:45" hostname="FI-SWF-MAC-0005" time="0.095">
  <properties/>
  <testcase name="testRandomWithFormat()" classname="org.apache.jmeter.config.TestRandomVariableConfig" time="0.039"/>
  <testcase name="testInvalidRange()" classname="org.apache.jmeter.config.TestRandomVariableConfig" time="0.002"/>
  <testcase name="testRandom()" classname="org.apache.jmeter.config.TestRandomVariableConfig" time="0.053"/>
  <system-out><![CDATA[]]></system-out>
  <system-err><![CDATA[]]></system-err>
</testsuite>
