<?xml version="1.0" encoding="UTF-8"?>
<testsuite name="org.apache.jmeter.control.TestTransactionController" tests="1" skipped="0" failures="0" errors="0" timestamp="2021-02-28T11:36:05" hostname="FI-SWF-MAC-0005" time="0.049">
  <properties/>
  <testcase name="testIssue57958()" classname="org.apache.jmeter.control.TestTransactionController" time="0.049"/>
  <system-out><![CDATA[]]></system-out>
  <system-err><![CDATA[]]></system-err>
</testsuite>
