<?xml version="1.0" encoding="UTF-8"?>
<testsuite name="org.apache.jmeter.extractor.json.render.RenderAsJmesPathRendererSpec" tests="11" skipped="0" failures="0" errors="0" timestamp="2021-02-28T11:36:07" hostname="FI-SWF-MAC-0005" time="0.676">
  <properties/>
  <testcase name="init of component doesn't fail" classname="org.apache.jmeter.extractor.json.render.RenderAsJmesPathRendererSpec" time="0.123"/>
  <testcase name="render image" classname="org.apache.jmeter.extractor.json.render.RenderAsJmesPathRendererSpec" time="0.214"/>
  <testcase name="render null Response" classname="org.apache.jmeter.extractor.json.render.RenderAsJmesPathRendererSpec" time="0.035"/>
  <testcase name="render '#input' as JSON Response to '#output'" classname="org.apache.jmeter.extractor.json.render.RenderAsJmesPathRendererSpec" time="0.008"/>
  <testcase name="render '#input' as JSON Response to '#output'" classname="org.apache.jmeter.extractor.json.render.RenderAsJmesPathRendererSpec" time="0.009"/>
  <testcase name="execute '#expression' on '#input' results into '#output'" classname="org.apache.jmeter.extractor.json.render.RenderAsJmesPathRendererSpec" time="0.167"/>
  <testcase name="execute '#expression' on '#input' results into '#output'" classname="org.apache.jmeter.extractor.json.render.RenderAsJmesPathRendererSpec" time="0.028"/>
  <testcase name="execute '#expression' on '#input' results into '#output'" classname="org.apache.jmeter.extractor.json.render.RenderAsJmesPathRendererSpec" time="0.007"/>
  <testcase name="clearData clears expected fields" classname="org.apache.jmeter.extractor.json.render.RenderAsJmesPathRendererSpec" time="0.009"/>
  <testcase name="setupTabPane adds the tab to rightSide" classname="org.apache.jmeter.extractor.json.render.RenderAsJmesPathRendererSpec" time="0.063"/>
  <testcase name="setupTabPane called twice does not add twice the tab" classname="org.apache.jmeter.extractor.json.render.RenderAsJmesPathRendererSpec" time="0.009"/>
  <system-out><![CDATA[]]></system-out>
  <system-err><![CDATA[]]></system-err>
</testsuite>
