<?xml version="1.0" encoding="UTF-8"?>
<testsuite name="org.apache.jmeter.visualizers.backend.SamplerMetricTimedModeTest" tests="4" skipped="0" failures="0" errors="0" timestamp="2021-02-28T11:35:55" hostname="FI-SWF-MAC-0005" time="0.004">
  <properties/>
  <testcase name="checkResetOkAndAllStats()" classname="org.apache.jmeter.visualizers.backend.SamplerMetricTimedModeTest" time="0.001"/>
  <testcase name="checkAddCumulatedKo()" classname="org.apache.jmeter.visualizers.backend.SamplerMetricTimedModeTest" time="0.001"/>
  <testcase name="checkAddCumulatedOk()" classname="org.apache.jmeter.visualizers.backend.SamplerMetricTimedModeTest" time="0.0"/>
  <testcase name="checkResetKoAndAllStats()" classname="org.apache.jmeter.visualizers.backend.SamplerMetricTimedModeTest" time="0.0"/>
  <system-out><![CDATA[]]></system-out>
  <system-err><![CDATA[]]></system-err>
</testsuite>
