<?xml version="1.0" encoding="UTF-8"?>
<testsuite name="org.apache.jmeter.timers.poissonarrivals.PreciseThroughputTimerTest" tests="6" skipped="0" failures="0" errors="0" timestamp="2021-02-28T11:35:51" hostname="FI-SWF-MAC-0005" time="0.612">
  <properties/>
  <testcase name="reproduer4389853422207095555()" classname="org.apache.jmeter.timers.poissonarrivals.PreciseThroughputTimerTest" time="0.009"/>
  <testcase name="testSingleExactNumberOfSamples()" classname="org.apache.jmeter.timers.poissonarrivals.PreciseThroughputTimerTest" time="0.002"/>
  <testcase name="repro2110188512211996814L()" classname="org.apache.jmeter.timers.poissonarrivals.PreciseThroughputTimerTest" time="0.001"/>
  <testcase name="testExactNumberOfSamples()" classname="org.apache.jmeter.timers.poissonarrivals.PreciseThroughputTimerTest" time="0.596"/>
  <testcase name="testSingleExactNumberOfSamples6812190053835844998()" classname="org.apache.jmeter.timers.poissonarrivals.PreciseThroughputTimerTest" time="0.001"/>
  <testcase name="testTimer1()" classname="org.apache.jmeter.timers.poissonarrivals.PreciseThroughputTimerTest" time="0.001"/>
  <system-out><![CDATA[]]></system-out>
  <system-err><![CDATA[]]></system-err>
</testsuite>
