<?xml version="1.0" encoding="UTF-8"?>
<testsuite name="org.apache.jmeter.assertions.DurationAssertionTest" tests="4" skipped="0" failures="0" errors="0" timestamp="2021-02-28T11:35:57" hostname="FI-SWF-MAC-0005" time="0.004">
  <properties/>
  <testcase name="testDurationEquals()" classname="org.apache.jmeter.assertions.DurationAssertionTest" time="0.002"/>
  <testcase name="testDurationHigher()" classname="org.apache.jmeter.assertions.DurationAssertionTest" time="0.001"/>
  <testcase name="testDurationZero()" classname="org.apache.jmeter.assertions.DurationAssertionTest" time="0.001"/>
  <testcase name="testDurationLower()" classname="org.apache.jmeter.assertions.DurationAssertionTest" time="0.0"/>
  <system-out><![CDATA[]]></system-out>
  <system-err><![CDATA[]]></system-err>
</testsuite>
