<?xml version="1.0" encoding="UTF-8"?>
<testsuite name="org.apache.jmeter.assertions.SizeAssertionTest" tests="6" skipped="0" failures="0" errors="0" timestamp="2021-02-28T11:35:57" hostname="FI-SWF-MAC-0005" time="0.007">
  <properties/>
  <testcase name="testSizeAssertionEquals()" classname="org.apache.jmeter.assertions.SizeAssertionTest" time="0.001"/>
  <testcase name="testSizeAssertionLessThanEqual()" classname="org.apache.jmeter.assertions.SizeAssertionTest" time="0.001"/>
  <testcase name="testSizeAssertionNotEquals()" classname="org.apache.jmeter.assertions.SizeAssertionTest" time="0.001"/>
  <testcase name="testSizeAssertionGreaterThan()" classname="org.apache.jmeter.assertions.SizeAssertionTest" time="0.001"/>
  <testcase name="testSizeAssertionGreaterThanEqual()" classname="org.apache.jmeter.assertions.SizeAssertionTest" time="0.0"/>
  <testcase name="testSizeAssertionLessThan()" classname="org.apache.jmeter.assertions.SizeAssertionTest" time="0.0"/>
  <system-out><![CDATA[]]></system-out>
  <system-err><![CDATA[]]></system-err>
</testsuite>
