<?xml version="1.0" encoding="UTF-8"?>
<testsuite name="org.apache.jmeter.visualizers.backend.graphite.TextGraphiteMetricsSenderSpec" tests="5" skipped="0" failures="0" errors="0" timestamp="2021-02-28T11:36:07" hostname="FI-SWF-MAC-0005" time="0.011">
  <properties/>
  <testcase name="new sender has no metrics" classname="org.apache.jmeter.visualizers.backend.graphite.TextGraphiteMetricsSenderSpec" time="0.0"/>
  <testcase name="adding metric to sender creates correct MetricTuple" classname="org.apache.jmeter.visualizers.backend.graphite.TextGraphiteMetricsSenderSpec" time="0.003"/>
  <testcase name="writeAndSendMetrics does not attempt connection if there's nothing to send" classname="org.apache.jmeter.visualizers.backend.graphite.TextGraphiteMetricsSenderSpec" time="0.003"/>
  <testcase name="writeAndSendMetrics connects and sends if there's something to send, dropping metrics on connection failure, without throwing exceptions" classname="org.apache.jmeter.visualizers.backend.graphite.TextGraphiteMetricsSenderSpec" time="0.003"/>
  <testcase name="destroy closes outputStreamPool" classname="org.apache.jmeter.visualizers.backend.graphite.TextGraphiteMetricsSenderSpec" time="0.0"/>
  <system-out><![CDATA[]]></system-out>
  <system-err><![CDATA[]]></system-err>
</testsuite>
