<?xml version="1.0" encoding="UTF-8"?>
<testsuite name="org.apache.jmeter.extractor.TestXPathExtractor" tests="6" skipped="0" failures="0" errors="0" timestamp="2021-02-28T11:35:55" hostname="FI-SWF-MAC-0005" time="0.717">
  <properties/>
  <testcase name="testVariableExtraction()" classname="org.apache.jmeter.extractor.TestXPathExtractor" time="0.623"/>
  <testcase name="testScope()" classname="org.apache.jmeter.extractor.TestXPathExtractor" time="0.017"/>
  <testcase name="testAttributeExtraction()" classname="org.apache.jmeter.extractor.TestXPathExtractor" time="0.024"/>
  <testcase name="testInvalidDocument()" classname="org.apache.jmeter.extractor.TestXPathExtractor" time="0.021"/>
  <testcase name="testInvalidXpath()" classname="org.apache.jmeter.extractor.TestXPathExtractor" time="0.026"/>
  <testcase name="testNonXmlDocument()" classname="org.apache.jmeter.extractor.TestXPathExtractor" time="0.005"/>
  <system-out><![CDATA[]]></system-out>
  <system-err><![CDATA[]]></system-err>
</testsuite>
