<?xml version="1.0" encoding="UTF-8"?>
<testsuite name="org.apache.jmeter.resources.ResourceKeyUsageTestFtp" tests="1" skipped="0" failures="0" errors="0" timestamp="2021-02-28T11:36:24" hostname="FI-SWF-MAC-0005" time="0.208">
  <properties/>
  <testcase name="checkResourceReferences()" classname="org.apache.jmeter.resources.ResourceKeyUsageTestFtp" time="0.208"/>
  <system-out><![CDATA[]]></system-out>
  <system-err><![CDATA[]]></system-err>
</testsuite>
