<?xml version="1.0" encoding="UTF-8"?>
<testsuite name="org.apache.jmeter.protocol.http.util.accesslog.TestSessionFilter" tests="3" skipped="0" failures="0" errors="0" timestamp="2021-02-28T11:36:39" hostname="FI-SWF-MAC-0005" time="0.197">
  <properties/>
  <testcase name="testGetCookieManagerLastUse()" classname="org.apache.jmeter.protocol.http.util.accesslog.TestSessionFilter" time="0.187"/>
  <testcase name="testGetCookieManager()" classname="org.apache.jmeter.protocol.http.util.accesslog.TestSessionFilter" time="0.001"/>
  <testcase name="testIsFiltered()" classname="org.apache.jmeter.protocol.http.util.accesslog.TestSessionFilter" time="0.009"/>
  <system-out><![CDATA[]]></system-out>
  <system-err><![CDATA[]]></system-err>
</testsuite>
