<?xml version="1.0" encoding="UTF-8"?>
<testsuite name="org.apache.jmeter.curl.BasicCurlParserTest" tests="64" skipped="0" failures="0" errors="0" timestamp="2021-02-28T11:36:54" hostname="FI-SWF-MAC-0005" time="0.356">
  <properties/>
  <testcase name="testChromeParsingNotCompressed()" classname="org.apache.jmeter.curl.BasicCurlParserTest" time="0.058"/>
  <testcase name="testDataUrlEncodeWith2AtSymbol()" classname="org.apache.jmeter.curl.BasicCurlParserTest" time="0.008"/>
  <testcase name="testLimitRate()" classname="org.apache.jmeter.curl.BasicCurlParserTest" time="0.001"/>
  <testcase name="testAuthMechanismIsBasic()" classname="org.apache.jmeter.curl.BasicCurlParserTest" time="0.001"/>
  <testcase name="testCookieInHeader()" classname="org.apache.jmeter.curl.BasicCurlParserTest" time="0.001"/>
  <testcase name="testIsValidCookie()" classname="org.apache.jmeter.curl.BasicCurlParserTest" time="0.0"/>
  <testcase name="testCertStatus()" classname="org.apache.jmeter.curl.BasicCurlParserTest" time="0.001"/>
  <testcase name="testConnectMax()" classname="org.apache.jmeter.curl.BasicCurlParserTest" time="0.003"/>
  <testcase name="testDataBinaryReadFromFile()" classname="org.apache.jmeter.curl.BasicCurlParserTest" time="0.002"/>
  <testcase name="testGet()" classname="org.apache.jmeter.curl.BasicCurlParserTest" time="0.001"/>
  <testcase name="testFormWithQuotedValueWithQuotes()" classname="org.apache.jmeter.curl.BasicCurlParserTest" time="0.002"/>
  <testcase name="testFormWithEmptyHeader()" classname="org.apache.jmeter.curl.BasicCurlParserTest" time="0.002"/>
  <testcase name="testSetRequestMethodOnData()" classname="org.apache.jmeter.curl.BasicCurlParserTest" time="0.001"/>
  <testcase name="testError()" classname="org.apache.jmeter.curl.BasicCurlParserTest" time="0.002"/>
  <testcase name="testProxy()" classname="org.apache.jmeter.curl.BasicCurlParserTest" time="0.002"/>
  <testcase name="testFormWithQuotedNotFilename()" classname="org.apache.jmeter.curl.BasicCurlParserTest" time="0.011"/>
  <testcase name="testCert()" classname="org.apache.jmeter.curl.BasicCurlParserTest" time="0.002"/>
  <testcase name="testData()" classname="org.apache.jmeter.curl.BasicCurlParserTest" time="0.002"/>
  <testcase name="testForm()" classname="org.apache.jmeter.curl.BasicCurlParserTest" time="0.002"/>
  <testcase name="testHead()" classname="org.apache.jmeter.curl.BasicCurlParserTest" time="0.001"/>
  <testcase name="testPost()" classname="org.apache.jmeter.curl.BasicCurlParserTest" time="0.074"/>
  <testcase name="testDataReadFromNonexistentFile()" classname="org.apache.jmeter.curl.BasicCurlParserTest" time="0.018"/>
  <testcase name="testProxyUriIncorrectFormat()" classname="org.apache.jmeter.curl.BasicCurlParserTest" time="0.004"/>
  <testcase name="testFormWithQuotedValue()" classname="org.apache.jmeter.curl.BasicCurlParserTest" time="0.002"/>
  <testcase name="testFormWithQuotedFilename()" classname="org.apache.jmeter.curl.BasicCurlParserTest" time="0.002"/>
  <testcase name="testFormString()" classname="org.apache.jmeter.curl.BasicCurlParserTest" time="0.001"/>
  <testcase name="testFFParsing()" classname="org.apache.jmeter.curl.BasicCurlParserTest" time="0.001"/>
  <testcase name="testStringtoCookie()" classname="org.apache.jmeter.curl.BasicCurlParserTest" time="0.002"/>
  <testcase name="testNotKeepAlive()" classname="org.apache.jmeter.curl.BasicCurlParserTest" time="0.001"/>
  <testcase name="testNoSupport()" classname="org.apache.jmeter.curl.BasicCurlParserTest" time="0.001"/>
  <testcase name="testBackslashAtLineEnding()" classname="org.apache.jmeter.curl.BasicCurlParserTest" time="0.001"/>
  <testcase name="testDataUrlEncodeMoreThanOneParameters()" classname="org.apache.jmeter.curl.BasicCurlParserTest" time="0.001"/>
  <testcase name="testDataUrlEncodeOneParameterWithName()" classname="org.apache.jmeter.curl.BasicCurlParserTest" time="0.001"/>
  <testcase name="testMethodPut()" classname="org.apache.jmeter.curl.BasicCurlParserTest" time="0.001"/>
  <testcase name="testCertType()" classname="org.apache.jmeter.curl.BasicCurlParserTest" time="0.001"/>
  <testcase name="testDefaultAuthMechanism()" classname="org.apache.jmeter.curl.BasicCurlParserTest" time="0.001"/>
  <testcase name="testConfigureInProperties()" classname="org.apache.jmeter.curl.BasicCurlParserTest" time="0.001"/>
  <testcase name="testProxyUser()" classname="org.apache.jmeter.curl.BasicCurlParserTest" time="0.001"/>
  <testcase name="testDnsServer()" classname="org.apache.jmeter.curl.BasicCurlParserTest" time="0.044"/>
  <testcase name="testDataReadFromFile()" classname="org.apache.jmeter.curl.BasicCurlParserTest" time="0.005"/>
  <testcase name="testDataUrlEncodeFromFile()" classname="org.apache.jmeter.curl.BasicCurlParserTest" time="0.029"/>
  <testcase name="testResolver()" classname="org.apache.jmeter.curl.BasicCurlParserTest" time="0.002"/>
  <testcase name="testCiphers()" classname="org.apache.jmeter.curl.BasicCurlParserTest" time="0.001"/>
  <testcase name="testMaxTime()" classname="org.apache.jmeter.curl.BasicCurlParserTest" time="0.002"/>
  <testcase name="testProxyDefaultPort()" classname="org.apache.jmeter.curl.BasicCurlParserTest" time="0.005"/>
  <testcase name="testAuthorization()" classname="org.apache.jmeter.curl.BasicCurlParserTest" time="0.001"/>
  <testcase name="testReferer()" classname="org.apache.jmeter.curl.BasicCurlParserTest" time="0.002"/>
  <testcase name="testUserAgent()" classname="org.apache.jmeter.curl.BasicCurlParserTest" time="0.001"/>
  <testcase name="testInterface()" classname="org.apache.jmeter.curl.BasicCurlParserTest" time="0.002"/>
  <testcase name="testCacert()" classname="org.apache.jmeter.curl.BasicCurlParserTest" time="0.001"/>
  <testcase name="testCapath()" classname="org.apache.jmeter.curl.BasicCurlParserTest" time="0.001"/>
  <testcase name="testCookie()" classname="org.apache.jmeter.curl.BasicCurlParserTest" time="0.002"/>
  <testcase name="testChromeParsing()" classname="org.apache.jmeter.curl.BasicCurlParserTest" time="0.002"/>
  <testcase name="testIgnoreOptions()" classname="org.apache.jmeter.curl.BasicCurlParserTest" time="0.001"/>
  <testcase name="testFormWithEmptyValue()" classname="org.apache.jmeter.curl.BasicCurlParserTest" time="0.001"/>
  <testcase name="testDuplicatedKeyInData()" classname="org.apache.jmeter.curl.BasicCurlParserTest" time="0.001"/>
  <testcase name="testNoproxy()" classname="org.apache.jmeter.curl.BasicCurlParserTest" time="0.001"/>
  <testcase name="testAuthorizationMechanismIsDigest()" classname="org.apache.jmeter.curl.BasicCurlParserTest" time="0.001"/>
  <testcase name="testDataUrlEncodeOneParameterWithoutName()" classname="org.apache.jmeter.curl.BasicCurlParserTest" time="0.001"/>
  <testcase name="testNullCommand()" classname="org.apache.jmeter.curl.BasicCurlParserTest" time="0.001"/>
  <testcase name="testChromeParsingNoHeaders()" classname="org.apache.jmeter.curl.BasicCurlParserTest" time="0.001"/>
  <testcase name="testCookieFromFile()" classname="org.apache.jmeter.curl.BasicCurlParserTest" time="0.001"/>
  <testcase name="testDoubleQuote()" classname="org.apache.jmeter.curl.BasicCurlParserTest" time="0.001"/>
  <testcase name="testUnbalancedQuotes()" classname="org.apache.jmeter.curl.BasicCurlParserTest" time="0.001"/>
  <system-out><![CDATA[]]></system-out>
  <system-err><![CDATA[]]></system-err>
</testsuite>
