<?xml version="1.0" encoding="UTF-8"?>
<testsuite name="org.apache.jmeter.protocol.http.parser.TestHtmlParsingUtils" tests="6" skipped="0" failures="0" errors="0" timestamp="2021-02-28T11:36:42" hostname="FI-SWF-MAC-0005" time="0.007">
  <properties/>
  <testcase name="testisEqualOrMatches()" classname="org.apache.jmeter.protocol.http.parser.TestHtmlParsingUtils" time="0.001"/>
  <testcase name="testisEqualOrMatchesCaseBlind()" classname="org.apache.jmeter.protocol.http.parser.TestHtmlParsingUtils" time="0.0"/>
  <testcase name="testIsArgumentMatched()" classname="org.apache.jmeter.protocol.http.parser.TestHtmlParsingUtils" time="0.0"/>
  <testcase name="testIsAnchorMatched()" classname="org.apache.jmeter.protocol.http.parser.TestHtmlParsingUtils" time="0.001"/>
  <testcase name="testGetParser()" classname="org.apache.jmeter.protocol.http.parser.TestHtmlParsingUtils" time="0.001"/>
  <testcase name="testGetDom()" classname="org.apache.jmeter.protocol.http.parser.TestHtmlParsingUtils" time="0.001"/>
  <system-out><![CDATA[]]></system-out>
  <system-err><![CDATA[]]></system-err>
</testsuite>
