<?xml version="1.0" encoding="UTF-8"?>
<testsuite name="org.apache.jmeter.protocol.http.parser.TestBug60842HtmlParser" tests="50" skipped="0" failures="0" errors="0" timestamp="2021-02-28T11:36:58" hostname="FI-SWF-MAC-0005" time="0.253">
  <properties/>
  <testcase name="testGetEmbeddedResourceURLsStringByteArrayURLURLCollectionString[0]" classname="org.apache.jmeter.protocol.http.parser.TestBug60842HtmlParser" time="0.002"/>
  <testcase name="testGetEmbeddedResourceURLsStringByteArrayURLURLCollectionString[1]" classname="org.apache.jmeter.protocol.http.parser.TestBug60842HtmlParser" time="0.002"/>
  <testcase name="testGetEmbeddedResourceURLsStringByteArrayURLURLCollectionString[2]" classname="org.apache.jmeter.protocol.http.parser.TestBug60842HtmlParser" time="0.001"/>
  <testcase name="testGetEmbeddedResourceURLsStringByteArrayURLURLCollectionString[3]" classname="org.apache.jmeter.protocol.http.parser.TestBug60842HtmlParser" time="0.0"/>
  <testcase name="testGetEmbeddedResourceURLsStringByteArrayURLURLCollectionString[4]" classname="org.apache.jmeter.protocol.http.parser.TestBug60842HtmlParser" time="0.0"/>
  <testcase name="testGetEmbeddedResourceURLsStringByteArrayURLURLCollectionString[5]" classname="org.apache.jmeter.protocol.http.parser.TestBug60842HtmlParser" time="0.0"/>
  <testcase name="testGetEmbeddedResourceURLsStringByteArrayURLURLCollectionString[6]" classname="org.apache.jmeter.protocol.http.parser.TestBug60842HtmlParser" time="0.001"/>
  <testcase name="testGetEmbeddedResourceURLsStringByteArrayURLURLCollectionString[7]" classname="org.apache.jmeter.protocol.http.parser.TestBug60842HtmlParser" time="0.001"/>
  <testcase name="testGetEmbeddedResourceURLsStringByteArrayURLURLCollectionString[8]" classname="org.apache.jmeter.protocol.http.parser.TestBug60842HtmlParser" time="0.001"/>
  <testcase name="testGetEmbeddedResourceURLsStringByteArrayURLURLCollectionString[9]" classname="org.apache.jmeter.protocol.http.parser.TestBug60842HtmlParser" time="0.0"/>
  <testcase name="testGetEmbeddedResourceURLsStringByteArrayURLURLCollectionString[10]" classname="org.apache.jmeter.protocol.http.parser.TestBug60842HtmlParser" time="0.001"/>
  <testcase name="testGetEmbeddedResourceURLsStringByteArrayURLURLCollectionString[11]" classname="org.apache.jmeter.protocol.http.parser.TestBug60842HtmlParser" time="0.001"/>
  <testcase name="testGetEmbeddedResourceURLsStringByteArrayURLURLCollectionString[12]" classname="org.apache.jmeter.protocol.http.parser.TestBug60842HtmlParser" time="0.0"/>
  <testcase name="testGetEmbeddedResourceURLsStringByteArrayURLURLCollectionString[13]" classname="org.apache.jmeter.protocol.http.parser.TestBug60842HtmlParser" time="0.0"/>
  <testcase name="testGetEmbeddedResourceURLsStringByteArrayURLURLCollectionString[14]" classname="org.apache.jmeter.protocol.http.parser.TestBug60842HtmlParser" time="0.0"/>
  <testcase name="testGetEmbeddedResourceURLsStringByteArrayURLURLCollectionString[15]" classname="org.apache.jmeter.protocol.http.parser.TestBug60842HtmlParser" time="0.001"/>
  <testcase name="testGetEmbeddedResourceURLsStringByteArrayURLURLCollectionString[16]" classname="org.apache.jmeter.protocol.http.parser.TestBug60842HtmlParser" time="0.0"/>
  <testcase name="testGetEmbeddedResourceURLsStringByteArrayURLURLCollectionString[17]" classname="org.apache.jmeter.protocol.http.parser.TestBug60842HtmlParser" time="0.001"/>
  <testcase name="testGetEmbeddedResourceURLsStringByteArrayURLURLCollectionString[18]" classname="org.apache.jmeter.protocol.http.parser.TestBug60842HtmlParser" time="0.0"/>
  <testcase name="testGetEmbeddedResourceURLsStringByteArrayURLURLCollectionString[19]" classname="org.apache.jmeter.protocol.http.parser.TestBug60842HtmlParser" time="0.001"/>
  <testcase name="testGetEmbeddedResourceURLsStringByteArrayURLURLCollectionString[20]" classname="org.apache.jmeter.protocol.http.parser.TestBug60842HtmlParser" time="0.0"/>
  <testcase name="testGetEmbeddedResourceURLsStringByteArrayURLURLCollectionString[21]" classname="org.apache.jmeter.protocol.http.parser.TestBug60842HtmlParser" time="0.001"/>
  <testcase name="testGetEmbeddedResourceURLsStringByteArrayURLURLCollectionString[22]" classname="org.apache.jmeter.protocol.http.parser.TestBug60842HtmlParser" time="0.0"/>
  <testcase name="testGetEmbeddedResourceURLsStringByteArrayURLURLCollectionString[23]" classname="org.apache.jmeter.protocol.http.parser.TestBug60842HtmlParser" time="0.0"/>
  <testcase name="testGetEmbeddedResourceURLsStringByteArrayURLURLCollectionString[24]" classname="org.apache.jmeter.protocol.http.parser.TestBug60842HtmlParser" time="0.001"/>
  <testcase name="testGetEmbeddedResourceURLsStringByteArrayURLURLCollectionString[25]" classname="org.apache.jmeter.protocol.http.parser.TestBug60842HtmlParser" time="0.121"/>
  <testcase name="testGetEmbeddedResourceURLsStringByteArrayURLURLCollectionString[26]" classname="org.apache.jmeter.protocol.http.parser.TestBug60842HtmlParser" time="0.001"/>
  <testcase name="testGetEmbeddedResourceURLsStringByteArrayURLURLCollectionString[27]" classname="org.apache.jmeter.protocol.http.parser.TestBug60842HtmlParser" time="0.001"/>
  <testcase name="testGetEmbeddedResourceURLsStringByteArrayURLURLCollectionString[28]" classname="org.apache.jmeter.protocol.http.parser.TestBug60842HtmlParser" time="0.001"/>
  <testcase name="testGetEmbeddedResourceURLsStringByteArrayURLURLCollectionString[29]" classname="org.apache.jmeter.protocol.http.parser.TestBug60842HtmlParser" time="0.001"/>
  <testcase name="testGetEmbeddedResourceURLsStringByteArrayURLURLCollectionString[30]" classname="org.apache.jmeter.protocol.http.parser.TestBug60842HtmlParser" time="0.0"/>
  <testcase name="testGetEmbeddedResourceURLsStringByteArrayURLURLCollectionString[31]" classname="org.apache.jmeter.protocol.http.parser.TestBug60842HtmlParser" time="0.0"/>
  <testcase name="testGetEmbeddedResourceURLsStringByteArrayURLURLCollectionString[32]" classname="org.apache.jmeter.protocol.http.parser.TestBug60842HtmlParser" time="0.004"/>
  <testcase name="testGetEmbeddedResourceURLsStringByteArrayURLURLCollectionString[33]" classname="org.apache.jmeter.protocol.http.parser.TestBug60842HtmlParser" time="0.001"/>
  <testcase name="testGetEmbeddedResourceURLsStringByteArrayURLURLCollectionString[34]" classname="org.apache.jmeter.protocol.http.parser.TestBug60842HtmlParser" time="0.014"/>
  <testcase name="testGetEmbeddedResourceURLsStringByteArrayURLURLCollectionString[35]" classname="org.apache.jmeter.protocol.http.parser.TestBug60842HtmlParser" time="0.001"/>
  <testcase name="testGetEmbeddedResourceURLsStringByteArrayURLURLCollectionString[36]" classname="org.apache.jmeter.protocol.http.parser.TestBug60842HtmlParser" time="0.001"/>
  <testcase name="testGetEmbeddedResourceURLsStringByteArrayURLURLCollectionString[37]" classname="org.apache.jmeter.protocol.http.parser.TestBug60842HtmlParser" time="0.0"/>
  <testcase name="testGetEmbeddedResourceURLsStringByteArrayURLURLCollectionString[38]" classname="org.apache.jmeter.protocol.http.parser.TestBug60842HtmlParser" time="0.051"/>
  <testcase name="testGetEmbeddedResourceURLsStringByteArrayURLURLCollectionString[39]" classname="org.apache.jmeter.protocol.http.parser.TestBug60842HtmlParser" time="0.001"/>
  <testcase name="testGetEmbeddedResourceURLsStringByteArrayURLURLCollectionString[40]" classname="org.apache.jmeter.protocol.http.parser.TestBug60842HtmlParser" time="0.0"/>
  <testcase name="testGetEmbeddedResourceURLsStringByteArrayURLURLCollectionString[41]" classname="org.apache.jmeter.protocol.http.parser.TestBug60842HtmlParser" time="0.001"/>
  <testcase name="testGetEmbeddedResourceURLsStringByteArrayURLURLCollectionString[42]" classname="org.apache.jmeter.protocol.http.parser.TestBug60842HtmlParser" time="0.001"/>
  <testcase name="testGetEmbeddedResourceURLsStringByteArrayURLURLCollectionString[43]" classname="org.apache.jmeter.protocol.http.parser.TestBug60842HtmlParser" time="0.001"/>
  <testcase name="testGetEmbeddedResourceURLsStringByteArrayURLURLCollectionString[44]" classname="org.apache.jmeter.protocol.http.parser.TestBug60842HtmlParser" time="0.0"/>
  <testcase name="testGetEmbeddedResourceURLsStringByteArrayURLURLCollectionString[45]" classname="org.apache.jmeter.protocol.http.parser.TestBug60842HtmlParser" time="0.001"/>
  <testcase name="testGetEmbeddedResourceURLsStringByteArrayURLURLCollectionString[46]" classname="org.apache.jmeter.protocol.http.parser.TestBug60842HtmlParser" time="0.0"/>
  <testcase name="testGetEmbeddedResourceURLsStringByteArrayURLURLCollectionString[47]" classname="org.apache.jmeter.protocol.http.parser.TestBug60842HtmlParser" time="0.0"/>
  <testcase name="testGetEmbeddedResourceURLsStringByteArrayURLURLCollectionString[48]" classname="org.apache.jmeter.protocol.http.parser.TestBug60842HtmlParser" time="0.0"/>
  <testcase name="testGetEmbeddedResourceURLsStringByteArrayURLURLCollectionString[49]" classname="org.apache.jmeter.protocol.http.parser.TestBug60842HtmlParser" time="0.001"/>
  <system-out><![CDATA[]]></system-out>
  <system-err><![CDATA[]]></system-err>
</testsuite>
