<?xml version="1.0" encoding="UTF-8"?>
<testsuite name="org.apache.jmeter.protocol.http.sampler.TestHttpWebdav" tests="2" skipped="0" failures="0" errors="0" timestamp="2021-02-28T11:36:47" hostname="FI-SWF-MAC-0005" time="0.002">
  <properties/>
  <testcase name="testIsWebdavMethod()" classname="org.apache.jmeter.protocol.http.sampler.TestHttpWebdav" time="0.001"/>
  <testcase name="testGetMethod()" classname="org.apache.jmeter.protocol.http.sampler.TestHttpWebdav" time="0.001"/>
  <system-out><![CDATA[]]></system-out>
  <system-err><![CDATA[]]></system-err>
</testsuite>
