<?xml version="1.0" encoding="UTF-8"?>
<testsuite name="org.apache.jmeter.protocol.http.control.TestAuthorization" tests="1" skipped="0" failures="0" errors="0" timestamp="2021-02-28T11:36:53" hostname="FI-SWF-MAC-0005" time="0.001">
  <properties/>
  <testcase name="testToBasicHeader()" classname="org.apache.jmeter.protocol.http.control.TestAuthorization" time="0.001"/>
  <system-out><![CDATA[]]></system-out>
  <system-err><![CDATA[]]></system-err>
</testsuite>
