<?xml version="1.0" encoding="UTF-8"?>
<testsuite name="org.apache.jmeter.protocol.http.visualizers.RequestViewHTTPTest" tests="14" skipped="0" failures="0" errors="0" timestamp="2021-02-28T11:36:42" hostname="FI-SWF-MAC-0005" time="16.049">
  <properties/>
  <testcase name="testGetQueryMapBug52491()" classname="org.apache.jmeter.protocol.http.visualizers.RequestViewHTTPTest" time="0.003"/>
  <testcase name="testGetQueryMapBug54055()" classname="org.apache.jmeter.protocol.http.visualizers.RequestViewHTTPTest" time="0.0"/>
  <testcase name="testGetQueryMapAmpInValue()" classname="org.apache.jmeter.protocol.http.visualizers.RequestViewHTTPTest" time="0.001"/>
  <testcase name="testGetQueryMapWithEmptyValue()" classname="org.apache.jmeter.protocol.http.visualizers.RequestViewHTTPTest" time="0.001"/>
  <testcase name="testGetQueryMapMultipleValues()" classname="org.apache.jmeter.protocol.http.visualizers.RequestViewHTTPTest" time="0.0"/>
  <testcase name="testGetQueryMapSoapHack()" classname="org.apache.jmeter.protocol.http.visualizers.RequestViewHTTPTest" time="0.0"/>
  <testcase name="testGetQueryMapValueContainingAmpersand()" classname="org.apache.jmeter.protocol.http.visualizers.RequestViewHTTPTest" time="0.0"/>
  <testcase name="testGetQueryMapBug52491" classname="org.apache.jmeter.protocol.http.visualizers.RequestViewHTTPTest" time="0.001"/>
  <testcase name="testGetQueryMapBug54055" classname="org.apache.jmeter.protocol.http.visualizers.RequestViewHTTPTest" time="0.001"/>
  <testcase name="testGetQueryMapAmpInValue" classname="org.apache.jmeter.protocol.http.visualizers.RequestViewHTTPTest" time="0.0"/>
  <testcase name="testGetQueryMapWithEmptyValue" classname="org.apache.jmeter.protocol.http.visualizers.RequestViewHTTPTest" time="0.0"/>
  <testcase name="testGetQueryMapMultipleValues" classname="org.apache.jmeter.protocol.http.visualizers.RequestViewHTTPTest" time="0.0"/>
  <testcase name="testGetQueryMapSoapHack" classname="org.apache.jmeter.protocol.http.visualizers.RequestViewHTTPTest" time="0.0"/>
  <testcase name="testGetQueryMapValueContainingAmpersand" classname="org.apache.jmeter.protocol.http.visualizers.RequestViewHTTPTest" time="0.0"/>
  <system-out><![CDATA[]]></system-out>
  <system-err><![CDATA[]]></system-err>
</testsuite>
