<?xml version="1.0" encoding="UTF-8"?>
<testsuite name="org.apache.jmeter.protocol.http.control.TestCookieManagerThreadIteration" tests="4" skipped="0" failures="0" errors="0" timestamp="2021-02-28T11:36:53" hostname="FI-SWF-MAC-0005" time="0.066">
  <properties/>
  <testcase name="testCookieManagerWhenThreadIterationIsNewUser()" classname="org.apache.jmeter.protocol.http.control.TestCookieManagerThreadIteration" time="0.001"/>
  <testcase name="testCookieManagerWhenThreadIterationIsSameUser()" classname="org.apache.jmeter.protocol.http.control.TestCookieManagerThreadIteration" time="0.001"/>
  <testcase name="testJmeterVariableCookieWhenThreadIterationIsSameUser()" classname="org.apache.jmeter.protocol.http.control.TestCookieManagerThreadIteration" time="0.027"/>
  <testcase name="testJmeterVariableCookieWhenThreadIterationIsANewUser()" classname="org.apache.jmeter.protocol.http.control.TestCookieManagerThreadIteration" time="0.037"/>
  <system-out><![CDATA[]]></system-out>
  <system-err><![CDATA[]]></system-err>
</testsuite>
