<?xml version="1.0" encoding="UTF-8"?>
<testsuite name="org.apache.jmeter.protocol.http.modifier.TestAnchorModifier" tests="18" skipped="0" failures="0" errors="0" timestamp="2021-02-28T11:36:40" hostname="FI-SWF-MAC-0005" time="1.835">
  <properties/>
  <testcase name="testSimpleParse()" classname="org.apache.jmeter.protocol.http.modifier.TestAnchorModifier" time="0.417"/>
  <testcase name="testFailSimpleParse1()" classname="org.apache.jmeter.protocol.http.modifier.TestAnchorModifier" time="0.016"/>
  <testcase name="testFailSimpleParse2()" classname="org.apache.jmeter.protocol.http.modifier.TestAnchorModifier" time="0.001"/>
  <testcase name="testFailSimpleParse3()" classname="org.apache.jmeter.protocol.http.modifier.TestAnchorModifier" time="0.001"/>
  <testcase name="testModifySamplerWithBaseHRef()" classname="org.apache.jmeter.protocol.http.modifier.TestAnchorModifier" time="1.207"/>
  <testcase name="testNullSampler()" classname="org.apache.jmeter.protocol.http.modifier.TestAnchorModifier" time="0.001"/>
  <testcase name="testModifySampler()" classname="org.apache.jmeter.protocol.http.modifier.TestAnchorModifier" time="0.056"/>
  <testcase name="testBadCharParse()" classname="org.apache.jmeter.protocol.http.modifier.TestAnchorModifier" time="0.001"/>
  <testcase name="testSimpleParse1()" classname="org.apache.jmeter.protocol.http.modifier.TestAnchorModifier" time="0.034"/>
  <testcase name="testSimpleParse2()" classname="org.apache.jmeter.protocol.http.modifier.TestAnchorModifier" time="0.001"/>
  <testcase name="testSimpleParse3()" classname="org.apache.jmeter.protocol.http.modifier.TestAnchorModifier" time="0.001"/>
  <testcase name="testSimpleParse4()" classname="org.apache.jmeter.protocol.http.modifier.TestAnchorModifier" time="0.001"/>
  <testcase name="testSimpleParse5()" classname="org.apache.jmeter.protocol.http.modifier.TestAnchorModifier" time="0.007"/>
  <testcase name="testSimpleFormParse()" classname="org.apache.jmeter.protocol.http.modifier.TestAnchorModifier" time="0.001"/>
  <testcase name="testModifySamplerWithRelativeLink()" classname="org.apache.jmeter.protocol.http.modifier.TestAnchorModifier" time="0.06"/>
  <testcase name="testSpecialCharParse()" classname="org.apache.jmeter.protocol.http.modifier.TestAnchorModifier" time="0.009"/>
  <testcase name="testNullResult()" classname="org.apache.jmeter.protocol.http.modifier.TestAnchorModifier" time="0.001"/>
  <testcase name="testWrongResultClass()" classname="org.apache.jmeter.protocol.http.modifier.TestAnchorModifier" time="0.001"/>
  <system-out><![CDATA[]]></system-out>
  <system-err><![CDATA[]]></system-err>
</testsuite>
