<?xml version="1.0" encoding="UTF-8"?>
<testsuite name="org.apache.jmeter.protocol.http.util.TestHTTPFileArgs" tests="5" skipped="0" failures="0" errors="0" timestamp="2021-02-28T11:36:38" hostname="FI-SWF-MAC-0005" time="1.384">
  <properties/>
  <testcase name="testToString()" classname="org.apache.jmeter.protocol.http.util.TestHTTPFileArgs" time="1.372"/>
  <testcase name="testConstructors()" classname="org.apache.jmeter.protocol.http.util.TestHTTPFileArgs" time="0.001"/>
  <testcase name="testSetHTTPFileArgs()" classname="org.apache.jmeter.protocol.http.util.TestHTTPFileArgs" time="0.001"/>
  <testcase name="testRemoving()" classname="org.apache.jmeter.protocol.http.util.TestHTTPFileArgs" time="0.007"/>
  <testcase name="testAdding()" classname="org.apache.jmeter.protocol.http.util.TestHTTPFileArgs" time="0.001"/>
  <system-out><![CDATA[]]></system-out>
  <system-err><![CDATA[]]></system-err>
</testsuite>
