<?xml version="1.0" encoding="UTF-8"?>
<testsuite name="org.apache.jmeter.protocol.http.control.TestCacheManagerUrlConnection" tests="25" skipped="0" failures="0" errors="0" timestamp="2021-02-28T11:36:41" hostname="FI-SWF-MAC-0005" time="14.323">
  <properties/>
  <testcase name="testPrivateCache()" classname="org.apache.jmeter.protocol.http.control.TestCacheManagerUrlConnection" time="1.365"/>
  <testcase name="testNoStore()" classname="org.apache.jmeter.protocol.http.control.TestCacheManagerUrlConnection" time="0.001"/>
  <testcase name="testNoCache()" classname="org.apache.jmeter.protocol.http.control.TestCacheManagerUrlConnection" time="0.001"/>
  <testcase name="testCacheMultipleMultiVaryHeaders()" classname="org.apache.jmeter.protocol.http.control.TestCacheManagerUrlConnection" time="0.002"/>
  <testcase name="testSaveDetailsHttpMethodWithSampleResultWithResponseCode200GivesCacheEntry()" classname="org.apache.jmeter.protocol.http.control.TestCacheManagerUrlConnection" time="0.001"/>
  <testcase name="testCacheHttpClientBug51932()" classname="org.apache.jmeter.protocol.http.control.TestCacheManagerUrlConnection" time="1.658"/>
  <testcase name="testSaveDetailsWithEmptySampleResultGivesNoCacheEntry()" classname="org.apache.jmeter.protocol.http.control.TestCacheManagerUrlConnection" time="0.001"/>
  <testcase name="testCacheMultipleVaryHeaders()" classname="org.apache.jmeter.protocol.http.control.TestCacheManagerUrlConnection" time="0.001"/>
  <testcase name="testExpires()" classname="org.apache.jmeter.protocol.http.control.TestCacheManagerUrlConnection" time="2.986"/>
  <testcase name="testClearCache()" classname="org.apache.jmeter.protocol.http.control.TestCacheManagerUrlConnection" time="0.001"/>
  <testcase name="testPrivateCacheNoMaxAgeNoExpire()" classname="org.apache.jmeter.protocol.http.control.TestCacheManagerUrlConnection" time="5.027"/>
  <testcase name="testCacheVarySomething()" classname="org.apache.jmeter.protocol.http.control.TestCacheManagerUrlConnection" time="0.001"/>
  <testcase name="testNoCachingHeadersBug64915()" classname="org.apache.jmeter.protocol.http.control.TestCacheManagerUrlConnection" time="0.001"/>
  <testcase name="testCacheVaryAcceptEncoding()" classname="org.apache.jmeter.protocol.http.control.TestCacheManagerUrlConnection" time="0.001"/>
  <testcase name="testSaveDetailsHttpMethodWithSampleResultWithResponseCode404GivesNoCacheEntry()" classname="org.apache.jmeter.protocol.http.control.TestCacheManagerUrlConnection" time="0.001"/>
  <testcase name="testSetHeadersHttpMethodWithSampleResultWithResponseCode200GivesCacheEntry()" classname="org.apache.jmeter.protocol.http.control.TestCacheManagerUrlConnection" time="0.002"/>
  <testcase name="testCacheHEAD()" classname="org.apache.jmeter.protocol.http.control.TestCacheManagerUrlConnection" time="0.0"/>
  <testcase name="testCacheMultiValueVaryHeaders()" classname="org.apache.jmeter.protocol.http.control.TestCacheManagerUrlConnection" time="0.001"/>
  <testcase name="testNoExpires()" classname="org.apache.jmeter.protocol.http.control.TestCacheManagerUrlConnection" time="0.001"/>
  <testcase name="testExpiresBug59962()" classname="org.apache.jmeter.protocol.http.control.TestCacheManagerUrlConnection" time="2.988"/>
  <testcase name="testGetClearEachIteration()" classname="org.apache.jmeter.protocol.http.control.TestCacheManagerUrlConnection" time="0.001"/>
  <testcase name="testSetHeadersHttpMethodWithSampleResultWithResponseCode404GivesNoCacheEntry()" classname="org.apache.jmeter.protocol.http.control.TestCacheManagerUrlConnection" time="0.001"/>
  <testcase name="testPrivateCacheExpireNoMaxAge()" classname="org.apache.jmeter.protocol.http.control.TestCacheManagerUrlConnection" time="2.98"/>
  <testcase name="testCacheControl()" classname="org.apache.jmeter.protocol.http.control.TestCacheManagerUrlConnection" time="2.051"/>
  <testcase name="testNoCacheControlNoMaxAgeNoExpire()" classname="org.apache.jmeter.protocol.http.control.TestCacheManagerUrlConnection" time="4.933"/>
  <system-out><![CDATA[]]></system-out>
  <system-err><![CDATA[]]></system-err>
</testsuite>
