<?xml version="1.0" encoding="UTF-8"?>
<testsuite name="org.apache.jmeter.protocol.http.util.TestGraphQLRequestParamUtils" tests="20" skipped="0" failures="0" errors="0" timestamp="2021-02-28T11:36:39" hostname="FI-SWF-MAC-0005" time="0.375">
  <properties/>
  <testcase name="testVariablesToGetParamValue()" classname="org.apache.jmeter.protocol.http.util.TestGraphQLRequestParamUtils" time="0.053"/>
  <testcase name="[1] {&quot;query&quot;:&quot;select * from emp&quot;}" classname="org.apache.jmeter.protocol.http.util.TestGraphQLRequestParamUtils" time="0.066"/>
  <testcase name="[2] {&quot;operationName&quot;:{&quot;id&quot;:123},&quot;query&quot;:&quot;query { droid { id }}&quot;}" classname="org.apache.jmeter.protocol.http.util.TestGraphQLRequestParamUtils" time="0.002"/>
  <testcase name="[3] {&quot;variables&quot;:&quot;r2d2&quot;,&quot;query&quot;:&quot;query { droid { id }}&quot;}" classname="org.apache.jmeter.protocol.http.util.TestGraphQLRequestParamUtils" time="0.001"/>
  <testcase name="testQueryToGetParamValue()" classname="org.apache.jmeter.protocol.http.util.TestGraphQLRequestParamUtils" time="0.001"/>
  <testcase name="testInvalidQueryParamVariables()" classname="org.apache.jmeter.protocol.http.util.TestGraphQLRequestParamUtils" time="0.001"/>
  <testcase name="testInvalidQueryParam()" classname="org.apache.jmeter.protocol.http.util.TestGraphQLRequestParamUtils" time="0.001"/>
  <testcase name="testToGraphQLRequestParamsWithHttpArguments()" classname="org.apache.jmeter.protocol.http.util.TestGraphQLRequestParamUtils" time="0.001"/>
  <testcase name="testToGraphQLRequestParamsWithPostData()" classname="org.apache.jmeter.protocol.http.util.TestGraphQLRequestParamUtils" time="0.003"/>
  <testcase name="testMissingParams()" classname="org.apache.jmeter.protocol.http.util.TestGraphQLRequestParamUtils" time="0.001"/>
  <testcase name="[1] application/json" classname="org.apache.jmeter.protocol.http.util.TestGraphQLRequestParamUtils" time="0.007"/>
  <testcase name="[2] application/json;charset=utf-8" classname="org.apache.jmeter.protocol.http.util.TestGraphQLRequestParamUtils" time="0.001"/>
  <testcase name="[3] application/json; charset=utf-8" classname="org.apache.jmeter.protocol.http.util.TestGraphQLRequestParamUtils" time="0.019"/>
  <testcase name="[1] application/vnd.api+json" classname="org.apache.jmeter.protocol.http.util.TestGraphQLRequestParamUtils" time="0.003"/>
  <testcase name="[2] application/json-patch+json" classname="org.apache.jmeter.protocol.http.util.TestGraphQLRequestParamUtils" time="0.002"/>
  <testcase name="[3] " classname="org.apache.jmeter.protocol.http.util.TestGraphQLRequestParamUtils" time="0.001"/>
  <testcase name="[4] null" classname="org.apache.jmeter.protocol.http.util.TestGraphQLRequestParamUtils" time="0.0"/>
  <testcase name="[1] " classname="org.apache.jmeter.protocol.http.util.TestGraphQLRequestParamUtils" time="0.005"/>
  <testcase name="[2] {}" classname="org.apache.jmeter.protocol.http.util.TestGraphQLRequestParamUtils" time="0.001"/>
  <testcase name="testToPostBodyString()" classname="org.apache.jmeter.protocol.http.util.TestGraphQLRequestParamUtils" time="0.0"/>
  <system-out><![CDATA[]]></system-out>
  <system-err><![CDATA[]]></system-err>
</testsuite>
