<?xml version="1.0" encoding="UTF-8"?>
<testsuite name="org.apache.jmeter.testelement.TestHeaderManager" tests="2" skipped="0" failures="0" errors="0" timestamp="2021-02-28T11:36:56" hostname="FI-SWF-MAC-0005" time="0.001">
  <properties/>
  <testcase name="testReplace()" classname="org.apache.jmeter.testelement.TestHeaderManager" time="0.001"/>
  <testcase name="testReplaceNoMatch()" classname="org.apache.jmeter.testelement.TestHeaderManager" time="0.0"/>
  <system-out><![CDATA[]]></system-out>
  <system-err><![CDATA[]]></system-err>
</testsuite>
