<?xml version="1.0" encoding="UTF-8"?>
<testsuite name="org.apache.jmeter.protocol.http.proxy.TestProxyControl" tests="7" skipped="0" failures="0" errors="0" timestamp="2021-02-28T11:36:37" hostname="FI-SWF-MAC-0005" time="1.082">
  <properties/>
  <testcase name="testContentTypeExclude()" classname="org.apache.jmeter.protocol.http.proxy.TestProxyControl" time="1.068"/>
  <testcase name="testFilter1()" classname="org.apache.jmeter.protocol.http.proxy.TestProxyControl" time="0.006"/>
  <testcase name="testFilter2()" classname="org.apache.jmeter.protocol.http.proxy.TestProxyControl" time="0.001"/>
  <testcase name="testFilter3()" classname="org.apache.jmeter.protocol.http.proxy.TestProxyControl" time="0.001"/>
  <testcase name="testContentTypeIncludeAndExclude()" classname="org.apache.jmeter.protocol.http.proxy.TestProxyControl" time="0.001"/>
  <testcase name="testContentTypeNoFilters()" classname="org.apache.jmeter.protocol.http.proxy.TestProxyControl" time="0.001"/>
  <testcase name="testContentTypeInclude()" classname="org.apache.jmeter.protocol.http.proxy.TestProxyControl" time="0.0"/>
  <system-out><![CDATA[]]></system-out>
  <system-err><![CDATA[]]></system-err>
</testsuite>
