<?xml version="1.0" encoding="UTF-8"?>
<testsuite name="org.apache.jmeter.protocol.http.util.HTTPUtilsSpec" tests="58" skipped="0" failures="0" errors="0" timestamp="2021-02-28T11:37:00" hostname="FI-SWF-MAC-0005" time="0.172">
  <properties/>
  <testcase name="getEncoding returns utf8 from charset=utf8" classname="org.apache.jmeter.protocol.http.util.HTTPUtilsSpec" time="0.049"/>
  <testcase name="getEncoding returns utf8 from charset=&quot;utf8&quot;" classname="org.apache.jmeter.protocol.http.util.HTTPUtilsSpec" time="0.0"/>
  <testcase name="getEncoding returns utf8 from text/plain ;charset=utf8" classname="org.apache.jmeter.protocol.http.util.HTTPUtilsSpec" time="0.002"/>
  <testcase name="getEncoding returns utf8 from text/html ;charset=utf8;charset=def" classname="org.apache.jmeter.protocol.http.util.HTTPUtilsSpec" time="0.001"/>
  <testcase name="getEncoding returns null from xyx" classname="org.apache.jmeter.protocol.http.util.HTTPUtilsSpec" time="0.0"/>
  <testcase name="getEncoding returns null from charset=" classname="org.apache.jmeter.protocol.http.util.HTTPUtilsSpec" time="0.001"/>
  <testcase name="getEncoding returns null from ;charset=;" classname="org.apache.jmeter.protocol.http.util.HTTPUtilsSpec" time="0.0"/>
  <testcase name="getEncoding returns null from ;charset=no-such-charset;" classname="org.apache.jmeter.protocol.http.util.HTTPUtilsSpec" time="0.011"/>
  <testcase name="makeRelativeURL works with a trailing file[0]" classname="org.apache.jmeter.protocol.http.util.HTTPUtilsSpec" time="0.006"/>
  <testcase name="makeRelativeURL works with a trailing file[1]" classname="org.apache.jmeter.protocol.http.util.HTTPUtilsSpec" time="0.0"/>
  <testcase name="makeRelativeURL works with a trailing file[2]" classname="org.apache.jmeter.protocol.http.util.HTTPUtilsSpec" time="0.0"/>
  <testcase name="makeRelativeURL works with a trailing file[3]" classname="org.apache.jmeter.protocol.http.util.HTTPUtilsSpec" time="0.0"/>
  <testcase name="makeRelativeURL works with a trailing file[4]" classname="org.apache.jmeter.protocol.http.util.HTTPUtilsSpec" time="0.001"/>
  <testcase name="makeRelativeURL works with a trailing file[5]" classname="org.apache.jmeter.protocol.http.util.HTTPUtilsSpec" time="0.0"/>
  <testcase name="makeRelativeURL works with a trailing file[6]" classname="org.apache.jmeter.protocol.http.util.HTTPUtilsSpec" time="0.0"/>
  <testcase name="makeRelativeURL works with a trailing directory[0]" classname="org.apache.jmeter.protocol.http.util.HTTPUtilsSpec" time="0.001"/>
  <testcase name="makeRelativeURL works with a trailing directory[1]" classname="org.apache.jmeter.protocol.http.util.HTTPUtilsSpec" time="0.001"/>
  <testcase name="makeRelativeURL works with a trailing directory[2]" classname="org.apache.jmeter.protocol.http.util.HTTPUtilsSpec" time="0.0"/>
  <testcase name="makeRelativeURL works with a trailing directory[3]" classname="org.apache.jmeter.protocol.http.util.HTTPUtilsSpec" time="0.001"/>
  <testcase name="makeRelativeURL works with a trailing directory[4]" classname="org.apache.jmeter.protocol.http.util.HTTPUtilsSpec" time="0.0"/>
  <testcase name="makeRelativeURL works with a trailing directory[5]" classname="org.apache.jmeter.protocol.http.util.HTTPUtilsSpec" time="0.001"/>
  <testcase name="makeRelativeURL works with a trailing directory[6]" classname="org.apache.jmeter.protocol.http.util.HTTPUtilsSpec" time="0.0"/>
  <testcase name="makeRelativeURL given invalid path 'http://host.invalid/e' returns 'http://host.invalid/e'" classname="org.apache.jmeter.protocol.http.util.HTTPUtilsSpec" time="0.004"/>
  <testcase name="makeRelativeURL given invalid path 'https://host.invalid/e' returns 'https://host.invalid/e'" classname="org.apache.jmeter.protocol.http.util.HTTPUtilsSpec" time="0.001"/>
  <testcase name="makeRelativeURL given invalid path 'http://host.invalid:8081/e' returns 'http://host.invalid:8081/e'" classname="org.apache.jmeter.protocol.http.util.HTTPUtilsSpec" time="0.001"/>
  <testcase name="makeRelativeURL given invalid path 'https://host.invalid:8081/e' returns 'https://host.invalid:8081/e'" classname="org.apache.jmeter.protocol.http.util.HTTPUtilsSpec" time="0.0"/>
  <testcase name="removeSlashDotDot given a url or path /path/ returns /path/" classname="org.apache.jmeter.protocol.http.util.HTTPUtilsSpec" time="0.0"/>
  <testcase name="removeSlashDotDot given a url or path http://host/ returns http://host/" classname="org.apache.jmeter.protocol.http.util.HTTPUtilsSpec" time="0.001"/>
  <testcase name="removeSlashDotDot given a url or path http://host/one returns http://host/one" classname="org.apache.jmeter.protocol.http.util.HTTPUtilsSpec" time="0.0"/>
  <testcase name="removeSlashDotDot given a url or path /one/../two returns /two" classname="org.apache.jmeter.protocol.http.util.HTTPUtilsSpec" time="0.0"/>
  <testcase name="removeSlashDotDot given a url or path http://host:8080/one/../two returns http://host:8080/two" classname="org.apache.jmeter.protocol.http.util.HTTPUtilsSpec" time="0.001"/>
  <testcase name="removeSlashDotDot given a url or path http://host:8080/one/../two/ returns http://host:8080/two/" classname="org.apache.jmeter.protocol.http.util.HTTPUtilsSpec" time="0.0"/>
  <testcase name="removeSlashDotDot given a url or path http://usr@host:8080/one/../two/ returns http://usr@host:8080/two/" classname="org.apache.jmeter.protocol.http.util.HTTPUtilsSpec" time="0.0"/>
  <testcase name="removeSlashDotDot given a url or path http://host:8080/one/../two/?query#anchor returns http://host:8080/two/?query#anchor" classname="org.apache.jmeter.protocol.http.util.HTTPUtilsSpec" time="0.0"/>
  <testcase name="removeSlashDotDot given a url or path one/two/.. returns one" classname="org.apache.jmeter.protocol.http.util.HTTPUtilsSpec" time="0.0"/>
  <testcase name="removeSlashDotDot given a url or path ../../path returns ../../path" classname="org.apache.jmeter.protocol.http.util.HTTPUtilsSpec" time="0.0"/>
  <testcase name="removeSlashDotDot given a url or path /one/.. returns /" classname="org.apache.jmeter.protocol.http.util.HTTPUtilsSpec" time="0.0"/>
  <testcase name="removeSlashDotDot given a url or path /one/../ returns /" classname="org.apache.jmeter.protocol.http.util.HTTPUtilsSpec" time="0.0"/>
  <testcase name="removeSlashDotDot given a url or path /one/..?a returns /?a" classname="org.apache.jmeter.protocol.http.util.HTTPUtilsSpec" time="0.0"/>
  <testcase name="removeSlashDotDot given a url or path http://host/one/../one returns http://host/one" classname="org.apache.jmeter.protocol.http.util.HTTPUtilsSpec" time="0.0"/>
  <testcase name="removeSlashDotDot given a url or path http://host/one/two/../../one/two returns http://host/one/two" classname="org.apache.jmeter.protocol.http.util.HTTPUtilsSpec" time="0.001"/>
  <testcase name="removeSlashDotDot given a url or path http://host/.. returns http://host/.." classname="org.apache.jmeter.protocol.http.util.HTTPUtilsSpec" time="0.002"/>
  <testcase name="removeSlashDotDot given a url or path http://host/../abc returns http://host/../abc" classname="org.apache.jmeter.protocol.http.util.HTTPUtilsSpec" time="0.0"/>
  <testcase name="testSanitizeUrl[0]" classname="org.apache.jmeter.protocol.http.util.HTTPUtilsSpec" time="0.004"/>
  <testcase name="testSanitizeUrl[1]" classname="org.apache.jmeter.protocol.http.util.HTTPUtilsSpec" time="0.001"/>
  <testcase name="testSanitizeUrl[2]" classname="org.apache.jmeter.protocol.http.util.HTTPUtilsSpec" time="0.0"/>
  <testcase name="testSanitizeUrl[3]" classname="org.apache.jmeter.protocol.http.util.HTTPUtilsSpec" time="0.0"/>
  <testcase name="testSanitizeUrl[4]" classname="org.apache.jmeter.protocol.http.util.HTTPUtilsSpec" time="0.001"/>
  <testcase name="testSanitizeUrl[5]" classname="org.apache.jmeter.protocol.http.util.HTTPUtilsSpec" time="0.0"/>
  <testcase name="testSanitizeUrl[6]" classname="org.apache.jmeter.protocol.http.util.HTTPUtilsSpec" time="0.0"/>
  <testcase name="testSanitizeUrl[7]" classname="org.apache.jmeter.protocol.http.util.HTTPUtilsSpec" time="0.001"/>
  <testcase name="testSanitizeUrl[8]" classname="org.apache.jmeter.protocol.http.util.HTTPUtilsSpec" time="0.001"/>
  <testcase name="testSanitizeUrl[9]" classname="org.apache.jmeter.protocol.http.util.HTTPUtilsSpec" time="0.0"/>
  <testcase name="testSanitizeUrl[10]" classname="org.apache.jmeter.protocol.http.util.HTTPUtilsSpec" time="0.0"/>
  <testcase name="testSanitizeUrl[11]" classname="org.apache.jmeter.protocol.http.util.HTTPUtilsSpec" time="0.001"/>
  <testcase name="testSanitizeUrl[12]" classname="org.apache.jmeter.protocol.http.util.HTTPUtilsSpec" time="0.0"/>
  <testcase name="testSanitizeUrl[13]" classname="org.apache.jmeter.protocol.http.util.HTTPUtilsSpec" time="0.001"/>
  <testcase name="testSanitizeUrl[14]" classname="org.apache.jmeter.protocol.http.util.HTTPUtilsSpec" time="0.0"/>
  <system-out><![CDATA[]]></system-out>
  <system-err><![CDATA[]]></system-err>
</testsuite>
