<?xml version="1.0" encoding="UTF-8"?>
<testsuite name="org.apache.jmeter.protocol.http.util.TestHTTPFileArg" tests="3" skipped="0" failures="0" errors="0" timestamp="2021-02-28T11:36:39" hostname="FI-SWF-MAC-0005" time="0.005">
  <properties/>
  <testcase name="testGettersSetters()" classname="org.apache.jmeter.protocol.http.util.TestHTTPFileArg" time="0.001"/>
  <testcase name="testToString()" classname="org.apache.jmeter.protocol.http.util.TestHTTPFileArg" time="0.001"/>
  <testcase name="testConstructors()" classname="org.apache.jmeter.protocol.http.util.TestHTTPFileArg" time="0.002"/>
  <system-out><![CDATA[]]></system-out>
  <system-err><![CDATA[]]></system-err>
</testsuite>
