<?xml version="1.0" encoding="UTF-8"?>
<testsuite name="org.apache.jmeter.protocol.http.sampler.TestHTTPSamplers" tests="18" skipped="0" failures="0" errors="0" timestamp="2021-02-28T11:36:47" hostname="FI-SWF-MAC-0005" time="0.026">
  <properties/>
  <testcase name="testParseArguments()" classname="org.apache.jmeter.protocol.http.sampler.TestHTTPSamplers" time="0.0"/>
  <testcase name="testSetAndGetFileField()" classname="org.apache.jmeter.protocol.http.sampler.TestHTTPSamplers" time="0.0"/>
  <testcase name="testSetAndGetMimetype()" classname="org.apache.jmeter.protocol.http.sampler.TestHTTPSamplers" time="0.001"/>
  <testcase name="testMakingUrl10()" classname="org.apache.jmeter.protocol.http.sampler.TestHTTPSamplers" time="0.0"/>
  <testcase name="testMakingUrl2()" classname="org.apache.jmeter.protocol.http.sampler.TestHTTPSamplers" time="0.003"/>
  <testcase name="testMakingUrl3()" classname="org.apache.jmeter.protocol.http.sampler.TestHTTPSamplers" time="0.001"/>
  <testcase name="testMakingUrl4()" classname="org.apache.jmeter.protocol.http.sampler.TestHTTPSamplers" time="0.0"/>
  <testcase name="testMakingUrl5()" classname="org.apache.jmeter.protocol.http.sampler.TestHTTPSamplers" time="0.0"/>
  <testcase name="testMakingUrl6()" classname="org.apache.jmeter.protocol.http.sampler.TestHTTPSamplers" time="0.001"/>
  <testcase name="testMakingUrl7()" classname="org.apache.jmeter.protocol.http.sampler.TestHTTPSamplers" time="0.001"/>
  <testcase name="testMakingUrl8()" classname="org.apache.jmeter.protocol.http.sampler.TestHTTPSamplers" time="0.001"/>
  <testcase name="testMakingUrl9()" classname="org.apache.jmeter.protocol.http.sampler.TestHTTPSamplers" time="0.001"/>
  <testcase name="testSetAndGetFilename()" classname="org.apache.jmeter.protocol.http.sampler.TestHTTPSamplers" time="0.001"/>
  <testcase name="testArgumentWithoutEquals()" classname="org.apache.jmeter.protocol.http.sampler.TestHTTPSamplers" time="0.001"/>
  <testcase name="testRedirect()" classname="org.apache.jmeter.protocol.http.sampler.TestHTTPSamplers" time="0.001"/>
  <testcase name="testFileList()" classname="org.apache.jmeter.protocol.http.sampler.TestHTTPSamplers" time="0.001"/>
  <testcase name="testParseArguments2()" classname="org.apache.jmeter.protocol.http.sampler.TestHTTPSamplers" time="0.0"/>
  <testcase name="testMakingUrl()" classname="org.apache.jmeter.protocol.http.sampler.TestHTTPSamplers" time="0.0"/>
  <system-out><![CDATA[]]></system-out>
  <system-err><![CDATA[]]></system-err>
</testsuite>
