<?xml version="1.0" encoding="UTF-8"?>
<testsuite name="org.apache.jmeter.protocol.http.control.TestHTTPMirrorThread" tests="9" skipped="0" failures="0" errors="0" timestamp="2021-02-28T11:36:59" hostname="FI-SWF-MAC-0005" time="0.84">
  <properties/>
  <testcase name="testQueryStatus" classname="org.apache.jmeter.protocol.http.control.TestHTTPMirrorThread" time="0.015"/>
  <testcase name="testQueryRedirect" classname="org.apache.jmeter.protocol.http.control.TestHTTPMirrorThread" time="0.003"/>
  <testcase name="testResponseLength" classname="org.apache.jmeter.protocol.http.control.TestHTTPMirrorThread" time="0.002"/>
  <testcase name="testSleep" classname="org.apache.jmeter.protocol.http.control.TestHTTPMirrorThread" time="0.203"/>
  <testcase name="testHeaders" classname="org.apache.jmeter.protocol.http.control.TestHTTPMirrorThread" time="0.001"/>
  <testcase name="testPostRequest" classname="org.apache.jmeter.protocol.http.control.TestHTTPMirrorThread" time="0.409"/>
  <testcase name="testCookie" classname="org.apache.jmeter.protocol.http.control.TestHTTPMirrorThread" time="0.001"/>
  <testcase name="testGetRequest" classname="org.apache.jmeter.protocol.http.control.TestHTTPMirrorThread" time="0.204"/>
  <testcase name="testStatus" classname="org.apache.jmeter.protocol.http.control.TestHTTPMirrorThread" time="0.001"/>
  <system-out><![CDATA[]]></system-out>
  <system-err><![CDATA[]]></system-err>
</testsuite>
