<?xml version="1.0" encoding="UTF-8"?>
<testsuite name="org.apache.jmeter.gui.action.ParseCurlCommandActionTest" tests="22" skipped="0" failures="0" errors="0" timestamp="2021-02-28T11:36:54" hostname="FI-SWF-MAC-0005" time="2.576">
  <properties/>
  <testcase name="testCreateCookieManager(Path)" classname="org.apache.jmeter.gui.action.ParseCurlCommandActionTest" time="0.135"/>
  <testcase name="testCreateCookieManagerHeader()" classname="org.apache.jmeter.gui.action.ParseCurlCommandActionTest" time="0.104"/>
  <testcase name="testCreateAuthManager()" classname="org.apache.jmeter.gui.action.ParseCurlCommandActionTest" time="0.078"/>
  <testcase name="testCanAddDnsResolverInHttpRequest()" classname="org.apache.jmeter.gui.action.ParseCurlCommandActionTest" time="0.046"/>
  <testcase name="testCanAddAuthManagerInHttpRequest()" classname="org.apache.jmeter.gui.action.ParseCurlCommandActionTest" time="0.082"/>
  <testcase name="testCanUpdateAuthManagerInThreadGroupt()" classname="org.apache.jmeter.gui.action.ParseCurlCommandActionTest" time="0.085"/>
  <testcase name="testConfigureTimeout()" classname="org.apache.jmeter.gui.action.ParseCurlCommandActionTest" time="0.074"/>
  <testcase name="testReadCurlCommandsFromFile(Path)" classname="org.apache.jmeter.gui.action.ParseCurlCommandActionTest" time="0.095"/>
  <testcase name="testCanAddDnsServerInHttpRequest()" classname="org.apache.jmeter.gui.action.ParseCurlCommandActionTest" time="0.098"/>
  <testcase name="testDnsServer()" classname="org.apache.jmeter.gui.action.ParseCurlCommandActionTest" time="0.049"/>
  <testcase name="testParseCommandsException2()" classname="org.apache.jmeter.gui.action.ParseCurlCommandActionTest" time="0.11"/>
  <testcase name="testCreateHeaderManager()" classname="org.apache.jmeter.gui.action.ParseCurlCommandActionTest" time="0.096"/>
  <testcase name="testCreateHttpRequest()" classname="org.apache.jmeter.gui.action.ParseCurlCommandActionTest" time="0.051"/>
  <testcase name="testParseCommands()" classname="org.apache.jmeter.gui.action.ParseCurlCommandActionTest" time="0.058"/>
  <testcase name="testCreateProxyServer()" classname="org.apache.jmeter.gui.action.ParseCurlCommandActionTest" time="0.108"/>
  <testcase name="testCreateCommentText()" classname="org.apache.jmeter.gui.action.ParseCurlCommandActionTest" time="0.723"/>
  <testcase name="testReadCurlCommandsFromTextPanel()" classname="org.apache.jmeter.gui.action.ParseCurlCommandActionTest" time="0.099"/>
  <testcase name="testCreateHttpRequestWithQuotedFilenameAsData()" classname="org.apache.jmeter.gui.action.ParseCurlCommandActionTest" time="0.08"/>
  <testcase name="testCreateDnsResolver()" classname="org.apache.jmeter.gui.action.ParseCurlCommandActionTest" time="0.063"/>
  <testcase name="testCreateSampler(Path)" classname="org.apache.jmeter.gui.action.ParseCurlCommandActionTest" time="0.076"/>
  <testcase name="testDataFormException()" classname="org.apache.jmeter.gui.action.ParseCurlCommandActionTest" time="0.18"/>
  <testcase name="testParseCommandsException()" classname="org.apache.jmeter.gui.action.ParseCurlCommandActionTest" time="0.074"/>
  <system-out><![CDATA[]]></system-out>
  <system-err><![CDATA[]]></system-err>
</testsuite>
