<?xml version="1.0" encoding="UTF-8"?>
<testsuite name="org.apache.jmeter.protocol.http.sampler.ParallelResourcesAndIpSource" tests="24" skipped="0" failures="0" errors="0" timestamp="2021-02-28T11:36:46" hostname="FI-SWF-MAC-0005" time="0.531">
  <properties/>
  <testcase name="HttpClient4, targetHost=127.0.0.1, sourceIp=/127.0.0.1" classname="org.apache.jmeter.protocol.http.sampler.ParallelResourcesAndIpSource" time="0.117"/>
  <testcase name="HttpClient4, targetHost=127.0.0.1, sourceIp=/fe80:0:0:0:0:0:0:1%lo0" classname="org.apache.jmeter.protocol.http.sampler.ParallelResourcesAndIpSource" time="0.007"/>
  <testcase name="HttpClient4, targetHost=127.0.0.1, sourceIp=/127.0.0.1" classname="org.apache.jmeter.protocol.http.sampler.ParallelResourcesAndIpSource" time="0.031"/>
  <testcase name="HttpClient4, targetHost=127.0.0.1, sourceIp=/fe80:0:0:0:0:0:0:1%lo0" classname="org.apache.jmeter.protocol.http.sampler.ParallelResourcesAndIpSource" time="0.006"/>
  <testcase name="HttpClient4, targetHost=127.0.0.1, sourceIp=/127.0.0.1" classname="org.apache.jmeter.protocol.http.sampler.ParallelResourcesAndIpSource" time="0.028"/>
  <testcase name="HttpClient4, targetHost=127.0.0.1, sourceIp=/fe80:0:0:0:0:0:0:1%lo0" classname="org.apache.jmeter.protocol.http.sampler.ParallelResourcesAndIpSource" time="0.006"/>
  <testcase name="HttpClient4, targetHost=[::1], sourceIp=/127.0.0.1" classname="org.apache.jmeter.protocol.http.sampler.ParallelResourcesAndIpSource" time="0.006"/>
  <testcase name="HttpClient4, targetHost=[::1], sourceIp=/fe80:0:0:0:0:0:0:1%lo0" classname="org.apache.jmeter.protocol.http.sampler.ParallelResourcesAndIpSource" time="0.061"/>
  <testcase name="HttpClient4, targetHost=[::1], sourceIp=/127.0.0.1" classname="org.apache.jmeter.protocol.http.sampler.ParallelResourcesAndIpSource" time="0.004"/>
  <testcase name="HttpClient4, targetHost=[::1], sourceIp=/fe80:0:0:0:0:0:0:1%lo0" classname="org.apache.jmeter.protocol.http.sampler.ParallelResourcesAndIpSource" time="0.028"/>
  <testcase name="HttpClient4, targetHost=[::1], sourceIp=/127.0.0.1" classname="org.apache.jmeter.protocol.http.sampler.ParallelResourcesAndIpSource" time="0.004"/>
  <testcase name="HttpClient4, targetHost=[::1], sourceIp=/fe80:0:0:0:0:0:0:1%lo0" classname="org.apache.jmeter.protocol.http.sampler.ParallelResourcesAndIpSource" time="0.014"/>
  <testcase name="Java, targetHost=127.0.0.1, sourceIp=/127.0.0.1" classname="org.apache.jmeter.protocol.http.sampler.ParallelResourcesAndIpSource" time="0.018"/>
  <testcase name="Java, targetHost=127.0.0.1, sourceIp=/fe80:0:0:0:0:0:0:1%lo0" classname="org.apache.jmeter.protocol.http.sampler.ParallelResourcesAndIpSource" time="0.01"/>
  <testcase name="Java, targetHost=127.0.0.1, sourceIp=/127.0.0.1" classname="org.apache.jmeter.protocol.http.sampler.ParallelResourcesAndIpSource" time="0.007"/>
  <testcase name="Java, targetHost=127.0.0.1, sourceIp=/fe80:0:0:0:0:0:0:1%lo0" classname="org.apache.jmeter.protocol.http.sampler.ParallelResourcesAndIpSource" time="0.007"/>
  <testcase name="Java, targetHost=127.0.0.1, sourceIp=/127.0.0.1" classname="org.apache.jmeter.protocol.http.sampler.ParallelResourcesAndIpSource" time="0.006"/>
  <testcase name="Java, targetHost=127.0.0.1, sourceIp=/fe80:0:0:0:0:0:0:1%lo0" classname="org.apache.jmeter.protocol.http.sampler.ParallelResourcesAndIpSource" time="0.007"/>
  <testcase name="Java, targetHost=[::1], sourceIp=/127.0.0.1" classname="org.apache.jmeter.protocol.http.sampler.ParallelResourcesAndIpSource" time="0.008"/>
  <testcase name="Java, targetHost=[::1], sourceIp=/fe80:0:0:0:0:0:0:1%lo0" classname="org.apache.jmeter.protocol.http.sampler.ParallelResourcesAndIpSource" time="0.007"/>
  <testcase name="Java, targetHost=[::1], sourceIp=/127.0.0.1" classname="org.apache.jmeter.protocol.http.sampler.ParallelResourcesAndIpSource" time="0.007"/>
  <testcase name="Java, targetHost=[::1], sourceIp=/fe80:0:0:0:0:0:0:1%lo0" classname="org.apache.jmeter.protocol.http.sampler.ParallelResourcesAndIpSource" time="0.063"/>
  <testcase name="Java, targetHost=[::1], sourceIp=/127.0.0.1" classname="org.apache.jmeter.protocol.http.sampler.ParallelResourcesAndIpSource" time="0.017"/>
  <testcase name="Java, targetHost=[::1], sourceIp=/fe80:0:0:0:0:0:0:1%lo0" classname="org.apache.jmeter.protocol.http.sampler.ParallelResourcesAndIpSource" time="0.007"/>
  <system-out><![CDATA[]]></system-out>
  <system-err><![CDATA[]]></system-err>
</testsuite>
