<?xml version="1.0" encoding="UTF-8"?>
<testsuite name="org.apache.jmeter.protocol.http.sampler.TestSerializedHTTPSampler" tests="1" skipped="0" failures="0" errors="0" timestamp="2021-02-28T11:36:45" hostname="FI-SWF-MAC-0005" time="0.817">
  <properties/>
  <testcase name="checkThatFilesAreReadRelativeToBaseDir()" classname="org.apache.jmeter.protocol.http.sampler.TestSerializedHTTPSampler" time="0.817"/>
  <system-out><![CDATA[]]></system-out>
  <system-err><![CDATA[]]></system-err>
</testsuite>
