<?xml version="1.0" encoding="UTF-8"?>
<testsuite name="org.apache.jmeter.protocol.http.sampler.TestHTTPHC4Impl" tests="4" skipped="0" failures="0" errors="0" timestamp="2021-02-28T11:36:35" hostname="FI-SWF-MAC-0005" time="5.855">
  <properties/>
  <testcase name="testNotifyFirstSampleAfterLoopRestartWhenThreadIterationIsSameUser()" classname="org.apache.jmeter.protocol.http.sampler.TestHTTPHC4Impl" time="5.211"/>
  <testcase name="testParameterWithMimeTypeWithCharset()" classname="org.apache.jmeter.protocol.http.sampler.TestHTTPHC4Impl" time="0.231"/>
  <testcase name="testNotifyFirstSampleAfterLoopRestartWhenThreadIterationIsANewUser()" classname="org.apache.jmeter.protocol.http.sampler.TestHTTPHC4Impl" time="0.204"/>
  <testcase name="testFileargWithMimeTypeWithCharset()" classname="org.apache.jmeter.protocol.http.sampler.TestHTTPHC4Impl" time="0.207"/>
  <system-out><![CDATA[]]></system-out>
  <system-err><![CDATA[]]></system-err>
</testsuite>
