<?xml version="1.0" encoding="UTF-8"?>
<testsuite name="org.apache.jmeter.protocol.tcp.sampler.TCPClientDecoratorTest" tests="3" skipped="0" failures="0" errors="0" timestamp="2021-02-28T11:37:08" hostname="FI-SWF-MAC-0005" time="0.005">
  <properties/>
  <testcase name="testLoopBack()" classname="org.apache.jmeter.protocol.tcp.sampler.TCPClientDecoratorTest" time="0.001"/>
  <testcase name="testIntToByteArray()" classname="org.apache.jmeter.protocol.tcp.sampler.TCPClientDecoratorTest" time="0.002"/>
  <testcase name="testByteArrayToInt()" classname="org.apache.jmeter.protocol.tcp.sampler.TCPClientDecoratorTest" time="0.0"/>
  <system-out><![CDATA[]]></system-out>
  <system-err><![CDATA[]]></system-err>
</testsuite>
