<?xml version="1.0" encoding="UTF-8"?>
<testsuite name="org.apache.jmeter.protocol.bolt.sampler.BoltSamplerSpec" tests="4" skipped="0" failures="0" errors="0" timestamp="2021-02-28T11:36:16" hostname="FI-SWF-MAC-0005" time="4.995">
  <properties/>
  <testcase name="should execute return success on successful query" classname="org.apache.jmeter.protocol.bolt.sampler.BoltSamplerSpec" time="4.202"/>
  <testcase name="should return error on failed query" classname="org.apache.jmeter.protocol.bolt.sampler.BoltSamplerSpec" time="0.104"/>
  <testcase name="should return error on invalid parameters" classname="org.apache.jmeter.protocol.bolt.sampler.BoltSamplerSpec" time="0.682"/>
  <testcase name="should return db error code" classname="org.apache.jmeter.protocol.bolt.sampler.BoltSamplerSpec" time="0.006"/>
  <system-out><![CDATA[]]></system-out>
  <system-err><![CDATA[]]></system-err>
</testsuite>
