<?xml version="1.0" encoding="UTF-8"?>
<testsuite name="org.apache.jmeter.protocol.jms.sampler.render.TextMessageRendererTest" tests="7" skipped="0" failures="0" errors="0" timestamp="2021-02-28T11:36:48" hostname="FI-SWF-MAC-0005" time="0.033">
  <properties/>
  <testcase name="getValueFromFileWithOneVar(JMeterVariables)" classname="org.apache.jmeter.protocol.jms.sampler.render.TextMessageRendererTest" time="0.004"/>
  <testcase name="checkCache(JMeterVariables)" classname="org.apache.jmeter.protocol.jms.sampler.render.TextMessageRendererTest" time="0.004"/>
  <testcase name="checkNoVariable(JMeterVariables)" classname="org.apache.jmeter.protocol.jms.sampler.render.TextMessageRendererTest" time="0.004"/>
  <testcase name="getValueFromText()" classname="org.apache.jmeter.protocol.jms.sampler.render.TextMessageRendererTest" time="0.003"/>
  <testcase name="[1] UTF-8" classname="org.apache.jmeter.protocol.jms.sampler.render.TextMessageRendererTest" time="0.003"/>
  <testcase name="[2] Cp1252" classname="org.apache.jmeter.protocol.jms.sampler.render.TextMessageRendererTest" time="0.003"/>
  <testcase name="getValueFromFileWithNoVar()" classname="org.apache.jmeter.protocol.jms.sampler.render.TextMessageRendererTest" time="0.003"/>
  <system-out><![CDATA[]]></system-out>
  <system-err><![CDATA[]]></system-err>
</testsuite>
